[2017-03-31 15:47:20.615] [INFO] console - Happy[1]: Version: 3.0.3. Using cache? yes. Threads: 3
[2017-03-31 15:47:20.675] [INFO] console - Happy[1]: Loaded 438 entries from cache. (0 were stale)
[2017-03-31 15:47:20.842] [INFO] console - Happy[1]: All set; signalling webpack to proceed.
[2017-03-31 15:47:20.848] [INFO] console - webpack building...
[2017-03-31 15:47:24.399] [INFO] console - Mongodb Connect Success!!!
[2017-03-31 15:47:33.699] [INFO] console - webpack built 0bf7988464533486eb88 in 13067ms
[2017-03-31 15:47:33.841] [INFO] console - Hash: [1m0bf7988464533486eb88[39m[22m
Version: webpack [1m2.2.1[39m[22m
Time: [1m13067[39m[22mms
                         [1mAsset[39m[22m     [1mSize[39m[22m  [1mChunks[39m[22m  [1m[39m[22m           [1m[39m[22m       [1mChunk Names[39m[22m
    [1m[33mjs/admin/index.js?0bf79884[39m[22m  [1m[33m3.42 MB[39m[22m    [1m0, 2[39m[22m  [1m[32m[emitted][39m[22m  [1m[33m[big][39m[22m  admin/index
        [1m[32mjs/extends.js?0bf79884[39m[22m   2.8 kB    [1m1, 2[39m[22m  [1m[32m[emitted][39m[22m         extends
                  [1m[32mjs/vendor.js[39m[22m  5.78 kB       [1m2[39m[22m  [1m[32m[emitted][39m[22m         vendor
[1m[33mjs/admin/index.js.map?0bf79884[39m[22m  [1m[33m7.35 MB[39m[22m    [1m0, 2[39m[22m  [1m[32m[emitted][39m[22m  [1m[33m[big][39m[22m  admin/index
    [1m[32mjs/extends.js.map?0bf79884[39m[22m  1.34 kB    [1m1, 2[39m[22m  [1m[32m[emitted][39m[22m         extends
              [1m[32mjs/vendor.js.map[39m[22m  5.84 kB       [1m2[39m[22m  [1m[32m[emitted][39m[22m         vendor
chunk    {[1m[33m0[39m[22m} [1m[32mjs/admin/index.js?0bf79884, js/admin/index.js.map?0bf79884[39m[22m (admin/index) 3.4 MB {[1m[33m2[39m[22m}[1m[33m [initial][39m[22m[1m[32m [rendered][39m[22m
    [0] [1mexternal "React"[39m[22m 42 bytes {[1m[33m0[39m[22m}[1m[31m [not cacheable][39m[22m
    [4] [1mexternal "ReactDOM"[39m[22m 42 bytes {[1m[33m0[39m[22m}[1m[31m [not cacheable][39m[22m
   [14] [1m./public/src/js_components/react-router/modules/index.js[39m[22m 3.62 kB {[1m[33m0[39m[22m}[1m[32m [built][39m[22m
   [85] [1m./~/react-router-redux/src/index.js[39m[22m 1.96 kB {[1m[33m0[39m[22m}[1m[32m [built][39m[22m
   [86] [1m./public/src/js/admin/components/user.jsx[39m[22m 4.82 kB {[1m[33m0[39m[22m}[1m[32m [built][39m[22m
  [128] [1m./~/jquery/dist/jquery.min.js[39m[22m 125 kB {[1m[33m0[39m[22m}[1m[32m [built][39m[22m
  [129] [1m./public/src/js/admin/components/app.jsx[39m[22m 5.82 kB {[1m[33m0[39m[22m}[1m[32m [built][39m[22m
  [130] [1m./public/src/js/admin/components/dashboard.jsx[39m[22m 3.48 kB {[1m[33m0[39m[22m}[1m[32m [built][39m[22m
  [131] [1m./public/src/js/admin/components/product/addproduct.jsx[39m[22m 2.62 kB {[1m[33m0[39m[22m}[1m[32m [built][39m[22m
  [132] [1m./public/src/js/admin/components/product/classify.jsx[39m[22m 2.34 kB {[1m[33m0[39m[22m}[1m[32m [built][39m[22m
  [133] [1m./public/src/js/admin/components/product/list.jsx[39m[22m 3.99 kB {[1m[33m0[39m[22m}[1m[32m [built][39m[22m
  [134] [1m./public/src/js/admin/components/product/product.jsx[39m[22m 6.43 kB {[1m[33m0[39m[22m}[1m[32m [built][39m[22m
  [135] [1m./public/src/js/admin/redux/config_store.js[39m[22m 792 bytes {[1m[33m0[39m[22m}[1m[32m [built][39m[22m
  [136] [1m./~/antd/dist/antd.css[39m[22m 856 bytes {[1m[33m0[39m[22m}[1m[32m [built][39m[22m
  [291] [1m./public/src/js/admin/index.jsx[39m[22m 2.98 kB {[1m[33m0[39m[22m}[1m[32m [built][39m[22m
     + 265 hidden modules
chunk    {[1m[33m1[39m[22m} [1m[32mjs/extends.js?0bf79884, js/extends.js.map?0bf79884[39m[22m (extends) 2.64 kB {[1m[33m2[39m[22m}[1m[33m [initial][39m[22m[1m[32m [rendered][39m[22m
  [292] [1m./public/src/js/extends.js[39m[22m 2.64 kB {[1m[33m1[39m[22m}[1m[32m [built][39m[22m
chunk    {[1m[33m2[39m[22m} [1m[32mjs/vendor.js, js/vendor.js.map[39m[22m (vendor) 0 bytes[1m[33m [entry][39m[22m[1m[32m [rendered][39m[22m

[1m[31mERROR in Entry module not found: Error: Can't resolve './public/src/js/admin/login.jsx' in '/Users/creator/workspace/furuida'[39m[22m
[2017-03-31 15:48:00.708] [INFO] ::1 - GET /admin Mozilla/5.0 (Macintosh; Intel Mac OS X 10_12_3) AppleWebKit/537.36 (KHTML, like Gecko) Chrome/56.0.2924.87 Safari/537.36
[2017-03-31 15:48:15.833] [INFO] ::1 - GET /admin Mozilla/5.0 (Macintosh; Intel Mac OS X 10_12_3) AppleWebKit/537.36 (KHTML, like Gecko) Chrome/56.0.2924.87 Safari/537.36
[2017-03-31 15:49:43.231] [ERROR] console - Connection Error: Error: connection timeout
    at Db.<anonymous> (/Users/creator/workspace/furuida/node_modules/mongoose/lib/drivers/node-mongodb-native/connection.js:169:17)
    at emitTwo (events.js:106:13)
    at Db.emit (events.js:191:7)
    at Server.listener (/Users/creator/workspace/furuida/node_modules/mongodb/lib/db.js:1798:14)
    at emitOne (events.js:96:13)
    at Server.emit (events.js:188:7)
    at Server.<anonymous> (/Users/creator/workspace/furuida/node_modules/mongodb/lib/server.js:274:14)
    at emitOne (events.js:96:13)
    at Server.emit (events.js:188:7)
    at Pool.<anonymous> (/Users/creator/workspace/furuida/node_modules/mongodb-core/lib/topologies/server.js:335:12)
    at emitOne (events.js:96:13)
    at Pool.emit (events.js:188:7)
    at Connection.<anonymous> (/Users/creator/workspace/furuida/node_modules/mongodb-core/lib/connection/pool.js:270:12)
    at Connection.g (events.js:291:16)
    at emitTwo (events.js:106:13)
    at Connection.emit (events.js:191:7)
    at Socket.<anonymous> (/Users/creator/workspace/furuida/node_modules/mongodb-core/lib/connection/connection.js:185:10)
    at Socket.g (events.js:291:16)
    at emitNone (events.js:86:13)
    at Socket.emit (events.js:185:7)
    at Socket._onTimeout (net.js:339:8)
    at ontimeout (timers.js:365:14)
[2017-03-31 15:54:42.860] [ERROR] console - Connection Error: Error: connection timeout
    at Db.<anonymous> (/Users/creator/workspace/furuida/node_modules/mongoose/lib/drivers/node-mongodb-native/connection.js:169:17)
    at emitTwo (events.js:106:13)
    at Db.emit (events.js:191:7)
    at Server.listener (/Users/creator/workspace/furuida/node_modules/mongodb/lib/db.js:1798:14)
    at emitOne (events.js:96:13)
    at Server.emit (events.js:188:7)
    at Server.<anonymous> (/Users/creator/workspace/furuida/node_modules/mongodb/lib/server.js:274:14)
    at emitOne (events.js:96:13)
    at Server.emit (events.js:188:7)
    at Pool.<anonymous> (/Users/creator/workspace/furuida/node_modules/mongodb-core/lib/topologies/server.js:335:12)
    at emitOne (events.js:96:13)
    at Pool.emit (events.js:188:7)
    at Connection.<anonymous> (/Users/creator/workspace/furuida/node_modules/mongodb-core/lib/connection/pool.js:270:12)
    at emitTwo (events.js:106:13)
    at Connection.emit (events.js:191:7)
    at Socket.<anonymous> (/Users/creator/workspace/furuida/node_modules/mongodb-core/lib/connection/connection.js:185:10)
    at Socket.g (events.js:291:16)
    at emitNone (events.js:86:13)
    at Socket.emit (events.js:185:7)
    at Socket._onTimeout (net.js:339:8)
    at ontimeout (timers.js:365:14)
    at tryOnTimeout (timers.js:237:5)
[2017-03-31 15:56:11.094] [ERROR] console - Connection Error: Error: connection timeout
    at Db.<anonymous> (/Users/creator/workspace/furuida/node_modules/mongoose/lib/drivers/node-mongodb-native/connection.js:169:17)
    at emitTwo (events.js:106:13)
    at Db.emit (events.js:191:7)
    at Server.listener (/Users/creator/workspace/furuida/node_modules/mongodb/lib/db.js:1798:14)
    at emitOne (events.js:96:13)
    at Server.emit (events.js:188:7)
    at Server.<anonymous> (/Users/creator/workspace/furuida/node_modules/mongodb/lib/server.js:274:14)
    at emitOne (events.js:96:13)
    at Server.emit (events.js:188:7)
    at Pool.<anonymous> (/Users/creator/workspace/furuida/node_modules/mongodb-core/lib/topologies/server.js:335:12)
    at emitOne (events.js:96:13)
    at Pool.emit (events.js:188:7)
    at Connection.<anonymous> (/Users/creator/workspace/furuida/node_modules/mongodb-core/lib/connection/pool.js:270:12)
    at emitTwo (events.js:106:13)
    at Connection.emit (events.js:191:7)
    at Socket.<anonymous> (/Users/creator/workspace/furuida/node_modules/mongodb-core/lib/connection/connection.js:185:10)
    at Socket.g (events.js:291:16)
    at emitNone (events.js:86:13)
    at Socket.emit (events.js:185:7)
    at Socket._onTimeout (net.js:339:8)
    at ontimeout (timers.js:365:14)
    at tryOnTimeout (timers.js:237:5)
[2017-03-31 15:56:18.101] [ERROR] console - Connection Error: Error: connection timeout
    at Db.<anonymous> (/Users/creator/workspace/furuida/node_modules/mongoose/lib/drivers/node-mongodb-native/connection.js:169:17)
    at emitTwo (events.js:106:13)
    at Db.emit (events.js:191:7)
    at Server.listener (/Users/creator/workspace/furuida/node_modules/mongodb/lib/db.js:1798:14)
    at emitOne (events.js:96:13)
    at Server.emit (events.js:188:7)
    at Server.<anonymous> (/Users/creator/workspace/furuida/node_modules/mongodb/lib/server.js:274:14)
    at emitOne (events.js:96:13)
    at Server.emit (events.js:188:7)
    at Pool.<anonymous> (/Users/creator/workspace/furuida/node_modules/mongodb-core/lib/topologies/server.js:335:12)
    at emitOne (events.js:96:13)
    at Pool.emit (events.js:188:7)
    at Connection.<anonymous> (/Users/creator/workspace/furuida/node_modules/mongodb-core/lib/connection/pool.js:270:12)
    at emitTwo (events.js:106:13)
    at Connection.emit (events.js:191:7)
    at Socket.<anonymous> (/Users/creator/workspace/furuida/node_modules/mongodb-core/lib/connection/connection.js:185:10)
    at Socket.g (events.js:291:16)
    at emitNone (events.js:86:13)
    at Socket.emit (events.js:185:7)
    at Socket._onTimeout (net.js:339:8)
    at ontimeout (timers.js:365:14)
    at tryOnTimeout (timers.js:237:5)
[2017-03-31 15:59:58.378] [ERROR] console - Connection Error: Error: connection timeout
    at Db.<anonymous> (/Users/creator/workspace/furuida/node_modules/mongoose/lib/drivers/node-mongodb-native/connection.js:169:17)
    at emitTwo (events.js:106:13)
    at Db.emit (events.js:191:7)
    at Server.listener (/Users/creator/workspace/furuida/node_modules/mongodb/lib/db.js:1798:14)
    at emitOne (events.js:96:13)
    at Server.emit (events.js:188:7)
    at Server.<anonymous> (/Users/creator/workspace/furuida/node_modules/mongodb/lib/server.js:274:14)
    at emitOne (events.js:96:13)
    at Server.emit (events.js:188:7)
    at Pool.<anonymous> (/Users/creator/workspace/furuida/node_modules/mongodb-core/lib/topologies/server.js:335:12)
    at emitOne (events.js:96:13)
    at Pool.emit (events.js:188:7)
    at Connection.<anonymous> (/Users/creator/workspace/furuida/node_modules/mongodb-core/lib/connection/pool.js:270:12)
    at emitTwo (events.js:106:13)
    at Connection.emit (events.js:191:7)
    at Socket.<anonymous> (/Users/creator/workspace/furuida/node_modules/mongodb-core/lib/connection/connection.js:185:10)
    at Socket.g (events.js:291:16)
    at emitNone (events.js:86:13)
    at Socket.emit (events.js:185:7)
    at Socket._onTimeout (net.js:339:8)
    at ontimeout (timers.js:365:14)
    at tryOnTimeout (timers.js:237:5)
[2017-03-31 16:05:14.939] [ERROR] console - Connection Error: Error: connection timeout
    at Db.<anonymous> (/Users/creator/workspace/furuida/node_modules/mongoose/lib/drivers/node-mongodb-native/connection.js:169:17)
    at emitTwo (events.js:106:13)
    at Db.emit (events.js:191:7)
    at Server.listener (/Users/creator/workspace/furuida/node_modules/mongodb/lib/db.js:1798:14)
    at emitOne (events.js:96:13)
    at Server.emit (events.js:188:7)
    at Server.<anonymous> (/Users/creator/workspace/furuida/node_modules/mongodb/lib/server.js:274:14)
    at emitOne (events.js:96:13)
    at Server.emit (events.js:188:7)
    at Pool.<anonymous> (/Users/creator/workspace/furuida/node_modules/mongodb-core/lib/topologies/server.js:335:12)
    at emitOne (events.js:96:13)
    at Pool.emit (events.js:188:7)
    at Connection.<anonymous> (/Users/creator/workspace/furuida/node_modules/mongodb-core/lib/connection/pool.js:270:12)
    at emitTwo (events.js:106:13)
    at Connection.emit (events.js:191:7)
    at Socket.<anonymous> (/Users/creator/workspace/furuida/node_modules/mongodb-core/lib/connection/connection.js:185:10)
    at Socket.g (events.js:291:16)
    at emitNone (events.js:86:13)
    at Socket.emit (events.js:185:7)
    at Socket._onTimeout (net.js:339:8)
    at ontimeout (timers.js:365:14)
    at tryOnTimeout (timers.js:237:5)
[2017-03-31 16:06:20.107] [ERROR] console - Connection Error: Error: connection timeout
    at Db.<anonymous> (/Users/creator/workspace/furuida/node_modules/mongoose/lib/drivers/node-mongodb-native/connection.js:169:17)
    at emitTwo (events.js:106:13)
    at Db.emit (events.js:191:7)
    at Server.listener (/Users/creator/workspace/furuida/node_modules/mongodb/lib/db.js:1798:14)
    at emitOne (events.js:96:13)
    at Server.emit (events.js:188:7)
    at Server.<anonymous> (/Users/creator/workspace/furuida/node_modules/mongodb/lib/server.js:274:14)
    at emitOne (events.js:96:13)
    at Server.emit (events.js:188:7)
    at Pool.<anonymous> (/Users/creator/workspace/furuida/node_modules/mongodb-core/lib/topologies/server.js:335:12)
    at emitOne (events.js:96:13)
    at Pool.emit (events.js:188:7)
    at Connection.<anonymous> (/Users/creator/workspace/furuida/node_modules/mongodb-core/lib/connection/pool.js:270:12)
    at emitTwo (events.js:106:13)
    at Connection.emit (events.js:191:7)
    at Socket.<anonymous> (/Users/creator/workspace/furuida/node_modules/mongodb-core/lib/connection/connection.js:185:10)
    at Socket.g (events.js:291:16)
    at emitNone (events.js:86:13)
    at Socket.emit (events.js:185:7)
    at Socket._onTimeout (net.js:339:8)
    at ontimeout (timers.js:365:14)
    at tryOnTimeout (timers.js:237:5)
[2017-03-31 16:15:36.117] [ERROR] console - Connection Error: Error: connection timeout
    at Db.<anonymous> (/Users/creator/workspace/furuida/node_modules/mongoose/lib/drivers/node-mongodb-native/connection.js:169:17)
    at emitTwo (events.js:106:13)
    at Db.emit (events.js:191:7)
    at Server.listener (/Users/creator/workspace/furuida/node_modules/mongodb/lib/db.js:1798:14)
    at emitOne (events.js:96:13)
    at Server.emit (events.js:188:7)
    at Server.<anonymous> (/Users/creator/workspace/furuida/node_modules/mongodb/lib/server.js:274:14)
    at emitOne (events.js:96:13)
    at Server.emit (events.js:188:7)
    at Pool.<anonymous> (/Users/creator/workspace/furuida/node_modules/mongodb-core/lib/topologies/server.js:335:12)
    at emitOne (events.js:96:13)
    at Pool.emit (events.js:188:7)
    at Connection.<anonymous> (/Users/creator/workspace/furuida/node_modules/mongodb-core/lib/connection/pool.js:270:12)
    at emitTwo (events.js:106:13)
    at Connection.emit (events.js:191:7)
    at Socket.<anonymous> (/Users/creator/workspace/furuida/node_modules/mongodb-core/lib/connection/connection.js:185:10)
    at Socket.g (events.js:291:16)
    at emitNone (events.js:86:13)
    at Socket.emit (events.js:185:7)
    at Socket._onTimeout (net.js:339:8)
    at ontimeout (timers.js:365:14)
    at tryOnTimeout (timers.js:237:5)
[2017-03-31 16:20:57.308] [ERROR] console - Connection Error: Error: connection timeout
    at Db.<anonymous> (/Users/creator/workspace/furuida/node_modules/mongoose/lib/drivers/node-mongodb-native/connection.js:169:17)
    at emitTwo (events.js:106:13)
    at Db.emit (events.js:191:7)
    at Server.listener (/Users/creator/workspace/furuida/node_modules/mongodb/lib/db.js:1798:14)
    at emitOne (events.js:96:13)
    at Server.emit (events.js:188:7)
    at Server.<anonymous> (/Users/creator/workspace/furuida/node_modules/mongodb/lib/server.js:274:14)
    at emitOne (events.js:96:13)
    at Server.emit (events.js:188:7)
    at Pool.<anonymous> (/Users/creator/workspace/furuida/node_modules/mongodb-core/lib/topologies/server.js:335:12)
    at emitOne (events.js:96:13)
    at Pool.emit (events.js:188:7)
    at Connection.<anonymous> (/Users/creator/workspace/furuida/node_modules/mongodb-core/lib/connection/pool.js:270:12)
    at emitTwo (events.js:106:13)
    at Connection.emit (events.js:191:7)
    at Socket.<anonymous> (/Users/creator/workspace/furuida/node_modules/mongodb-core/lib/connection/connection.js:185:10)
    at Socket.g (events.js:291:16)
    at emitNone (events.js:86:13)
    at Socket.emit (events.js:185:7)
    at Socket._onTimeout (net.js:339:8)
    at ontimeout (timers.js:365:14)
    at tryOnTimeout (timers.js:237:5)
[2017-03-31 16:30:36.743] [INFO] console - Happy[1]: Version: 3.0.3. Using cache? yes. Threads: 3
[2017-03-31 16:30:36.830] [INFO] console - Happy[1]: Loaded 405 entries from cache. (33 were stale)
[2017-03-31 16:30:36.991] [INFO] console - Happy[1]: All set; signalling webpack to proceed.
[2017-03-31 16:30:36.995] [INFO] console - webpack building...
[2017-03-31 16:30:37.023] [INFO] console - Mongodb Connect Success!!!
[2017-03-31 16:30:50.228] [INFO] console - webpack built 66d608659bcd46df28f0 in 13463ms
[2017-03-31 16:30:50.379] [INFO] console - Hash: [1m66d608659bcd46df28f0[39m[22m
Version: webpack [1m2.2.1[39m[22m
Time: [1m13463[39m[22mms
                         [1mAsset[39m[22m     [1mSize[39m[22m  [1mChunks[39m[22m  [1m[39m[22m           [1m[39m[22m       [1mChunk Names[39m[22m
    [1m[33mjs/admin/index.js?66d60865[39m[22m   [1m[33m3.2 MB[39m[22m    [1m0, 2[39m[22m  [1m[32m[emitted][39m[22m  [1m[33m[big][39m[22m  admin/index
        [1m[32mjs/extends.js?66d60865[39m[22m   2.8 kB    [1m1, 2[39m[22m  [1m[32m[emitted][39m[22m         extends
                  [1m[32mjs/vendor.js[39m[22m  5.78 kB       [1m2[39m[22m  [1m[32m[emitted][39m[22m         vendor
[1m[33mjs/admin/index.js.map?66d60865[39m[22m  [1m[33m6.99 MB[39m[22m    [1m0, 2[39m[22m  [1m[32m[emitted][39m[22m  [1m[33m[big][39m[22m  admin/index
    [1m[32mjs/extends.js.map?66d60865[39m[22m  1.34 kB    [1m1, 2[39m[22m  [1m[32m[emitted][39m[22m         extends
              [1m[32mjs/vendor.js.map[39m[22m  5.84 kB       [1m2[39m[22m  [1m[32m[emitted][39m[22m         vendor
chunk    {[1m[33m0[39m[22m} [1m[32mjs/admin/index.js?66d60865, js/admin/index.js.map?66d60865[39m[22m (admin/index) 3.18 MB {[1m[33m2[39m[22m}[1m[33m [initial][39m[22m[1m[32m [rendered][39m[22m
    [0] [1mexternal "React"[39m[22m 42 bytes {[1m[33m0[39m[22m}[1m[31m [not cacheable][39m[22m
    [2] [1mexternal "ReactDOM"[39m[22m 42 bytes {[1m[33m0[39m[22m}[1m[31m [not cacheable][39m[22m
    [9] [1mexternal "ReactRouter"[39m[22m 42 bytes {[1m[33m0[39m[22m}[1m[31m [not cacheable][39m[22m
   [65] [1mexternal "ReactRedux"[39m[22m 42 bytes {[1m[33m0[39m[22m}[1m[31m [not cacheable][39m[22m
   [66] [1mexternal "ReactRouterRedux"[39m[22m 42 bytes {[1m[33m0[39m[22m}[1m[31m [not cacheable][39m[22m
   [96] [1m./~/jquery/dist/jquery.min.js[39m[22m 125 kB {[1m[33m0[39m[22m}[1m[32m [built][39m[22m
   [97] [1m./public/src/js/admin/components/app.jsx[39m[22m 5.82 kB {[1m[33m0[39m[22m}[1m[32m [built][39m[22m
   [98] [1m./public/src/js/admin/components/dashboard.jsx[39m[22m 3.48 kB {[1m[33m0[39m[22m}[1m[32m [built][39m[22m
   [99] [1m./public/src/js/admin/components/product/addproduct.jsx[39m[22m 2.62 kB {[1m[33m0[39m[22m}[1m[32m [built][39m[22m
  [100] [1m./public/src/js/admin/components/product/classify.jsx[39m[22m 2.34 kB {[1m[33m0[39m[22m}[1m[32m [built][39m[22m
  [101] [1m./public/src/js/admin/components/product/list.jsx[39m[22m 3.99 kB {[1m[33m0[39m[22m}[1m[32m [built][39m[22m
  [102] [1m./public/src/js/admin/components/product/product.jsx[39m[22m 6.43 kB {[1m[33m0[39m[22m}[1m[32m [built][39m[22m
  [103] [1m./public/src/js/admin/redux/config_store.js[39m[22m 792 bytes {[1m[33m0[39m[22m}[1m[32m [built][39m[22m
  [104] [1m./~/antd/dist/antd.css[39m[22m 856 bytes {[1m[33m0[39m[22m}[1m[32m [built][39m[22m
  [234] [1m./public/src/js/admin/index.jsx[39m[22m 2.98 kB {[1m[33m0[39m[22m}[1m[32m [built][39m[22m
     + 208 hidden modules
chunk    {[1m[33m1[39m[22m} [1m[32mjs/extends.js?66d60865, js/extends.js.map?66d60865[39m[22m (extends) 2.64 kB {[1m[33m2[39m[22m}[1m[33m [initial][39m[22m[1m[32m [rendered][39m[22m
  [235] [1m./public/src/js/extends.js[39m[22m 2.64 kB {[1m[33m1[39m[22m}[1m[32m [built][39m[22m
chunk    {[1m[33m2[39m[22m} [1m[32mjs/vendor.js, js/vendor.js.map[39m[22m (vendor) 0 bytes[1m[33m [entry][39m[22m[1m[32m [rendered][39m[22m

[1m[31mERROR in Entry module not found: Error: Can't resolve './public/src/js/admin/login.jsx' in '/Users/creator/workspace/furuida'[39m[22m
[2017-03-31 16:30:52.123] [ERROR] console - Connection Error: Error: connection timeout
    at Db.<anonymous> (/Users/creator/workspace/furuida/node_modules/mongoose/lib/drivers/node-mongodb-native/connection.js:169:17)
    at emitTwo (events.js:106:13)
    at Db.emit (events.js:191:7)
    at Server.listener (/Users/creator/workspace/furuida/node_modules/mongodb/lib/db.js:1798:14)
    at emitOne (events.js:96:13)
    at Server.emit (events.js:188:7)
    at Server.<anonymous> (/Users/creator/workspace/furuida/node_modules/mongodb/lib/server.js:274:14)
    at emitOne (events.js:96:13)
    at Server.emit (events.js:188:7)
    at Pool.<anonymous> (/Users/creator/workspace/furuida/node_modules/mongodb-core/lib/topologies/server.js:335:12)
    at emitOne (events.js:96:13)
    at Pool.emit (events.js:188:7)
    at Connection.<anonymous> (/Users/creator/workspace/furuida/node_modules/mongodb-core/lib/connection/pool.js:270:12)
    at Connection.g (events.js:291:16)
    at emitTwo (events.js:106:13)
    at Connection.emit (events.js:191:7)
    at Socket.<anonymous> (/Users/creator/workspace/furuida/node_modules/mongodb-core/lib/connection/connection.js:185:10)
    at Socket.g (events.js:291:16)
    at emitNone (events.js:86:13)
    at Socket.emit (events.js:185:7)
    at Socket._onTimeout (net.js:339:8)
    at ontimeout (timers.js:365:14)
[2017-03-31 16:31:06.560] [ERROR] console - Connection Error: Error: connection timeout
    at Db.<anonymous> (/Users/creator/workspace/furuida/node_modules/mongoose/lib/drivers/node-mongodb-native/connection.js:169:17)
    at emitTwo (events.js:106:13)
    at Db.emit (events.js:191:7)
    at Server.listener (/Users/creator/workspace/furuida/node_modules/mongodb/lib/db.js:1798:14)
    at emitOne (events.js:96:13)
    at Server.emit (events.js:188:7)
    at Server.<anonymous> (/Users/creator/workspace/furuida/node_modules/mongodb/lib/server.js:274:14)
    at emitOne (events.js:96:13)
    at Server.emit (events.js:188:7)
    at Pool.<anonymous> (/Users/creator/workspace/furuida/node_modules/mongodb-core/lib/topologies/server.js:335:12)
    at emitOne (events.js:96:13)
    at Pool.emit (events.js:188:7)
    at Connection.<anonymous> (/Users/creator/workspace/furuida/node_modules/mongodb-core/lib/connection/pool.js:270:12)
    at emitTwo (events.js:106:13)
    at Connection.emit (events.js:191:7)
    at Socket.<anonymous> (/Users/creator/workspace/furuida/node_modules/mongodb-core/lib/connection/connection.js:185:10)
    at Socket.g (events.js:291:16)
    at emitNone (events.js:86:13)
    at Socket.emit (events.js:185:7)
    at Socket._onTimeout (net.js:339:8)
    at ontimeout (timers.js:365:14)
    at tryOnTimeout (timers.js:237:5)
[2017-03-31 16:31:27.559] [INFO] ::1 - GET /admin Mozilla/5.0 (Macintosh; Intel Mac OS X 10_12_3) AppleWebKit/537.36 (KHTML, like Gecko) Chrome/56.0.2924.87 Safari/537.36
[2017-03-31 16:31:56.820] [INFO] console - Happy[1]: Version: 3.0.3. Using cache? yes. Threads: 3
[2017-03-31 16:31:56.860] [INFO] console - Happy[1]: Loaded 405 entries from cache. (0 were stale)
[2017-03-31 16:31:57.008] [INFO] console - Happy[1]: All set; signalling webpack to proceed.
[2017-03-31 16:31:57.015] [INFO] console - webpack building...
[2017-03-31 16:32:14.556] [INFO] console - webpack built 66d608659bcd46df28f0 in 17702ms
[2017-03-31 16:32:14.793] [INFO] console - Hash: [1m66d608659bcd46df28f0[39m[22m
Version: webpack [1m2.2.1[39m[22m
Time: [1m17702[39m[22mms
                         [1mAsset[39m[22m     [1mSize[39m[22m  [1mChunks[39m[22m  [1m[39m[22m           [1m[39m[22m       [1mChunk Names[39m[22m
    [1m[33mjs/admin/index.js?66d60865[39m[22m   [1m[33m3.2 MB[39m[22m    [1m0, 2[39m[22m  [1m[32m[emitted][39m[22m  [1m[33m[big][39m[22m  admin/index
        [1m[32mjs/extends.js?66d60865[39m[22m   2.8 kB    [1m1, 2[39m[22m  [1m[32m[emitted][39m[22m         extends
                  [1m[32mjs/vendor.js[39m[22m  5.78 kB       [1m2[39m[22m  [1m[32m[emitted][39m[22m         vendor
[1m[33mjs/admin/index.js.map?66d60865[39m[22m  [1m[33m6.99 MB[39m[22m    [1m0, 2[39m[22m  [1m[32m[emitted][39m[22m  [1m[33m[big][39m[22m  admin/index
    [1m[32mjs/extends.js.map?66d60865[39m[22m  1.34 kB    [1m1, 2[39m[22m  [1m[32m[emitted][39m[22m         extends
              [1m[32mjs/vendor.js.map[39m[22m  5.84 kB       [1m2[39m[22m  [1m[32m[emitted][39m[22m         vendor
chunk    {[1m[33m0[39m[22m} [1m[32mjs/admin/index.js?66d60865, js/admin/index.js.map?66d60865[39m[22m (admin/index) 3.18 MB {[1m[33m2[39m[22m}[1m[33m [initial][39m[22m[1m[32m [rendered][39m[22m
    [0] [1mexternal "React"[39m[22m 42 bytes {[1m[33m0[39m[22m}[1m[31m [not cacheable][39m[22m
    [2] [1mexternal "ReactDOM"[39m[22m 42 bytes {[1m[33m0[39m[22m}[1m[31m [not cacheable][39m[22m
    [9] [1mexternal "ReactRouter"[39m[22m 42 bytes {[1m[33m0[39m[22m}[1m[31m [not cacheable][39m[22m
   [65] [1mexternal "ReactRedux"[39m[22m 42 bytes {[1m[33m0[39m[22m}[1m[31m [not cacheable][39m[22m
   [66] [1mexternal "ReactRouterRedux"[39m[22m 42 bytes {[1m[33m0[39m[22m}[1m[31m [not cacheable][39m[22m
   [96] [1m./~/jquery/dist/jquery.min.js[39m[22m 125 kB {[1m[33m0[39m[22m}[1m[32m [built][39m[22m
   [97] [1m./public/src/js/admin/components/app.jsx[39m[22m 5.82 kB {[1m[33m0[39m[22m}[1m[32m [built][39m[22m
   [98] [1m./public/src/js/admin/components/dashboard.jsx[39m[22m 3.48 kB {[1m[33m0[39m[22m}[1m[32m [built][39m[22m
   [99] [1m./public/src/js/admin/components/product/addproduct.jsx[39m[22m 2.62 kB {[1m[33m0[39m[22m}[1m[32m [built][39m[22m
  [100] [1m./public/src/js/admin/components/product/classify.jsx[39m[22m 2.34 kB {[1m[33m0[39m[22m}[1m[32m [built][39m[22m
  [101] [1m./public/src/js/admin/components/product/list.jsx[39m[22m 3.99 kB {[1m[33m0[39m[22m}[1m[32m [built][39m[22m
  [102] [1m./public/src/js/admin/components/product/product.jsx[39m[22m 6.43 kB {[1m[33m0[39m[22m}[1m[32m [built][39m[22m
  [103] [1m./public/src/js/admin/redux/config_store.js[39m[22m 792 bytes {[1m[33m0[39m[22m}[1m[32m [built][39m[22m
  [104] [1m./~/antd/dist/antd.css[39m[22m 856 bytes {[1m[33m0[39m[22m}[1m[32m [built][39m[22m
  [234] [1m./public/src/js/admin/index.jsx[39m[22m 2.98 kB {[1m[33m0[39m[22m}[1m[32m [built][39m[22m
     + 208 hidden modules
chunk    {[1m[33m1[39m[22m} [1m[32mjs/extends.js?66d60865, js/extends.js.map?66d60865[39m[22m (extends) 2.64 kB {[1m[33m2[39m[22m}[1m[33m [initial][39m[22m[1m[32m [rendered][39m[22m
  [235] [1m./public/src/js/extends.js[39m[22m 2.64 kB {[1m[33m1[39m[22m}[1m[32m [built][39m[22m
chunk    {[1m[33m2[39m[22m} [1m[32mjs/vendor.js, js/vendor.js.map[39m[22m (vendor) 0 bytes[1m[33m [entry][39m[22m[1m[32m [rendered][39m[22m

[1m[31mERROR in Entry module not found: Error: Can't resolve './public/src/js/admin/login.jsx' in '/Users/creator/workspace/furuida'[39m[22m
[2017-03-31 16:32:14.883] [INFO] console - Mongodb Connect Success!!!
[2017-03-31 16:32:16.110] [INFO] ::1 - GET /admin Mozilla/5.0 (Macintosh; Intel Mac OS X 10_12_3) AppleWebKit/537.36 (KHTML, like Gecko) Chrome/56.0.2924.87 Safari/537.36
[2017-03-31 16:33:07.623] [ERROR] console - Connection Error: Error: connection timeout
    at Db.<anonymous> (/Users/creator/workspace/furuida/node_modules/mongoose/lib/drivers/node-mongodb-native/connection.js:169:17)
    at emitTwo (events.js:106:13)
    at Db.emit (events.js:191:7)
    at Server.listener (/Users/creator/workspace/furuida/node_modules/mongodb/lib/db.js:1798:14)
    at emitOne (events.js:96:13)
    at Server.emit (events.js:188:7)
    at Server.<anonymous> (/Users/creator/workspace/furuida/node_modules/mongodb/lib/server.js:274:14)
    at emitOne (events.js:96:13)
    at Server.emit (events.js:188:7)
    at Pool.<anonymous> (/Users/creator/workspace/furuida/node_modules/mongodb-core/lib/topologies/server.js:335:12)
    at emitOne (events.js:96:13)
    at Pool.emit (events.js:188:7)
    at Connection.<anonymous> (/Users/creator/workspace/furuida/node_modules/mongodb-core/lib/connection/pool.js:270:12)
    at Connection.g (events.js:291:16)
    at emitTwo (events.js:106:13)
    at Connection.emit (events.js:191:7)
    at Socket.<anonymous> (/Users/creator/workspace/furuida/node_modules/mongodb-core/lib/connection/connection.js:185:10)
    at Socket.g (events.js:291:16)
    at emitNone (events.js:86:13)
    at Socket.emit (events.js:185:7)
    at Socket._onTimeout (net.js:339:8)
    at ontimeout (timers.js:365:14)
[2017-03-31 16:33:18.666] [INFO] console - webpack building...
[2017-03-31 16:33:29.379] [INFO] console - webpack built 0c02bf443da70eb01db8 in 10698ms
[2017-03-31 16:33:29.399] [INFO] console - Hash: [1m0c02bf443da70eb01db8[39m[22m
Version: webpack [1m2.2.1[39m[22m
Time: [1m10698[39m[22mms
                         [1mAsset[39m[22m     [1mSize[39m[22m  [1mChunks[39m[22m  [1m[39m[22m           [1m[39m[22m       [1mChunk Names[39m[22m
    [1m[33mjs/admin/index.js?0c02bf44[39m[22m   [1m[33m3.2 MB[39m[22m    [1m0, 2[39m[22m  [1m[32m[emitted][39m[22m  [1m[33m[big][39m[22m  admin/index
        [1m[32mjs/extends.js?0c02bf44[39m[22m  2.75 kB    [1m1, 2[39m[22m  [1m[32m[emitted][39m[22m         extends
                  [1m[32mjs/vendor.js[39m[22m  5.78 kB       [1m2[39m[22m  [1m[32m[emitted][39m[22m         vendor
        [1m[32mjs/extends.js?66d60865[39m[22m   2.8 kB    [1m1, 2[39m[22m  [1m[32m[39m[22m                  extends
    [1m[32mjs/extends.js.map?66d60865[39m[22m  1.34 kB    [1m1, 2[39m[22m  [1m[32m[39m[22m                  extends
[1m[33mjs/admin/index.js.map?0c02bf44[39m[22m  [1m[33m6.99 MB[39m[22m    [1m0, 2[39m[22m  [1m[32m[emitted][39m[22m  [1m[33m[big][39m[22m  admin/index
              [1m[32mjs/vendor.js.map[39m[22m  5.84 kB       [1m2[39m[22m  [1m[32m[emitted][39m[22m         vendor
chunk    {[1m[33m0[39m[22m} [1m[32mjs/admin/index.js?0c02bf44, js/admin/index.js.map?0c02bf44[39m[22m (admin/index) 3.18 MB {[1m[33m2[39m[22m}[1m[33m [initial][39m[22m[1m[32m [rendered][39m[22m
    [0] [1mexternal "React"[39m[22m 42 bytes {[1m[33m0[39m[22m}[1m[31m [not cacheable][39m[22m
    [2] [1mexternal "ReactDOM"[39m[22m 42 bytes {[1m[33m0[39m[22m}[1m[31m [not cacheable][39m[22m
    [9] [1mexternal "ReactRouter"[39m[22m 42 bytes {[1m[33m0[39m[22m}[1m[31m [not cacheable][39m[22m
   [65] [1mexternal "ReactRedux"[39m[22m 42 bytes {[1m[33m0[39m[22m}[1m[31m [not cacheable][39m[22m
   [66] [1mexternal "ReactRouterRedux"[39m[22m 42 bytes {[1m[33m0[39m[22m}[1m[31m [not cacheable][39m[22m
   [96] [1m./~/jquery/dist/jquery.min.js[39m[22m 125 kB {[1m[33m0[39m[22m}
   [97] [1m./public/src/js/admin/components/app.jsx[39m[22m 5.99 kB {[1m[33m0[39m[22m}[1m[32m [built][39m[22m
   [98] [1m./public/src/js/admin/components/dashboard.jsx[39m[22m 3.48 kB {[1m[33m0[39m[22m}
   [99] [1m./public/src/js/admin/components/product/addproduct.jsx[39m[22m 2.62 kB {[1m[33m0[39m[22m}
  [100] [1m./public/src/js/admin/components/product/classify.jsx[39m[22m 2.34 kB {[1m[33m0[39m[22m}
  [101] [1m./public/src/js/admin/components/product/list.jsx[39m[22m 3.99 kB {[1m[33m0[39m[22m}
  [102] [1m./public/src/js/admin/components/product/product.jsx[39m[22m 6.43 kB {[1m[33m0[39m[22m}
  [103] [1m./public/src/js/admin/redux/config_store.js[39m[22m 792 bytes {[1m[33m0[39m[22m}
  [104] [1m./~/antd/dist/antd.css[39m[22m 856 bytes {[1m[33m0[39m[22m}
  [234] [1m./public/src/js/admin/index.jsx[39m[22m 2.98 kB {[1m[33m0[39m[22m}
     + 208 hidden modules
chunk    {[1m[33m1[39m[22m} [1m[32mjs/extends.js?0c02bf44, js/extends.js?66d60865, js/extends.js.map?66d60865[39m[22m (extends) 2.64 kB {[1m[33m2[39m[22m}[1m[33m [initial][39m[22m
  [235] [1m./public/src/js/extends.js[39m[22m 2.64 kB {[1m[33m1[39m[22m}
chunk    {[1m[33m2[39m[22m} [1m[32mjs/vendor.js, js/vendor.js.map[39m[22m (vendor) 0 bytes[1m[33m [entry][39m[22m[1m[32m [rendered][39m[22m

[1m[31mERROR in Entry module not found: Error: Can't resolve './public/src/js/admin/login.jsx' in '/Users/creator/workspace/furuida'[39m[22m
[2017-03-31 16:33:31.780] [INFO] ::1 - GET /admin Mozilla/5.0 (Macintosh; Intel Mac OS X 10_12_3) AppleWebKit/537.36 (KHTML, like Gecko) Chrome/56.0.2924.87 Safari/537.36
[2017-03-31 16:33:44.381] [INFO] ::1 - GET /admin Mozilla/5.0 (Macintosh; Intel Mac OS X 10_12_3) AppleWebKit/537.36 (KHTML, like Gecko) Chrome/56.0.2924.87 Safari/537.36
[2017-03-31 16:33:47.201] [ERROR] console - Connection Error: Error: connection timeout
    at Db.<anonymous> (/Users/creator/workspace/furuida/node_modules/mongoose/lib/drivers/node-mongodb-native/connection.js:169:17)
    at emitTwo (events.js:106:13)
    at Db.emit (events.js:191:7)
    at Server.listener (/Users/creator/workspace/furuida/node_modules/mongodb/lib/db.js:1798:14)
    at emitOne (events.js:96:13)
    at Server.emit (events.js:188:7)
    at Server.<anonymous> (/Users/creator/workspace/furuida/node_modules/mongodb/lib/server.js:274:14)
    at emitOne (events.js:96:13)
    at Server.emit (events.js:188:7)
    at Pool.<anonymous> (/Users/creator/workspace/furuida/node_modules/mongodb-core/lib/topologies/server.js:335:12)
    at emitOne (events.js:96:13)
    at Pool.emit (events.js:188:7)
    at Connection.<anonymous> (/Users/creator/workspace/furuida/node_modules/mongodb-core/lib/connection/pool.js:270:12)
    at emitTwo (events.js:106:13)
    at Connection.emit (events.js:191:7)
    at Socket.<anonymous> (/Users/creator/workspace/furuida/node_modules/mongodb-core/lib/connection/connection.js:185:10)
    at Socket.g (events.js:291:16)
    at emitNone (events.js:86:13)
    at Socket.emit (events.js:185:7)
    at Socket._onTimeout (net.js:339:8)
    at ontimeout (timers.js:365:14)
    at tryOnTimeout (timers.js:237:5)
[2017-03-31 16:36:23.617] [ERROR] console - Connection Error: Error: connection timeout
    at Db.<anonymous> (/Users/creator/workspace/furuida/node_modules/mongoose/lib/drivers/node-mongodb-native/connection.js:169:17)
    at emitTwo (events.js:106:13)
    at Db.emit (events.js:191:7)
    at Server.listener (/Users/creator/workspace/furuida/node_modules/mongodb/lib/db.js:1798:14)
    at emitOne (events.js:96:13)
    at Server.emit (events.js:188:7)
    at Server.<anonymous> (/Users/creator/workspace/furuida/node_modules/mongodb/lib/server.js:274:14)
    at emitOne (events.js:96:13)
    at Server.emit (events.js:188:7)
    at Pool.<anonymous> (/Users/creator/workspace/furuida/node_modules/mongodb-core/lib/topologies/server.js:335:12)
    at emitOne (events.js:96:13)
    at Pool.emit (events.js:188:7)
    at Connection.<anonymous> (/Users/creator/workspace/furuida/node_modules/mongodb-core/lib/connection/pool.js:270:12)
    at emitTwo (events.js:106:13)
    at Connection.emit (events.js:191:7)
    at Socket.<anonymous> (/Users/creator/workspace/furuida/node_modules/mongodb-core/lib/connection/connection.js:185:10)
    at Socket.g (events.js:291:16)
    at emitNone (events.js:86:13)
    at Socket.emit (events.js:185:7)
    at Socket._onTimeout (net.js:339:8)
    at ontimeout (timers.js:365:14)
    at tryOnTimeout (timers.js:237:5)
[2017-03-31 16:36:42.390] [ERROR] console - Connection Error: Error: connection timeout
    at Db.<anonymous> (/Users/creator/workspace/furuida/node_modules/mongoose/lib/drivers/node-mongodb-native/connection.js:169:17)
    at emitTwo (events.js:106:13)
    at Db.emit (events.js:191:7)
    at Server.listener (/Users/creator/workspace/furuida/node_modules/mongodb/lib/db.js:1798:14)
    at emitOne (events.js:96:13)
    at Server.emit (events.js:188:7)
    at Server.<anonymous> (/Users/creator/workspace/furuida/node_modules/mongodb/lib/server.js:274:14)
    at emitOne (events.js:96:13)
    at Server.emit (events.js:188:7)
    at Pool.<anonymous> (/Users/creator/workspace/furuida/node_modules/mongodb-core/lib/topologies/server.js:335:12)
    at emitOne (events.js:96:13)
    at Pool.emit (events.js:188:7)
    at Connection.<anonymous> (/Users/creator/workspace/furuida/node_modules/mongodb-core/lib/connection/pool.js:270:12)
    at emitTwo (events.js:106:13)
    at Connection.emit (events.js:191:7)
    at Socket.<anonymous> (/Users/creator/workspace/furuida/node_modules/mongodb-core/lib/connection/connection.js:185:10)
    at Socket.g (events.js:291:16)
    at emitNone (events.js:86:13)
    at Socket.emit (events.js:185:7)
    at Socket._onTimeout (net.js:339:8)
    at ontimeout (timers.js:365:14)
    at tryOnTimeout (timers.js:237:5)
[2017-03-31 16:42:03.125] [ERROR] console - Connection Error: Error: connection timeout
    at Db.<anonymous> (/Users/creator/workspace/furuida/node_modules/mongoose/lib/drivers/node-mongodb-native/connection.js:169:17)
    at emitTwo (events.js:106:13)
    at Db.emit (events.js:191:7)
    at Server.listener (/Users/creator/workspace/furuida/node_modules/mongodb/lib/db.js:1798:14)
    at emitOne (events.js:96:13)
    at Server.emit (events.js:188:7)
    at Server.<anonymous> (/Users/creator/workspace/furuida/node_modules/mongodb/lib/server.js:274:14)
    at emitOne (events.js:96:13)
    at Server.emit (events.js:188:7)
    at Pool.<anonymous> (/Users/creator/workspace/furuida/node_modules/mongodb-core/lib/topologies/server.js:335:12)
    at emitOne (events.js:96:13)
    at Pool.emit (events.js:188:7)
    at Connection.<anonymous> (/Users/creator/workspace/furuida/node_modules/mongodb-core/lib/connection/pool.js:270:12)
    at emitTwo (events.js:106:13)
    at Connection.emit (events.js:191:7)
    at Socket.<anonymous> (/Users/creator/workspace/furuida/node_modules/mongodb-core/lib/connection/connection.js:185:10)
    at Socket.g (events.js:291:16)
    at emitNone (events.js:86:13)
    at Socket.emit (events.js:185:7)
    at Socket._onTimeout (net.js:339:8)
    at ontimeout (timers.js:365:14)
    at tryOnTimeout (timers.js:237:5)
[2017-03-31 16:46:50.762] [ERROR] console - Connection Error: Error: connection timeout
    at Db.<anonymous> (/Users/creator/workspace/furuida/node_modules/mongoose/lib/drivers/node-mongodb-native/connection.js:169:17)
    at emitTwo (events.js:106:13)
    at Db.emit (events.js:191:7)
    at Server.listener (/Users/creator/workspace/furuida/node_modules/mongodb/lib/db.js:1798:14)
    at emitOne (events.js:96:13)
    at Server.emit (events.js:188:7)
    at Server.<anonymous> (/Users/creator/workspace/furuida/node_modules/mongodb/lib/server.js:274:14)
    at emitOne (events.js:96:13)
    at Server.emit (events.js:188:7)
    at Pool.<anonymous> (/Users/creator/workspace/furuida/node_modules/mongodb-core/lib/topologies/server.js:335:12)
    at emitOne (events.js:96:13)
    at Pool.emit (events.js:188:7)
    at Connection.<anonymous> (/Users/creator/workspace/furuida/node_modules/mongodb-core/lib/connection/pool.js:270:12)
    at emitTwo (events.js:106:13)
    at Connection.emit (events.js:191:7)
    at Socket.<anonymous> (/Users/creator/workspace/furuida/node_modules/mongodb-core/lib/connection/connection.js:185:10)
    at Socket.g (events.js:291:16)
    at emitNone (events.js:86:13)
    at Socket.emit (events.js:185:7)
    at Socket._onTimeout (net.js:339:8)
    at ontimeout (timers.js:365:14)
    at tryOnTimeout (timers.js:237:5)
[2017-03-31 16:52:44.532] [ERROR] console - Connection Error: Error: connection timeout
    at Db.<anonymous> (/Users/creator/workspace/furuida/node_modules/mongoose/lib/drivers/node-mongodb-native/connection.js:169:17)
    at emitTwo (events.js:106:13)
    at Db.emit (events.js:191:7)
    at Server.listener (/Users/creator/workspace/furuida/node_modules/mongodb/lib/db.js:1798:14)
    at emitOne (events.js:96:13)
    at Server.emit (events.js:188:7)
    at Server.<anonymous> (/Users/creator/workspace/furuida/node_modules/mongodb/lib/server.js:274:14)
    at emitOne (events.js:96:13)
    at Server.emit (events.js:188:7)
    at Pool.<anonymous> (/Users/creator/workspace/furuida/node_modules/mongodb-core/lib/topologies/server.js:335:12)
    at emitOne (events.js:96:13)
    at Pool.emit (events.js:188:7)
    at Connection.<anonymous> (/Users/creator/workspace/furuida/node_modules/mongodb-core/lib/connection/pool.js:270:12)
    at emitTwo (events.js:106:13)
    at Connection.emit (events.js:191:7)
    at Socket.<anonymous> (/Users/creator/workspace/furuida/node_modules/mongodb-core/lib/connection/connection.js:185:10)
    at Socket.g (events.js:291:16)
    at emitNone (events.js:86:13)
    at Socket.emit (events.js:185:7)
    at Socket._onTimeout (net.js:339:8)
    at ontimeout (timers.js:365:14)
    at tryOnTimeout (timers.js:237:5)
[2017-03-31 16:53:33.667] [ERROR] console - Connection Error: Error: connection timeout
    at Db.<anonymous> (/Users/creator/workspace/furuida/node_modules/mongoose/lib/drivers/node-mongodb-native/connection.js:169:17)
    at emitTwo (events.js:106:13)
    at Db.emit (events.js:191:7)
    at Server.listener (/Users/creator/workspace/furuida/node_modules/mongodb/lib/db.js:1798:14)
    at emitOne (events.js:96:13)
    at Server.emit (events.js:188:7)
    at Server.<anonymous> (/Users/creator/workspace/furuida/node_modules/mongodb/lib/server.js:274:14)
    at emitOne (events.js:96:13)
    at Server.emit (events.js:188:7)
    at Pool.<anonymous> (/Users/creator/workspace/furuida/node_modules/mongodb-core/lib/topologies/server.js:335:12)
    at emitOne (events.js:96:13)
    at Pool.emit (events.js:188:7)
    at Connection.<anonymous> (/Users/creator/workspace/furuida/node_modules/mongodb-core/lib/connection/pool.js:270:12)
    at emitTwo (events.js:106:13)
    at Connection.emit (events.js:191:7)
    at Socket.<anonymous> (/Users/creator/workspace/furuida/node_modules/mongodb-core/lib/connection/connection.js:185:10)
    at Socket.g (events.js:291:16)
    at emitNone (events.js:86:13)
    at Socket.emit (events.js:185:7)
    at Socket._onTimeout (net.js:339:8)
    at ontimeout (timers.js:365:14)
    at tryOnTimeout (timers.js:237:5)
[2017-03-31 17:07:21.808] [INFO] console - Happy[1]: Version: 3.0.3. Using cache? yes. Threads: 3
[2017-03-31 17:07:21.845] [INFO] console - Happy[1]: Loaded 405 entries from cache. (0 were stale)
[2017-03-31 17:07:21.981] [INFO] console - Happy[1]: All set; signalling webpack to proceed.
[2017-03-31 17:07:21.986] [INFO] console - webpack building...
[2017-03-31 17:07:36.670] [INFO] console - webpack built 58a08536b5d3b2cef063 in 14838ms
[2017-03-31 17:07:36.853] [INFO] console - Mongodb Connect Success!!!
[2017-03-31 17:07:43.669] [INFO] console - webpack building...
[2017-03-31 17:07:51.043] [INFO] console - webpack built 5b0e20dc48d5f54df549 in 7356ms
[2017-03-31 17:07:51.067] [INFO] ::1 - GET /admin Mozilla/5.0 (Macintosh; Intel Mac OS X 10_12_3) AppleWebKit/537.36 (KHTML, like Gecko) Chrome/56.0.2924.87 Safari/537.36
[2017-03-31 17:08:28.390] [INFO] console - webpack building...
[2017-03-31 17:08:36.018] [INFO] console - webpack built 64d2e8222fe5223544a3 in 7613ms
[2017-03-31 17:08:45.744] [INFO] ::1 - GET /admin Mozilla/5.0 (Macintosh; Intel Mac OS X 10_12_3) AppleWebKit/537.36 (KHTML, like Gecko) Chrome/56.0.2924.87 Safari/537.36
[2017-03-31 17:10:05.422] [INFO] console - Happy[1]: Version: 3.0.3. Using cache? yes. Threads: 3
[2017-03-31 17:10:05.455] [INFO] console - Happy[1]: Loaded 406 entries from cache. (0 were stale)
[2017-03-31 17:10:05.546] [INFO] console - Mongodb Connect Success!!!
[2017-03-31 17:10:05.593] [INFO] console - Happy[1]: All set; signalling webpack to proceed.
[2017-03-31 17:10:05.596] [INFO] console - webpack building...
[2017-03-31 17:10:16.979] [INFO] console - webpack built d4c8ba5a418a4356f5fd in 11535ms
[2017-03-31 17:10:20.404] [INFO] ::1 - GET /admin Mozilla/5.0 (Macintosh; Intel Mac OS X 10_12_3) AppleWebKit/537.36 (KHTML, like Gecko) Chrome/56.0.2924.87 Safari/537.36
[2017-03-31 17:11:37.506] [INFO] ::1 - GET /admin Mozilla/5.0 (Macintosh; Intel Mac OS X 10_12_3) AppleWebKit/537.36 (KHTML, like Gecko) Chrome/56.0.2924.87 Safari/537.36
[2017-03-31 17:17:19.846] [INFO] ::1 - GET /admin Mozilla/5.0 (Macintosh; Intel Mac OS X 10_12_3) AppleWebKit/537.36 (KHTML, like Gecko) Chrome/56.0.2924.87 Safari/537.36
[2017-03-31 17:17:31.190] [ERROR] console - Connection Error: Error: connection timeout
    at Db.<anonymous> (/Users/creator/workspace/furuida/node_modules/mongoose/lib/drivers/node-mongodb-native/connection.js:169:17)
    at emitTwo (events.js:106:13)
    at Db.emit (events.js:191:7)
    at Server.listener (/Users/creator/workspace/furuida/node_modules/mongodb/lib/db.js:1798:14)
    at emitOne (events.js:96:13)
    at Server.emit (events.js:188:7)
    at Server.<anonymous> (/Users/creator/workspace/furuida/node_modules/mongodb/lib/server.js:274:14)
    at emitOne (events.js:96:13)
    at Server.emit (events.js:188:7)
    at Pool.<anonymous> (/Users/creator/workspace/furuida/node_modules/mongodb-core/lib/topologies/server.js:335:12)
    at emitOne (events.js:96:13)
    at Pool.emit (events.js:188:7)
    at Connection.<anonymous> (/Users/creator/workspace/furuida/node_modules/mongodb-core/lib/connection/pool.js:270:12)
    at Connection.g (events.js:291:16)
    at emitTwo (events.js:106:13)
    at Connection.emit (events.js:191:7)
    at Socket.<anonymous> (/Users/creator/workspace/furuida/node_modules/mongodb-core/lib/connection/connection.js:185:10)
    at Socket.g (events.js:291:16)
    at emitNone (events.js:86:13)
    at Socket.emit (events.js:185:7)
    at Socket._onTimeout (net.js:339:8)
    at ontimeout (timers.js:365:14)
[2017-03-31 17:18:13.510] [ERROR] console - Connection Error: Error: connection timeout
    at Db.<anonymous> (/Users/creator/workspace/furuida/node_modules/mongoose/lib/drivers/node-mongodb-native/connection.js:169:17)
    at emitTwo (events.js:106:13)
    at Db.emit (events.js:191:7)
    at Server.listener (/Users/creator/workspace/furuida/node_modules/mongodb/lib/db.js:1798:14)
    at emitOne (events.js:96:13)
    at Server.emit (events.js:188:7)
    at Server.<anonymous> (/Users/creator/workspace/furuida/node_modules/mongodb/lib/server.js:274:14)
    at emitOne (events.js:96:13)
    at Server.emit (events.js:188:7)
    at Pool.<anonymous> (/Users/creator/workspace/furuida/node_modules/mongodb-core/lib/topologies/server.js:335:12)
    at emitOne (events.js:96:13)
    at Pool.emit (events.js:188:7)
    at Connection.<anonymous> (/Users/creator/workspace/furuida/node_modules/mongodb-core/lib/connection/pool.js:270:12)
    at emitTwo (events.js:106:13)
    at Connection.emit (events.js:191:7)
    at Socket.<anonymous> (/Users/creator/workspace/furuida/node_modules/mongodb-core/lib/connection/connection.js:185:10)
    at Socket.g (events.js:291:16)
    at emitNone (events.js:86:13)
    at Socket.emit (events.js:185:7)
    at Socket._onTimeout (net.js:339:8)
    at ontimeout (timers.js:365:14)
    at tryOnTimeout (timers.js:237:5)
[2017-03-31 17:32:34.983] [ERROR] console - Connection Error: Error: connection timeout
    at Db.<anonymous> (/Users/creator/workspace/furuida/node_modules/mongoose/lib/drivers/node-mongodb-native/connection.js:169:17)
    at emitTwo (events.js:106:13)
    at Db.emit (events.js:191:7)
    at Server.listener (/Users/creator/workspace/furuida/node_modules/mongodb/lib/db.js:1798:14)
    at emitOne (events.js:96:13)
    at Server.emit (events.js:188:7)
    at Server.<anonymous> (/Users/creator/workspace/furuida/node_modules/mongodb/lib/server.js:274:14)
    at emitOne (events.js:96:13)
    at Server.emit (events.js:188:7)
    at Pool.<anonymous> (/Users/creator/workspace/furuida/node_modules/mongodb-core/lib/topologies/server.js:335:12)
    at emitOne (events.js:96:13)
    at Pool.emit (events.js:188:7)
    at Connection.<anonymous> (/Users/creator/workspace/furuida/node_modules/mongodb-core/lib/connection/pool.js:270:12)
    at emitTwo (events.js:106:13)
    at Connection.emit (events.js:191:7)
    at Socket.<anonymous> (/Users/creator/workspace/furuida/node_modules/mongodb-core/lib/connection/connection.js:185:10)
    at Socket.g (events.js:291:16)
    at emitNone (events.js:86:13)
    at Socket.emit (events.js:185:7)
    at Socket._onTimeout (net.js:339:8)
    at ontimeout (timers.js:365:14)
    at tryOnTimeout (timers.js:237:5)
[2017-03-31 17:37:14.865] [INFO] console - Happy[1]: Version: 3.0.3. Using cache? yes. Threads: 3
[2017-03-31 17:37:14.939] [INFO] console - Happy[1]: Loaded 405 entries from cache. (1 were stale)
[2017-03-31 17:37:15.029] [INFO] console - Mongodb Connect Success!!!
[2017-03-31 17:37:15.109] [INFO] console - Happy[1]: All set; signalling webpack to proceed.
[2017-03-31 17:37:15.114] [INFO] console - webpack building...
[2017-03-31 17:37:28.491] [INFO] console - webpack built d4c8ba5a418a4356f5fd in 13604ms
[2017-03-31 17:49:01.016] [ERROR] console - Connection Error: Error: connection timeout
    at Db.<anonymous> (/Users/creator/workspace/furuida/node_modules/mongoose/lib/drivers/node-mongodb-native/connection.js:169:17)
    at emitTwo (events.js:106:13)
    at Db.emit (events.js:191:7)
    at Server.listener (/Users/creator/workspace/furuida/node_modules/mongodb/lib/db.js:1798:14)
    at emitOne (events.js:96:13)
    at Server.emit (events.js:188:7)
    at Server.<anonymous> (/Users/creator/workspace/furuida/node_modules/mongodb/lib/server.js:274:14)
    at emitOne (events.js:96:13)
    at Server.emit (events.js:188:7)
    at Pool.<anonymous> (/Users/creator/workspace/furuida/node_modules/mongodb-core/lib/topologies/server.js:335:12)
    at emitOne (events.js:96:13)
    at Pool.emit (events.js:188:7)
    at Connection.<anonymous> (/Users/creator/workspace/furuida/node_modules/mongodb-core/lib/connection/pool.js:270:12)
    at Connection.g (events.js:291:16)
    at emitTwo (events.js:106:13)
    at Connection.emit (events.js:191:7)
    at Socket.<anonymous> (/Users/creator/workspace/furuida/node_modules/mongodb-core/lib/connection/connection.js:185:10)
    at Socket.g (events.js:291:16)
    at emitNone (events.js:86:13)
    at Socket.emit (events.js:185:7)
    at Socket._onTimeout (net.js:339:8)
    at ontimeout (timers.js:365:14)
[2017-03-31 17:49:31.238] [ERROR] console - Connection Error: { DisconnectedError: Ran out of retries trying to reconnect to "120.25.241.110:20000". Try setting `server.reconnectTries` and `server.reconnectInterval` to something higher.
    at MongooseError.DisconnectedError (/Users/creator/workspace/furuida/node_modules/mongoose/lib/error/disconnected.js:21:11)
    at Server.<anonymous> (/Users/creator/workspace/furuida/node_modules/mongoose/lib/drivers/node-mongodb-native/connection.js:64:31)
    at emitOne (events.js:101:20)
    at Server.emit (events.js:188:7)
    at Pool.<anonymous> (/Users/creator/workspace/furuida/node_modules/mongodb-core/lib/topologies/server.js:317:16)
    at emitOne (events.js:96:13)
    at Pool.emit (events.js:188:7)
    at Connection.<anonymous> (/Users/creator/workspace/furuida/node_modules/mongodb-core/lib/connection/pool.js:305:16)
    at emitTwo (events.js:106:13)
    at Connection.emit (events.js:191:7)
    at Socket.<anonymous> (/Users/creator/workspace/furuida/node_modules/mongodb-core/lib/connection/connection.js:175:49)
    at Socket.g (events.js:291:16)
    at emitOne (events.js:96:13)
    at Socket.emit (events.js:188:7)
    at emitErrorNT (net.js:1276:8)
    at _combinedTickCallback (internal/process/next_tick.js:74:11)
    at process._tickCallback (internal/process/next_tick.js:98:9)
  message: 'Ran out of retries trying to reconnect to "120.25.241.110:20000". Try setting `server.reconnectTries` and `server.reconnectInterval` to something higher.',
  name: 'DisconnectedError' }
