[2017-04-05 09:17:46.174] [INFO] console - Happy[1]: Version: 3.0.3. Using cache? yes. Threads: 3
[2017-04-05 09:17:46.213] [INFO] console - Happy[1]: Loaded 407 entries from cache. (0 were stale)
[2017-04-05 09:17:46.354] [INFO] console - Mongodb Connect Success!!!
[2017-04-05 09:17:46.361] [INFO] console - Happy[1]: All set; signalling webpack to proceed.
[2017-04-05 09:17:46.364] [INFO] console - webpack building...
[2017-04-05 09:17:56.972] [INFO] console - webpack built dd34f858571c5314afb2 in 10782ms
[2017-04-05 09:18:14.076] [INFO] ::1 - GET /admin Mozilla/5.0 (Macintosh; Intel Mac OS X 10_12_3) AppleWebKit/537.36 (KHTML, like Gecko) Chrome/56.0.2924.87 Safari/537.36
[2017-04-05 09:18:16.157] [INFO] ::1 - GET /favicon.ico Mozilla/5.0 (Macintosh; Intel Mac OS X 10_12_3) AppleWebKit/537.36 (KHTML, like Gecko) Chrome/56.0.2924.87 Safari/537.36
[2017-04-05 09:41:25.819] [ERROR] console - Connection Error: Error: connection timeout
    at Db.<anonymous> (/Users/creator/workspace/furuida/node_modules/mongoose/lib/drivers/node-mongodb-native/connection.js:169:17)
    at emitTwo (events.js:106:13)
    at Db.emit (events.js:191:7)
    at Server.listener (/Users/creator/workspace/furuida/node_modules/mongodb/lib/db.js:1798:14)
    at emitOne (events.js:96:13)
    at Server.emit (events.js:188:7)
    at Server.<anonymous> (/Users/creator/workspace/furuida/node_modules/mongodb/lib/server.js:274:14)
    at emitOne (events.js:96:13)
    at Server.emit (events.js:188:7)
    at Pool.<anonymous> (/Users/creator/workspace/furuida/node_modules/mongodb-core/lib/topologies/server.js:335:12)
    at emitOne (events.js:96:13)
    at Pool.emit (events.js:188:7)
    at Connection.<anonymous> (/Users/creator/workspace/furuida/node_modules/mongodb-core/lib/connection/pool.js:270:12)
    at Connection.g (events.js:291:16)
    at emitTwo (events.js:106:13)
    at Connection.emit (events.js:191:7)
    at Socket.<anonymous> (/Users/creator/workspace/furuida/node_modules/mongodb-core/lib/connection/connection.js:185:10)
    at Socket.g (events.js:291:16)
    at emitNone (events.js:86:13)
    at Socket.emit (events.js:185:7)
    at Socket._onTimeout (net.js:339:8)
    at ontimeout (timers.js:365:14)
[2017-04-05 09:41:45.480] [ERROR] console - Connection Error: Error: connection timeout
    at Db.<anonymous> (/Users/creator/workspace/furuida/node_modules/mongoose/lib/drivers/node-mongodb-native/connection.js:169:17)
    at emitTwo (events.js:106:13)
    at Db.emit (events.js:191:7)
    at Server.listener (/Users/creator/workspace/furuida/node_modules/mongodb/lib/db.js:1798:14)
    at emitOne (events.js:96:13)
    at Server.emit (events.js:188:7)
    at Server.<anonymous> (/Users/creator/workspace/furuida/node_modules/mongodb/lib/server.js:274:14)
    at emitOne (events.js:96:13)
    at Server.emit (events.js:188:7)
    at Pool.<anonymous> (/Users/creator/workspace/furuida/node_modules/mongodb-core/lib/topologies/server.js:335:12)
    at emitOne (events.js:96:13)
    at Pool.emit (events.js:188:7)
    at Connection.<anonymous> (/Users/creator/workspace/furuida/node_modules/mongodb-core/lib/connection/pool.js:270:12)
    at emitTwo (events.js:106:13)
    at Connection.emit (events.js:191:7)
    at Socket.<anonymous> (/Users/creator/workspace/furuida/node_modules/mongodb-core/lib/connection/connection.js:185:10)
    at Socket.g (events.js:291:16)
    at emitNone (events.js:86:13)
    at Socket.emit (events.js:185:7)
    at Socket._onTimeout (net.js:339:8)
    at ontimeout (timers.js:365:14)
    at tryOnTimeout (timers.js:237:5)
[2017-04-05 09:45:08.065] [ERROR] console - Connection Error: Error: connection timeout
    at Db.<anonymous> (/Users/creator/workspace/furuida/node_modules/mongoose/lib/drivers/node-mongodb-native/connection.js:169:17)
    at emitTwo (events.js:106:13)
    at Db.emit (events.js:191:7)
    at Server.listener (/Users/creator/workspace/furuida/node_modules/mongodb/lib/db.js:1798:14)
    at emitOne (events.js:96:13)
    at Server.emit (events.js:188:7)
    at Server.<anonymous> (/Users/creator/workspace/furuida/node_modules/mongodb/lib/server.js:274:14)
    at emitOne (events.js:96:13)
    at Server.emit (events.js:188:7)
    at Pool.<anonymous> (/Users/creator/workspace/furuida/node_modules/mongodb-core/lib/topologies/server.js:335:12)
    at emitOne (events.js:96:13)
    at Pool.emit (events.js:188:7)
    at Connection.<anonymous> (/Users/creator/workspace/furuida/node_modules/mongodb-core/lib/connection/pool.js:270:12)
    at emitTwo (events.js:106:13)
    at Connection.emit (events.js:191:7)
    at Socket.<anonymous> (/Users/creator/workspace/furuida/node_modules/mongodb-core/lib/connection/connection.js:185:10)
    at Socket.g (events.js:291:16)
    at emitNone (events.js:86:13)
    at Socket.emit (events.js:185:7)
    at Socket._onTimeout (net.js:339:8)
    at ontimeout (timers.js:365:14)
    at tryOnTimeout (timers.js:237:5)
[2017-04-05 09:45:50.963] [ERROR] console - Connection Error: Error: connection timeout
    at Db.<anonymous> (/Users/creator/workspace/furuida/node_modules/mongoose/lib/drivers/node-mongodb-native/connection.js:169:17)
    at emitTwo (events.js:106:13)
    at Db.emit (events.js:191:7)
    at Server.listener (/Users/creator/workspace/furuida/node_modules/mongodb/lib/db.js:1798:14)
    at emitOne (events.js:96:13)
    at Server.emit (events.js:188:7)
    at Server.<anonymous> (/Users/creator/workspace/furuida/node_modules/mongodb/lib/server.js:274:14)
    at emitOne (events.js:96:13)
    at Server.emit (events.js:188:7)
    at Pool.<anonymous> (/Users/creator/workspace/furuida/node_modules/mongodb-core/lib/topologies/server.js:335:12)
    at emitOne (events.js:96:13)
    at Pool.emit (events.js:188:7)
    at Connection.<anonymous> (/Users/creator/workspace/furuida/node_modules/mongodb-core/lib/connection/pool.js:270:12)
    at emitTwo (events.js:106:13)
    at Connection.emit (events.js:191:7)
    at Socket.<anonymous> (/Users/creator/workspace/furuida/node_modules/mongodb-core/lib/connection/connection.js:185:10)
    at Socket.g (events.js:291:16)
    at emitNone (events.js:86:13)
    at Socket.emit (events.js:185:7)
    at Socket._onTimeout (net.js:339:8)
    at ontimeout (timers.js:365:14)
    at tryOnTimeout (timers.js:237:5)
[2017-04-05 09:46:08.091] [ERROR] console - Connection Error: Error: connection timeout
    at Db.<anonymous> (/Users/creator/workspace/furuida/node_modules/mongoose/lib/drivers/node-mongodb-native/connection.js:169:17)
    at emitTwo (events.js:106:13)
    at Db.emit (events.js:191:7)
    at Server.listener (/Users/creator/workspace/furuida/node_modules/mongodb/lib/db.js:1798:14)
    at emitOne (events.js:96:13)
    at Server.emit (events.js:188:7)
    at Server.<anonymous> (/Users/creator/workspace/furuida/node_modules/mongodb/lib/server.js:274:14)
    at emitOne (events.js:96:13)
    at Server.emit (events.js:188:7)
    at Pool.<anonymous> (/Users/creator/workspace/furuida/node_modules/mongodb-core/lib/topologies/server.js:335:12)
    at emitOne (events.js:96:13)
    at Pool.emit (events.js:188:7)
    at Connection.<anonymous> (/Users/creator/workspace/furuida/node_modules/mongodb-core/lib/connection/pool.js:270:12)
    at emitTwo (events.js:106:13)
    at Connection.emit (events.js:191:7)
    at Socket.<anonymous> (/Users/creator/workspace/furuida/node_modules/mongodb-core/lib/connection/connection.js:185:10)
    at Socket.g (events.js:291:16)
    at emitNone (events.js:86:13)
    at Socket.emit (events.js:185:7)
    at Socket._onTimeout (net.js:339:8)
    at ontimeout (timers.js:365:14)
    at tryOnTimeout (timers.js:237:5)
[2017-04-05 09:47:32.545] [ERROR] console - Connection Error: Error: connection timeout
    at Db.<anonymous> (/Users/creator/workspace/furuida/node_modules/mongoose/lib/drivers/node-mongodb-native/connection.js:169:17)
    at emitTwo (events.js:106:13)
    at Db.emit (events.js:191:7)
    at Server.listener (/Users/creator/workspace/furuida/node_modules/mongodb/lib/db.js:1798:14)
    at emitOne (events.js:96:13)
    at Server.emit (events.js:188:7)
    at Server.<anonymous> (/Users/creator/workspace/furuida/node_modules/mongodb/lib/server.js:274:14)
    at emitOne (events.js:96:13)
    at Server.emit (events.js:188:7)
    at Pool.<anonymous> (/Users/creator/workspace/furuida/node_modules/mongodb-core/lib/topologies/server.js:335:12)
    at emitOne (events.js:96:13)
    at Pool.emit (events.js:188:7)
    at Connection.<anonymous> (/Users/creator/workspace/furuida/node_modules/mongodb-core/lib/connection/pool.js:270:12)
    at emitTwo (events.js:106:13)
    at Connection.emit (events.js:191:7)
    at Socket.<anonymous> (/Users/creator/workspace/furuida/node_modules/mongodb-core/lib/connection/connection.js:185:10)
    at Socket.g (events.js:291:16)
    at emitNone (events.js:86:13)
    at Socket.emit (events.js:185:7)
    at Socket._onTimeout (net.js:339:8)
    at ontimeout (timers.js:365:14)
    at tryOnTimeout (timers.js:237:5)
[2017-04-05 09:48:26.000] [ERROR] console - Connection Error: Error: connection timeout
    at Db.<anonymous> (/Users/creator/workspace/furuida/node_modules/mongoose/lib/drivers/node-mongodb-native/connection.js:169:17)
    at emitTwo (events.js:106:13)
    at Db.emit (events.js:191:7)
    at Server.listener (/Users/creator/workspace/furuida/node_modules/mongodb/lib/db.js:1798:14)
    at emitOne (events.js:96:13)
    at Server.emit (events.js:188:7)
    at Server.<anonymous> (/Users/creator/workspace/furuida/node_modules/mongodb/lib/server.js:274:14)
    at emitOne (events.js:96:13)
    at Server.emit (events.js:188:7)
    at Pool.<anonymous> (/Users/creator/workspace/furuida/node_modules/mongodb-core/lib/topologies/server.js:335:12)
    at emitOne (events.js:96:13)
    at Pool.emit (events.js:188:7)
    at Connection.<anonymous> (/Users/creator/workspace/furuida/node_modules/mongodb-core/lib/connection/pool.js:270:12)
    at emitTwo (events.js:106:13)
    at Connection.emit (events.js:191:7)
    at Socket.<anonymous> (/Users/creator/workspace/furuida/node_modules/mongodb-core/lib/connection/connection.js:185:10)
    at Socket.g (events.js:291:16)
    at emitNone (events.js:86:13)
    at Socket.emit (events.js:185:7)
    at Socket._onTimeout (net.js:339:8)
    at ontimeout (timers.js:365:14)
    at tryOnTimeout (timers.js:237:5)
[2017-04-05 09:53:39.559] [ERROR] console - Connection Error: Error: connection timeout
    at Db.<anonymous> (/Users/creator/workspace/furuida/node_modules/mongoose/lib/drivers/node-mongodb-native/connection.js:169:17)
    at emitTwo (events.js:106:13)
    at Db.emit (events.js:191:7)
    at Server.listener (/Users/creator/workspace/furuida/node_modules/mongodb/lib/db.js:1798:14)
    at emitOne (events.js:96:13)
    at Server.emit (events.js:188:7)
    at Server.<anonymous> (/Users/creator/workspace/furuida/node_modules/mongodb/lib/server.js:274:14)
    at emitOne (events.js:96:13)
    at Server.emit (events.js:188:7)
    at Pool.<anonymous> (/Users/creator/workspace/furuida/node_modules/mongodb-core/lib/topologies/server.js:335:12)
    at emitOne (events.js:96:13)
    at Pool.emit (events.js:188:7)
    at Connection.<anonymous> (/Users/creator/workspace/furuida/node_modules/mongodb-core/lib/connection/pool.js:270:12)
    at emitTwo (events.js:106:13)
    at Connection.emit (events.js:191:7)
    at Socket.<anonymous> (/Users/creator/workspace/furuida/node_modules/mongodb-core/lib/connection/connection.js:185:10)
    at Socket.g (events.js:291:16)
    at emitNone (events.js:86:13)
    at Socket.emit (events.js:185:7)
    at Socket._onTimeout (net.js:339:8)
    at ontimeout (timers.js:365:14)
    at tryOnTimeout (timers.js:237:5)
[2017-04-05 09:57:00.006] [ERROR] console - Connection Error: Error: connection timeout
    at Db.<anonymous> (/Users/creator/workspace/furuida/node_modules/mongoose/lib/drivers/node-mongodb-native/connection.js:169:17)
    at emitTwo (events.js:106:13)
    at Db.emit (events.js:191:7)
    at Server.listener (/Users/creator/workspace/furuida/node_modules/mongodb/lib/db.js:1798:14)
    at emitOne (events.js:96:13)
    at Server.emit (events.js:188:7)
    at Server.<anonymous> (/Users/creator/workspace/furuida/node_modules/mongodb/lib/server.js:274:14)
    at emitOne (events.js:96:13)
    at Server.emit (events.js:188:7)
    at Pool.<anonymous> (/Users/creator/workspace/furuida/node_modules/mongodb-core/lib/topologies/server.js:335:12)
    at emitOne (events.js:96:13)
    at Pool.emit (events.js:188:7)
    at Connection.<anonymous> (/Users/creator/workspace/furuida/node_modules/mongodb-core/lib/connection/pool.js:270:12)
    at emitTwo (events.js:106:13)
    at Connection.emit (events.js:191:7)
    at Socket.<anonymous> (/Users/creator/workspace/furuida/node_modules/mongodb-core/lib/connection/connection.js:185:10)
    at Socket.g (events.js:291:16)
    at emitNone (events.js:86:13)
    at Socket.emit (events.js:185:7)
    at Socket._onTimeout (net.js:339:8)
    at ontimeout (timers.js:365:14)
    at tryOnTimeout (timers.js:237:5)
[2017-04-05 10:43:03.808] [ERROR] console - Connection Error: Error: connection timeout
    at Db.<anonymous> (/Users/creator/workspace/furuida/node_modules/mongoose/lib/drivers/node-mongodb-native/connection.js:169:17)
    at emitTwo (events.js:106:13)
    at Db.emit (events.js:191:7)
    at Server.listener (/Users/creator/workspace/furuida/node_modules/mongodb/lib/db.js:1798:14)
    at emitOne (events.js:96:13)
    at Server.emit (events.js:188:7)
    at Server.<anonymous> (/Users/creator/workspace/furuida/node_modules/mongodb/lib/server.js:274:14)
    at emitOne (events.js:96:13)
    at Server.emit (events.js:188:7)
    at Pool.<anonymous> (/Users/creator/workspace/furuida/node_modules/mongodb-core/lib/topologies/server.js:335:12)
    at emitOne (events.js:96:13)
    at Pool.emit (events.js:188:7)
    at Connection.<anonymous> (/Users/creator/workspace/furuida/node_modules/mongodb-core/lib/connection/pool.js:270:12)
    at emitTwo (events.js:106:13)
    at Connection.emit (events.js:191:7)
    at Socket.<anonymous> (/Users/creator/workspace/furuida/node_modules/mongodb-core/lib/connection/connection.js:185:10)
    at Socket.g (events.js:291:16)
    at emitNone (events.js:86:13)
    at Socket.emit (events.js:185:7)
    at Socket._onTimeout (net.js:339:8)
    at ontimeout (timers.js:365:14)
    at tryOnTimeout (timers.js:237:5)
[2017-04-05 12:32:22.351] [ERROR] console - Connection Error: Error: connection timeout
    at Db.<anonymous> (/Users/creator/workspace/furuida/node_modules/mongoose/lib/drivers/node-mongodb-native/connection.js:169:17)
    at emitTwo (events.js:106:13)
    at Db.emit (events.js:191:7)
    at Server.listener (/Users/creator/workspace/furuida/node_modules/mongodb/lib/db.js:1798:14)
    at emitOne (events.js:96:13)
    at Server.emit (events.js:188:7)
    at Server.<anonymous> (/Users/creator/workspace/furuida/node_modules/mongodb/lib/server.js:274:14)
    at emitOne (events.js:96:13)
    at Server.emit (events.js:188:7)
    at Pool.<anonymous> (/Users/creator/workspace/furuida/node_modules/mongodb-core/lib/topologies/server.js:335:12)
    at emitOne (events.js:96:13)
    at Pool.emit (events.js:188:7)
    at Connection.<anonymous> (/Users/creator/workspace/furuida/node_modules/mongodb-core/lib/connection/pool.js:270:12)
    at emitTwo (events.js:106:13)
    at Connection.emit (events.js:191:7)
    at Socket.<anonymous> (/Users/creator/workspace/furuida/node_modules/mongodb-core/lib/connection/connection.js:185:10)
    at Socket.g (events.js:291:16)
    at emitNone (events.js:86:13)
    at Socket.emit (events.js:185:7)
    at Socket._onTimeout (net.js:339:8)
    at ontimeout (timers.js:365:14)
    at tryOnTimeout (timers.js:237:5)
[2017-04-05 12:39:16.944] [ERROR] console - Connection Error: Error: connection timeout
    at Db.<anonymous> (/Users/creator/workspace/furuida/node_modules/mongoose/lib/drivers/node-mongodb-native/connection.js:169:17)
    at emitTwo (events.js:106:13)
    at Db.emit (events.js:191:7)
    at Server.listener (/Users/creator/workspace/furuida/node_modules/mongodb/lib/db.js:1798:14)
    at emitOne (events.js:96:13)
    at Server.emit (events.js:188:7)
    at Server.<anonymous> (/Users/creator/workspace/furuida/node_modules/mongodb/lib/server.js:274:14)
    at emitOne (events.js:96:13)
    at Server.emit (events.js:188:7)
    at Pool.<anonymous> (/Users/creator/workspace/furuida/node_modules/mongodb-core/lib/topologies/server.js:335:12)
    at emitOne (events.js:96:13)
    at Pool.emit (events.js:188:7)
    at Connection.<anonymous> (/Users/creator/workspace/furuida/node_modules/mongodb-core/lib/connection/pool.js:270:12)
    at emitTwo (events.js:106:13)
    at Connection.emit (events.js:191:7)
    at Socket.<anonymous> (/Users/creator/workspace/furuida/node_modules/mongodb-core/lib/connection/connection.js:185:10)
    at Socket.g (events.js:291:16)
    at emitNone (events.js:86:13)
    at Socket.emit (events.js:185:7)
    at Socket._onTimeout (net.js:339:8)
    at ontimeout (timers.js:365:14)
    at tryOnTimeout (timers.js:237:5)
[2017-04-05 12:42:05.901] [ERROR] console - Connection Error: Error: connection timeout
    at Db.<anonymous> (/Users/creator/workspace/furuida/node_modules/mongoose/lib/drivers/node-mongodb-native/connection.js:169:17)
    at emitTwo (events.js:106:13)
    at Db.emit (events.js:191:7)
    at Server.listener (/Users/creator/workspace/furuida/node_modules/mongodb/lib/db.js:1798:14)
    at emitOne (events.js:96:13)
    at Server.emit (events.js:188:7)
    at Server.<anonymous> (/Users/creator/workspace/furuida/node_modules/mongodb/lib/server.js:274:14)
    at emitOne (events.js:96:13)
    at Server.emit (events.js:188:7)
    at Pool.<anonymous> (/Users/creator/workspace/furuida/node_modules/mongodb-core/lib/topologies/server.js:335:12)
    at emitOne (events.js:96:13)
    at Pool.emit (events.js:188:7)
    at Connection.<anonymous> (/Users/creator/workspace/furuida/node_modules/mongodb-core/lib/connection/pool.js:270:12)
    at emitTwo (events.js:106:13)
    at Connection.emit (events.js:191:7)
    at Socket.<anonymous> (/Users/creator/workspace/furuida/node_modules/mongodb-core/lib/connection/connection.js:185:10)
    at Socket.g (events.js:291:16)
    at emitNone (events.js:86:13)
    at Socket.emit (events.js:185:7)
    at Socket._onTimeout (net.js:339:8)
    at ontimeout (timers.js:365:14)
    at tryOnTimeout (timers.js:237:5)
[2017-04-05 12:55:38.519] [ERROR] console - Connection Error: Error: connection timeout
    at Db.<anonymous> (/Users/creator/workspace/furuida/node_modules/mongoose/lib/drivers/node-mongodb-native/connection.js:169:17)
    at emitTwo (events.js:106:13)
    at Db.emit (events.js:191:7)
    at Server.listener (/Users/creator/workspace/furuida/node_modules/mongodb/lib/db.js:1798:14)
    at emitOne (events.js:96:13)
    at Server.emit (events.js:188:7)
    at Server.<anonymous> (/Users/creator/workspace/furuida/node_modules/mongodb/lib/server.js:274:14)
    at emitOne (events.js:96:13)
    at Server.emit (events.js:188:7)
    at Pool.<anonymous> (/Users/creator/workspace/furuida/node_modules/mongodb-core/lib/topologies/server.js:335:12)
    at emitOne (events.js:96:13)
    at Pool.emit (events.js:188:7)
    at Connection.<anonymous> (/Users/creator/workspace/furuida/node_modules/mongodb-core/lib/connection/pool.js:270:12)
    at emitTwo (events.js:106:13)
    at Connection.emit (events.js:191:7)
    at Socket.<anonymous> (/Users/creator/workspace/furuida/node_modules/mongodb-core/lib/connection/connection.js:185:10)
    at Socket.g (events.js:291:16)
    at emitNone (events.js:86:13)
    at Socket.emit (events.js:185:7)
    at Socket._onTimeout (net.js:339:8)
    at ontimeout (timers.js:365:14)
    at tryOnTimeout (timers.js:237:5)
[2017-04-05 12:59:43.253] [ERROR] console - Connection Error: Error: connection timeout
    at Db.<anonymous> (/Users/creator/workspace/furuida/node_modules/mongoose/lib/drivers/node-mongodb-native/connection.js:169:17)
    at emitTwo (events.js:106:13)
    at Db.emit (events.js:191:7)
    at Server.listener (/Users/creator/workspace/furuida/node_modules/mongodb/lib/db.js:1798:14)
    at emitOne (events.js:96:13)
    at Server.emit (events.js:188:7)
    at Server.<anonymous> (/Users/creator/workspace/furuida/node_modules/mongodb/lib/server.js:274:14)
    at emitOne (events.js:96:13)
    at Server.emit (events.js:188:7)
    at Pool.<anonymous> (/Users/creator/workspace/furuida/node_modules/mongodb-core/lib/topologies/server.js:335:12)
    at emitOne (events.js:96:13)
    at Pool.emit (events.js:188:7)
    at Connection.<anonymous> (/Users/creator/workspace/furuida/node_modules/mongodb-core/lib/connection/pool.js:270:12)
    at emitTwo (events.js:106:13)
    at Connection.emit (events.js:191:7)
    at Socket.<anonymous> (/Users/creator/workspace/furuida/node_modules/mongodb-core/lib/connection/connection.js:185:10)
    at Socket.g (events.js:291:16)
    at emitNone (events.js:86:13)
    at Socket.emit (events.js:185:7)
    at Socket._onTimeout (net.js:339:8)
    at ontimeout (timers.js:365:14)
    at tryOnTimeout (timers.js:237:5)
[2017-04-05 13:00:02.721] [ERROR] console - Connection Error: Error: connection timeout
    at Db.<anonymous> (/Users/creator/workspace/furuida/node_modules/mongoose/lib/drivers/node-mongodb-native/connection.js:169:17)
    at emitTwo (events.js:106:13)
    at Db.emit (events.js:191:7)
    at Server.listener (/Users/creator/workspace/furuida/node_modules/mongodb/lib/db.js:1798:14)
    at emitOne (events.js:96:13)
    at Server.emit (events.js:188:7)
    at Server.<anonymous> (/Users/creator/workspace/furuida/node_modules/mongodb/lib/server.js:274:14)
    at emitOne (events.js:96:13)
    at Server.emit (events.js:188:7)
    at Pool.<anonymous> (/Users/creator/workspace/furuida/node_modules/mongodb-core/lib/topologies/server.js:335:12)
    at emitOne (events.js:96:13)
    at Pool.emit (events.js:188:7)
    at Connection.<anonymous> (/Users/creator/workspace/furuida/node_modules/mongodb-core/lib/connection/pool.js:270:12)
    at emitTwo (events.js:106:13)
    at Connection.emit (events.js:191:7)
    at Socket.<anonymous> (/Users/creator/workspace/furuida/node_modules/mongodb-core/lib/connection/connection.js:185:10)
    at Socket.g (events.js:291:16)
    at emitNone (events.js:86:13)
    at Socket.emit (events.js:185:7)
    at Socket._onTimeout (net.js:339:8)
    at ontimeout (timers.js:365:14)
    at tryOnTimeout (timers.js:237:5)
[2017-04-05 13:00:15.683] [ERROR] console - Connection Error: Error: connection timeout
    at Db.<anonymous> (/Users/creator/workspace/furuida/node_modules/mongoose/lib/drivers/node-mongodb-native/connection.js:169:17)
    at emitTwo (events.js:106:13)
    at Db.emit (events.js:191:7)
    at Server.listener (/Users/creator/workspace/furuida/node_modules/mongodb/lib/db.js:1798:14)
    at emitOne (events.js:96:13)
    at Server.emit (events.js:188:7)
    at Server.<anonymous> (/Users/creator/workspace/furuida/node_modules/mongodb/lib/server.js:274:14)
    at emitOne (events.js:96:13)
    at Server.emit (events.js:188:7)
    at Pool.<anonymous> (/Users/creator/workspace/furuida/node_modules/mongodb-core/lib/topologies/server.js:335:12)
    at emitOne (events.js:96:13)
    at Pool.emit (events.js:188:7)
    at Connection.<anonymous> (/Users/creator/workspace/furuida/node_modules/mongodb-core/lib/connection/pool.js:270:12)
    at emitTwo (events.js:106:13)
    at Connection.emit (events.js:191:7)
    at Socket.<anonymous> (/Users/creator/workspace/furuida/node_modules/mongodb-core/lib/connection/connection.js:185:10)
    at Socket.g (events.js:291:16)
    at emitNone (events.js:86:13)
    at Socket.emit (events.js:185:7)
    at Socket._onTimeout (net.js:339:8)
    at ontimeout (timers.js:365:14)
    at tryOnTimeout (timers.js:237:5)
[2017-04-05 13:00:23.745] [ERROR] console - Connection Error: Error: connection timeout
    at Db.<anonymous> (/Users/creator/workspace/furuida/node_modules/mongoose/lib/drivers/node-mongodb-native/connection.js:169:17)
    at emitTwo (events.js:106:13)
    at Db.emit (events.js:191:7)
    at Server.listener (/Users/creator/workspace/furuida/node_modules/mongodb/lib/db.js:1798:14)
    at emitOne (events.js:96:13)
    at Server.emit (events.js:188:7)
    at Server.<anonymous> (/Users/creator/workspace/furuida/node_modules/mongodb/lib/server.js:274:14)
    at emitOne (events.js:96:13)
    at Server.emit (events.js:188:7)
    at Pool.<anonymous> (/Users/creator/workspace/furuida/node_modules/mongodb-core/lib/topologies/server.js:335:12)
    at emitOne (events.js:96:13)
    at Pool.emit (events.js:188:7)
    at Connection.<anonymous> (/Users/creator/workspace/furuida/node_modules/mongodb-core/lib/connection/pool.js:270:12)
    at emitTwo (events.js:106:13)
    at Connection.emit (events.js:191:7)
    at Socket.<anonymous> (/Users/creator/workspace/furuida/node_modules/mongodb-core/lib/connection/connection.js:185:10)
    at Socket.g (events.js:291:16)
    at emitNone (events.js:86:13)
    at Socket.emit (events.js:185:7)
    at Socket._onTimeout (net.js:339:8)
    at ontimeout (timers.js:365:14)
    at tryOnTimeout (timers.js:237:5)
[2017-04-05 13:00:46.454] [ERROR] console - Connection Error: Error: connection timeout
    at Db.<anonymous> (/Users/creator/workspace/furuida/node_modules/mongoose/lib/drivers/node-mongodb-native/connection.js:169:17)
    at emitTwo (events.js:106:13)
    at Db.emit (events.js:191:7)
    at Server.listener (/Users/creator/workspace/furuida/node_modules/mongodb/lib/db.js:1798:14)
    at emitOne (events.js:96:13)
    at Server.emit (events.js:188:7)
    at Server.<anonymous> (/Users/creator/workspace/furuida/node_modules/mongodb/lib/server.js:274:14)
    at emitOne (events.js:96:13)
    at Server.emit (events.js:188:7)
    at Pool.<anonymous> (/Users/creator/workspace/furuida/node_modules/mongodb-core/lib/topologies/server.js:335:12)
    at emitOne (events.js:96:13)
    at Pool.emit (events.js:188:7)
    at Connection.<anonymous> (/Users/creator/workspace/furuida/node_modules/mongodb-core/lib/connection/pool.js:270:12)
    at emitTwo (events.js:106:13)
    at Connection.emit (events.js:191:7)
    at Socket.<anonymous> (/Users/creator/workspace/furuida/node_modules/mongodb-core/lib/connection/connection.js:185:10)
    at Socket.g (events.js:291:16)
    at emitNone (events.js:86:13)
    at Socket.emit (events.js:185:7)
    at Socket._onTimeout (net.js:339:8)
    at ontimeout (timers.js:365:14)
    at tryOnTimeout (timers.js:237:5)
[2017-04-05 13:00:53.471] [ERROR] console - Connection Error: Error: connection timeout
    at Db.<anonymous> (/Users/creator/workspace/furuida/node_modules/mongoose/lib/drivers/node-mongodb-native/connection.js:169:17)
    at emitTwo (events.js:106:13)
    at Db.emit (events.js:191:7)
    at Server.listener (/Users/creator/workspace/furuida/node_modules/mongodb/lib/db.js:1798:14)
    at emitOne (events.js:96:13)
    at Server.emit (events.js:188:7)
    at Server.<anonymous> (/Users/creator/workspace/furuida/node_modules/mongodb/lib/server.js:274:14)
    at emitOne (events.js:96:13)
    at Server.emit (events.js:188:7)
    at Pool.<anonymous> (/Users/creator/workspace/furuida/node_modules/mongodb-core/lib/topologies/server.js:335:12)
    at emitOne (events.js:96:13)
    at Pool.emit (events.js:188:7)
    at Connection.<anonymous> (/Users/creator/workspace/furuida/node_modules/mongodb-core/lib/connection/pool.js:270:12)
    at emitTwo (events.js:106:13)
    at Connection.emit (events.js:191:7)
    at Socket.<anonymous> (/Users/creator/workspace/furuida/node_modules/mongodb-core/lib/connection/connection.js:185:10)
    at Socket.g (events.js:291:16)
    at emitNone (events.js:86:13)
    at Socket.emit (events.js:185:7)
    at Socket._onTimeout (net.js:339:8)
    at ontimeout (timers.js:365:14)
    at tryOnTimeout (timers.js:237:5)
[2017-04-05 13:01:18.018] [ERROR] console - Connection Error: Error: connection timeout
    at Db.<anonymous> (/Users/creator/workspace/furuida/node_modules/mongoose/lib/drivers/node-mongodb-native/connection.js:169:17)
    at emitTwo (events.js:106:13)
    at Db.emit (events.js:191:7)
    at Server.listener (/Users/creator/workspace/furuida/node_modules/mongodb/lib/db.js:1798:14)
    at emitOne (events.js:96:13)
    at Server.emit (events.js:188:7)
    at Server.<anonymous> (/Users/creator/workspace/furuida/node_modules/mongodb/lib/server.js:274:14)
    at emitOne (events.js:96:13)
    at Server.emit (events.js:188:7)
    at Pool.<anonymous> (/Users/creator/workspace/furuida/node_modules/mongodb-core/lib/topologies/server.js:335:12)
    at emitOne (events.js:96:13)
    at Pool.emit (events.js:188:7)
    at Connection.<anonymous> (/Users/creator/workspace/furuida/node_modules/mongodb-core/lib/connection/pool.js:270:12)
    at emitTwo (events.js:106:13)
    at Connection.emit (events.js:191:7)
    at Socket.<anonymous> (/Users/creator/workspace/furuida/node_modules/mongodb-core/lib/connection/connection.js:185:10)
    at Socket.g (events.js:291:16)
    at emitNone (events.js:86:13)
    at Socket.emit (events.js:185:7)
    at Socket._onTimeout (net.js:339:8)
    at ontimeout (timers.js:365:14)
    at tryOnTimeout (timers.js:237:5)
[2017-04-05 13:01:25.031] [ERROR] console - Connection Error: Error: connection timeout
    at Db.<anonymous> (/Users/creator/workspace/furuida/node_modules/mongoose/lib/drivers/node-mongodb-native/connection.js:169:17)
    at emitTwo (events.js:106:13)
    at Db.emit (events.js:191:7)
    at Server.listener (/Users/creator/workspace/furuida/node_modules/mongodb/lib/db.js:1798:14)
    at emitOne (events.js:96:13)
    at Server.emit (events.js:188:7)
    at Server.<anonymous> (/Users/creator/workspace/furuida/node_modules/mongodb/lib/server.js:274:14)
    at emitOne (events.js:96:13)
    at Server.emit (events.js:188:7)
    at Pool.<anonymous> (/Users/creator/workspace/furuida/node_modules/mongodb-core/lib/topologies/server.js:335:12)
    at emitOne (events.js:96:13)
    at Pool.emit (events.js:188:7)
    at Connection.<anonymous> (/Users/creator/workspace/furuida/node_modules/mongodb-core/lib/connection/pool.js:270:12)
    at emitTwo (events.js:106:13)
    at Connection.emit (events.js:191:7)
    at Socket.<anonymous> (/Users/creator/workspace/furuida/node_modules/mongodb-core/lib/connection/connection.js:185:10)
    at Socket.g (events.js:291:16)
    at emitNone (events.js:86:13)
    at Socket.emit (events.js:185:7)
    at Socket._onTimeout (net.js:339:8)
    at ontimeout (timers.js:365:14)
    at tryOnTimeout (timers.js:237:5)
[2017-04-05 13:01:32.034] [ERROR] console - Connection Error: Error: connection timeout
    at Db.<anonymous> (/Users/creator/workspace/furuida/node_modules/mongoose/lib/drivers/node-mongodb-native/connection.js:169:17)
    at emitTwo (events.js:106:13)
    at Db.emit (events.js:191:7)
    at Server.listener (/Users/creator/workspace/furuida/node_modules/mongodb/lib/db.js:1798:14)
    at emitOne (events.js:96:13)
    at Server.emit (events.js:188:7)
    at Server.<anonymous> (/Users/creator/workspace/furuida/node_modules/mongodb/lib/server.js:274:14)
    at emitOne (events.js:96:13)
    at Server.emit (events.js:188:7)
    at Pool.<anonymous> (/Users/creator/workspace/furuida/node_modules/mongodb-core/lib/topologies/server.js:335:12)
    at emitOne (events.js:96:13)
    at Pool.emit (events.js:188:7)
    at Connection.<anonymous> (/Users/creator/workspace/furuida/node_modules/mongodb-core/lib/connection/pool.js:270:12)
    at emitTwo (events.js:106:13)
    at Connection.emit (events.js:191:7)
    at Socket.<anonymous> (/Users/creator/workspace/furuida/node_modules/mongodb-core/lib/connection/connection.js:185:10)
    at Socket.g (events.js:291:16)
    at emitNone (events.js:86:13)
    at Socket.emit (events.js:185:7)
    at Socket._onTimeout (net.js:339:8)
    at ontimeout (timers.js:365:14)
    at tryOnTimeout (timers.js:237:5)
[2017-04-05 13:01:44.126] [ERROR] console - Connection Error: Error: connection timeout
    at Db.<anonymous> (/Users/creator/workspace/furuida/node_modules/mongoose/lib/drivers/node-mongodb-native/connection.js:169:17)
    at emitTwo (events.js:106:13)
    at Db.emit (events.js:191:7)
    at Server.listener (/Users/creator/workspace/furuida/node_modules/mongodb/lib/db.js:1798:14)
    at emitOne (events.js:96:13)
    at Server.emit (events.js:188:7)
    at Server.<anonymous> (/Users/creator/workspace/furuida/node_modules/mongodb/lib/server.js:274:14)
    at emitOne (events.js:96:13)
    at Server.emit (events.js:188:7)
    at Pool.<anonymous> (/Users/creator/workspace/furuida/node_modules/mongodb-core/lib/topologies/server.js:335:12)
    at emitOne (events.js:96:13)
    at Pool.emit (events.js:188:7)
    at Connection.<anonymous> (/Users/creator/workspace/furuida/node_modules/mongodb-core/lib/connection/pool.js:270:12)
    at emitTwo (events.js:106:13)
    at Connection.emit (events.js:191:7)
    at Socket.<anonymous> (/Users/creator/workspace/furuida/node_modules/mongodb-core/lib/connection/connection.js:185:10)
    at Socket.g (events.js:291:16)
    at emitNone (events.js:86:13)
    at Socket.emit (events.js:185:7)
    at Socket._onTimeout (net.js:339:8)
    at ontimeout (timers.js:365:14)
    at tryOnTimeout (timers.js:237:5)
[2017-04-05 13:02:02.438] [ERROR] console - Connection Error: Error: connection timeout
    at Db.<anonymous> (/Users/creator/workspace/furuida/node_modules/mongoose/lib/drivers/node-mongodb-native/connection.js:169:17)
    at emitTwo (events.js:106:13)
    at Db.emit (events.js:191:7)
    at Server.listener (/Users/creator/workspace/furuida/node_modules/mongodb/lib/db.js:1798:14)
    at emitOne (events.js:96:13)
    at Server.emit (events.js:188:7)
    at Server.<anonymous> (/Users/creator/workspace/furuida/node_modules/mongodb/lib/server.js:274:14)
    at emitOne (events.js:96:13)
    at Server.emit (events.js:188:7)
    at Pool.<anonymous> (/Users/creator/workspace/furuida/node_modules/mongodb-core/lib/topologies/server.js:335:12)
    at emitOne (events.js:96:13)
    at Pool.emit (events.js:188:7)
    at Connection.<anonymous> (/Users/creator/workspace/furuida/node_modules/mongodb-core/lib/connection/pool.js:270:12)
    at emitTwo (events.js:106:13)
    at Connection.emit (events.js:191:7)
    at Socket.<anonymous> (/Users/creator/workspace/furuida/node_modules/mongodb-core/lib/connection/connection.js:185:10)
    at Socket.g (events.js:291:16)
    at emitNone (events.js:86:13)
    at Socket.emit (events.js:185:7)
    at Socket._onTimeout (net.js:339:8)
    at ontimeout (timers.js:365:14)
    at tryOnTimeout (timers.js:237:5)
[2017-04-05 13:02:30.196] [ERROR] console - Connection Error: Error: connection timeout
    at Db.<anonymous> (/Users/creator/workspace/furuida/node_modules/mongoose/lib/drivers/node-mongodb-native/connection.js:169:17)
    at emitTwo (events.js:106:13)
    at Db.emit (events.js:191:7)
    at Server.listener (/Users/creator/workspace/furuida/node_modules/mongodb/lib/db.js:1798:14)
    at emitOne (events.js:96:13)
    at Server.emit (events.js:188:7)
    at Server.<anonymous> (/Users/creator/workspace/furuida/node_modules/mongodb/lib/server.js:274:14)
    at emitOne (events.js:96:13)
    at Server.emit (events.js:188:7)
    at Pool.<anonymous> (/Users/creator/workspace/furuida/node_modules/mongodb-core/lib/topologies/server.js:335:12)
    at emitOne (events.js:96:13)
    at Pool.emit (events.js:188:7)
    at Connection.<anonymous> (/Users/creator/workspace/furuida/node_modules/mongodb-core/lib/connection/pool.js:270:12)
    at emitTwo (events.js:106:13)
    at Connection.emit (events.js:191:7)
    at Socket.<anonymous> (/Users/creator/workspace/furuida/node_modules/mongodb-core/lib/connection/connection.js:185:10)
    at Socket.g (events.js:291:16)
    at emitNone (events.js:86:13)
    at Socket.emit (events.js:185:7)
    at Socket._onTimeout (net.js:339:8)
    at ontimeout (timers.js:365:14)
    at tryOnTimeout (timers.js:237:5)
[2017-04-05 13:06:01.904] [ERROR] console - Connection Error: Error: connection timeout
    at Db.<anonymous> (/Users/creator/workspace/furuida/node_modules/mongoose/lib/drivers/node-mongodb-native/connection.js:169:17)
    at emitTwo (events.js:106:13)
    at Db.emit (events.js:191:7)
    at Server.listener (/Users/creator/workspace/furuida/node_modules/mongodb/lib/db.js:1798:14)
    at emitOne (events.js:96:13)
    at Server.emit (events.js:188:7)
    at Server.<anonymous> (/Users/creator/workspace/furuida/node_modules/mongodb/lib/server.js:274:14)
    at emitOne (events.js:96:13)
    at Server.emit (events.js:188:7)
    at Pool.<anonymous> (/Users/creator/workspace/furuida/node_modules/mongodb-core/lib/topologies/server.js:335:12)
    at emitOne (events.js:96:13)
    at Pool.emit (events.js:188:7)
    at Connection.<anonymous> (/Users/creator/workspace/furuida/node_modules/mongodb-core/lib/connection/pool.js:270:12)
    at emitTwo (events.js:106:13)
    at Connection.emit (events.js:191:7)
    at Socket.<anonymous> (/Users/creator/workspace/furuida/node_modules/mongodb-core/lib/connection/connection.js:185:10)
    at Socket.g (events.js:291:16)
    at emitNone (events.js:86:13)
    at Socket.emit (events.js:185:7)
    at Socket._onTimeout (net.js:339:8)
    at ontimeout (timers.js:365:14)
    at tryOnTimeout (timers.js:237:5)
[2017-04-05 13:39:07.439] [ERROR] console - Connection Error: Error: connection timeout
    at Db.<anonymous> (/Users/creator/workspace/furuida/node_modules/mongoose/lib/drivers/node-mongodb-native/connection.js:169:17)
    at emitTwo (events.js:106:13)
    at Db.emit (events.js:191:7)
    at Server.listener (/Users/creator/workspace/furuida/node_modules/mongodb/lib/db.js:1798:14)
    at emitOne (events.js:96:13)
    at Server.emit (events.js:188:7)
    at Server.<anonymous> (/Users/creator/workspace/furuida/node_modules/mongodb/lib/server.js:274:14)
    at emitOne (events.js:96:13)
    at Server.emit (events.js:188:7)
    at Pool.<anonymous> (/Users/creator/workspace/furuida/node_modules/mongodb-core/lib/topologies/server.js:335:12)
    at emitOne (events.js:96:13)
    at Pool.emit (events.js:188:7)
    at Connection.<anonymous> (/Users/creator/workspace/furuida/node_modules/mongodb-core/lib/connection/pool.js:270:12)
    at emitTwo (events.js:106:13)
    at Connection.emit (events.js:191:7)
    at Socket.<anonymous> (/Users/creator/workspace/furuida/node_modules/mongodb-core/lib/connection/connection.js:185:10)
    at Socket.g (events.js:291:16)
    at emitNone (events.js:86:13)
    at Socket.emit (events.js:185:7)
    at Socket._onTimeout (net.js:339:8)
    at ontimeout (timers.js:365:14)
    at tryOnTimeout (timers.js:237:5)
[2017-04-05 14:29:20.645] [ERROR] console - Connection Error: Error: connection timeout
    at Db.<anonymous> (/Users/creator/workspace/furuida/node_modules/mongoose/lib/drivers/node-mongodb-native/connection.js:169:17)
    at emitTwo (events.js:106:13)
    at Db.emit (events.js:191:7)
    at Server.listener (/Users/creator/workspace/furuida/node_modules/mongodb/lib/db.js:1798:14)
    at emitOne (events.js:96:13)
    at Server.emit (events.js:188:7)
    at Server.<anonymous> (/Users/creator/workspace/furuida/node_modules/mongodb/lib/server.js:274:14)
    at emitOne (events.js:96:13)
    at Server.emit (events.js:188:7)
    at Pool.<anonymous> (/Users/creator/workspace/furuida/node_modules/mongodb-core/lib/topologies/server.js:335:12)
    at emitOne (events.js:96:13)
    at Pool.emit (events.js:188:7)
    at Connection.<anonymous> (/Users/creator/workspace/furuida/node_modules/mongodb-core/lib/connection/pool.js:270:12)
    at emitTwo (events.js:106:13)
    at Connection.emit (events.js:191:7)
    at Socket.<anonymous> (/Users/creator/workspace/furuida/node_modules/mongodb-core/lib/connection/connection.js:185:10)
    at Socket.g (events.js:291:16)
    at emitNone (events.js:86:13)
    at Socket.emit (events.js:185:7)
    at Socket._onTimeout (net.js:339:8)
    at ontimeout (timers.js:365:14)
    at tryOnTimeout (timers.js:237:5)
[2017-04-05 14:39:26.851] [ERROR] console - Connection Error: Error: connection timeout
    at Db.<anonymous> (/Users/creator/workspace/furuida/node_modules/mongoose/lib/drivers/node-mongodb-native/connection.js:169:17)
    at emitTwo (events.js:106:13)
    at Db.emit (events.js:191:7)
    at Server.listener (/Users/creator/workspace/furuida/node_modules/mongodb/lib/db.js:1798:14)
    at emitOne (events.js:96:13)
    at Server.emit (events.js:188:7)
    at Server.<anonymous> (/Users/creator/workspace/furuida/node_modules/mongodb/lib/server.js:274:14)
    at emitOne (events.js:96:13)
    at Server.emit (events.js:188:7)
    at Pool.<anonymous> (/Users/creator/workspace/furuida/node_modules/mongodb-core/lib/topologies/server.js:335:12)
    at emitOne (events.js:96:13)
    at Pool.emit (events.js:188:7)
    at Connection.<anonymous> (/Users/creator/workspace/furuida/node_modules/mongodb-core/lib/connection/pool.js:270:12)
    at emitTwo (events.js:106:13)
    at Connection.emit (events.js:191:7)
    at Socket.<anonymous> (/Users/creator/workspace/furuida/node_modules/mongodb-core/lib/connection/connection.js:185:10)
    at Socket.g (events.js:291:16)
    at emitNone (events.js:86:13)
    at Socket.emit (events.js:185:7)
    at Socket._onTimeout (net.js:339:8)
    at ontimeout (timers.js:365:14)
    at tryOnTimeout (timers.js:237:5)
[2017-04-05 14:40:09.554] [ERROR] console - Connection Error: Error: connection timeout
    at Db.<anonymous> (/Users/creator/workspace/furuida/node_modules/mongoose/lib/drivers/node-mongodb-native/connection.js:169:17)
    at emitTwo (events.js:106:13)
    at Db.emit (events.js:191:7)
    at Server.listener (/Users/creator/workspace/furuida/node_modules/mongodb/lib/db.js:1798:14)
    at emitOne (events.js:96:13)
    at Server.emit (events.js:188:7)
    at Server.<anonymous> (/Users/creator/workspace/furuida/node_modules/mongodb/lib/server.js:274:14)
    at emitOne (events.js:96:13)
    at Server.emit (events.js:188:7)
    at Pool.<anonymous> (/Users/creator/workspace/furuida/node_modules/mongodb-core/lib/topologies/server.js:335:12)
    at emitOne (events.js:96:13)
    at Pool.emit (events.js:188:7)
    at Connection.<anonymous> (/Users/creator/workspace/furuida/node_modules/mongodb-core/lib/connection/pool.js:270:12)
    at emitTwo (events.js:106:13)
    at Connection.emit (events.js:191:7)
    at Socket.<anonymous> (/Users/creator/workspace/furuida/node_modules/mongodb-core/lib/connection/connection.js:185:10)
    at Socket.g (events.js:291:16)
    at emitNone (events.js:86:13)
    at Socket.emit (events.js:185:7)
    at Socket._onTimeout (net.js:339:8)
    at ontimeout (timers.js:365:14)
    at tryOnTimeout (timers.js:237:5)
[2017-04-05 14:43:11.013] [ERROR] console - Connection Error: Error: connection timeout
    at Db.<anonymous> (/Users/creator/workspace/furuida/node_modules/mongoose/lib/drivers/node-mongodb-native/connection.js:169:17)
    at emitTwo (events.js:106:13)
    at Db.emit (events.js:191:7)
    at Server.listener (/Users/creator/workspace/furuida/node_modules/mongodb/lib/db.js:1798:14)
    at emitOne (events.js:96:13)
    at Server.emit (events.js:188:7)
    at Server.<anonymous> (/Users/creator/workspace/furuida/node_modules/mongodb/lib/server.js:274:14)
    at emitOne (events.js:96:13)
    at Server.emit (events.js:188:7)
    at Pool.<anonymous> (/Users/creator/workspace/furuida/node_modules/mongodb-core/lib/topologies/server.js:335:12)
    at emitOne (events.js:96:13)
    at Pool.emit (events.js:188:7)
    at Connection.<anonymous> (/Users/creator/workspace/furuida/node_modules/mongodb-core/lib/connection/pool.js:270:12)
    at emitTwo (events.js:106:13)
    at Connection.emit (events.js:191:7)
    at Socket.<anonymous> (/Users/creator/workspace/furuida/node_modules/mongodb-core/lib/connection/connection.js:185:10)
    at Socket.g (events.js:291:16)
    at emitNone (events.js:86:13)
    at Socket.emit (events.js:185:7)
    at Socket._onTimeout (net.js:339:8)
    at ontimeout (timers.js:365:14)
    at tryOnTimeout (timers.js:237:5)
[2017-04-05 14:44:24.108] [ERROR] console - Connection Error: Error: connection timeout
    at Db.<anonymous> (/Users/creator/workspace/furuida/node_modules/mongoose/lib/drivers/node-mongodb-native/connection.js:169:17)
    at emitTwo (events.js:106:13)
    at Db.emit (events.js:191:7)
    at Server.listener (/Users/creator/workspace/furuida/node_modules/mongodb/lib/db.js:1798:14)
    at emitOne (events.js:96:13)
    at Server.emit (events.js:188:7)
    at Server.<anonymous> (/Users/creator/workspace/furuida/node_modules/mongodb/lib/server.js:274:14)
    at emitOne (events.js:96:13)
    at Server.emit (events.js:188:7)
    at Pool.<anonymous> (/Users/creator/workspace/furuida/node_modules/mongodb-core/lib/topologies/server.js:335:12)
    at emitOne (events.js:96:13)
    at Pool.emit (events.js:188:7)
    at Connection.<anonymous> (/Users/creator/workspace/furuida/node_modules/mongodb-core/lib/connection/pool.js:270:12)
    at emitTwo (events.js:106:13)
    at Connection.emit (events.js:191:7)
    at Socket.<anonymous> (/Users/creator/workspace/furuida/node_modules/mongodb-core/lib/connection/connection.js:185:10)
    at Socket.g (events.js:291:16)
    at emitNone (events.js:86:13)
    at Socket.emit (events.js:185:7)
    at Socket._onTimeout (net.js:339:8)
    at ontimeout (timers.js:365:14)
    at tryOnTimeout (timers.js:237:5)
[2017-04-05 14:45:11.537] [ERROR] console - Connection Error: Error: connection timeout
    at Db.<anonymous> (/Users/creator/workspace/furuida/node_modules/mongoose/lib/drivers/node-mongodb-native/connection.js:169:17)
    at emitTwo (events.js:106:13)
    at Db.emit (events.js:191:7)
    at Server.listener (/Users/creator/workspace/furuida/node_modules/mongodb/lib/db.js:1798:14)
    at emitOne (events.js:96:13)
    at Server.emit (events.js:188:7)
    at Server.<anonymous> (/Users/creator/workspace/furuida/node_modules/mongodb/lib/server.js:274:14)
    at emitOne (events.js:96:13)
    at Server.emit (events.js:188:7)
    at Pool.<anonymous> (/Users/creator/workspace/furuida/node_modules/mongodb-core/lib/topologies/server.js:335:12)
    at emitOne (events.js:96:13)
    at Pool.emit (events.js:188:7)
    at Connection.<anonymous> (/Users/creator/workspace/furuida/node_modules/mongodb-core/lib/connection/pool.js:270:12)
    at emitTwo (events.js:106:13)
    at Connection.emit (events.js:191:7)
    at Socket.<anonymous> (/Users/creator/workspace/furuida/node_modules/mongodb-core/lib/connection/connection.js:185:10)
    at Socket.g (events.js:291:16)
    at emitNone (events.js:86:13)
    at Socket.emit (events.js:185:7)
    at Socket._onTimeout (net.js:339:8)
    at ontimeout (timers.js:365:14)
    at tryOnTimeout (timers.js:237:5)
[2017-04-05 14:48:45.589] [ERROR] console - Connection Error: Error: connection timeout
    at Db.<anonymous> (/Users/creator/workspace/furuida/node_modules/mongoose/lib/drivers/node-mongodb-native/connection.js:169:17)
    at emitTwo (events.js:106:13)
    at Db.emit (events.js:191:7)
    at Server.listener (/Users/creator/workspace/furuida/node_modules/mongodb/lib/db.js:1798:14)
    at emitOne (events.js:96:13)
    at Server.emit (events.js:188:7)
    at Server.<anonymous> (/Users/creator/workspace/furuida/node_modules/mongodb/lib/server.js:274:14)
    at emitOne (events.js:96:13)
    at Server.emit (events.js:188:7)
    at Pool.<anonymous> (/Users/creator/workspace/furuida/node_modules/mongodb-core/lib/topologies/server.js:335:12)
    at emitOne (events.js:96:13)
    at Pool.emit (events.js:188:7)
    at Connection.<anonymous> (/Users/creator/workspace/furuida/node_modules/mongodb-core/lib/connection/pool.js:270:12)
    at emitTwo (events.js:106:13)
    at Connection.emit (events.js:191:7)
    at Socket.<anonymous> (/Users/creator/workspace/furuida/node_modules/mongodb-core/lib/connection/connection.js:185:10)
    at Socket.g (events.js:291:16)
    at emitNone (events.js:86:13)
    at Socket.emit (events.js:185:7)
    at Socket._onTimeout (net.js:339:8)
    at ontimeout (timers.js:365:14)
    at tryOnTimeout (timers.js:237:5)
[2017-04-05 14:52:14.991] [ERROR] console - Connection Error: Error: connection timeout
    at Db.<anonymous> (/Users/creator/workspace/furuida/node_modules/mongoose/lib/drivers/node-mongodb-native/connection.js:169:17)
    at emitTwo (events.js:106:13)
    at Db.emit (events.js:191:7)
    at Server.listener (/Users/creator/workspace/furuida/node_modules/mongodb/lib/db.js:1798:14)
    at emitOne (events.js:96:13)
    at Server.emit (events.js:188:7)
    at Server.<anonymous> (/Users/creator/workspace/furuida/node_modules/mongodb/lib/server.js:274:14)
    at emitOne (events.js:96:13)
    at Server.emit (events.js:188:7)
    at Pool.<anonymous> (/Users/creator/workspace/furuida/node_modules/mongodb-core/lib/topologies/server.js:335:12)
    at emitOne (events.js:96:13)
    at Pool.emit (events.js:188:7)
    at Connection.<anonymous> (/Users/creator/workspace/furuida/node_modules/mongodb-core/lib/connection/pool.js:270:12)
    at emitTwo (events.js:106:13)
    at Connection.emit (events.js:191:7)
    at Socket.<anonymous> (/Users/creator/workspace/furuida/node_modules/mongodb-core/lib/connection/connection.js:185:10)
    at Socket.g (events.js:291:16)
    at emitNone (events.js:86:13)
    at Socket.emit (events.js:185:7)
    at Socket._onTimeout (net.js:339:8)
    at ontimeout (timers.js:365:14)
    at tryOnTimeout (timers.js:237:5)
[2017-04-05 14:52:43.256] [ERROR] console - Connection Error: Error: connection timeout
    at Db.<anonymous> (/Users/creator/workspace/furuida/node_modules/mongoose/lib/drivers/node-mongodb-native/connection.js:169:17)
    at emitTwo (events.js:106:13)
    at Db.emit (events.js:191:7)
    at Server.listener (/Users/creator/workspace/furuida/node_modules/mongodb/lib/db.js:1798:14)
    at emitOne (events.js:96:13)
    at Server.emit (events.js:188:7)
    at Server.<anonymous> (/Users/creator/workspace/furuida/node_modules/mongodb/lib/server.js:274:14)
    at emitOne (events.js:96:13)
    at Server.emit (events.js:188:7)
    at Pool.<anonymous> (/Users/creator/workspace/furuida/node_modules/mongodb-core/lib/topologies/server.js:335:12)
    at emitOne (events.js:96:13)
    at Pool.emit (events.js:188:7)
    at Connection.<anonymous> (/Users/creator/workspace/furuida/node_modules/mongodb-core/lib/connection/pool.js:270:12)
    at emitTwo (events.js:106:13)
    at Connection.emit (events.js:191:7)
    at Socket.<anonymous> (/Users/creator/workspace/furuida/node_modules/mongodb-core/lib/connection/connection.js:185:10)
    at Socket.g (events.js:291:16)
    at emitNone (events.js:86:13)
    at Socket.emit (events.js:185:7)
    at Socket._onTimeout (net.js:339:8)
    at ontimeout (timers.js:365:14)
    at tryOnTimeout (timers.js:237:5)
[2017-04-05 14:52:56.593] [ERROR] console - Connection Error: Error: connection timeout
    at Db.<anonymous> (/Users/creator/workspace/furuida/node_modules/mongoose/lib/drivers/node-mongodb-native/connection.js:169:17)
    at emitTwo (events.js:106:13)
    at Db.emit (events.js:191:7)
    at Server.listener (/Users/creator/workspace/furuida/node_modules/mongodb/lib/db.js:1798:14)
    at emitOne (events.js:96:13)
    at Server.emit (events.js:188:7)
    at Server.<anonymous> (/Users/creator/workspace/furuida/node_modules/mongodb/lib/server.js:274:14)
    at emitOne (events.js:96:13)
    at Server.emit (events.js:188:7)
    at Pool.<anonymous> (/Users/creator/workspace/furuida/node_modules/mongodb-core/lib/topologies/server.js:335:12)
    at emitOne (events.js:96:13)
    at Pool.emit (events.js:188:7)
    at Connection.<anonymous> (/Users/creator/workspace/furuida/node_modules/mongodb-core/lib/connection/pool.js:270:12)
    at emitTwo (events.js:106:13)
    at Connection.emit (events.js:191:7)
    at Socket.<anonymous> (/Users/creator/workspace/furuida/node_modules/mongodb-core/lib/connection/connection.js:185:10)
    at Socket.g (events.js:291:16)
    at emitNone (events.js:86:13)
    at Socket.emit (events.js:185:7)
    at Socket._onTimeout (net.js:339:8)
    at ontimeout (timers.js:365:14)
    at tryOnTimeout (timers.js:237:5)
[2017-04-05 14:53:03.600] [ERROR] console - Connection Error: Error: connection timeout
    at Db.<anonymous> (/Users/creator/workspace/furuida/node_modules/mongoose/lib/drivers/node-mongodb-native/connection.js:169:17)
    at emitTwo (events.js:106:13)
    at Db.emit (events.js:191:7)
    at Server.listener (/Users/creator/workspace/furuida/node_modules/mongodb/lib/db.js:1798:14)
    at emitOne (events.js:96:13)
    at Server.emit (events.js:188:7)
    at Server.<anonymous> (/Users/creator/workspace/furuida/node_modules/mongodb/lib/server.js:274:14)
    at emitOne (events.js:96:13)
    at Server.emit (events.js:188:7)
    at Pool.<anonymous> (/Users/creator/workspace/furuida/node_modules/mongodb-core/lib/topologies/server.js:335:12)
    at emitOne (events.js:96:13)
    at Pool.emit (events.js:188:7)
    at Connection.<anonymous> (/Users/creator/workspace/furuida/node_modules/mongodb-core/lib/connection/pool.js:270:12)
    at emitTwo (events.js:106:13)
    at Connection.emit (events.js:191:7)
    at Socket.<anonymous> (/Users/creator/workspace/furuida/node_modules/mongodb-core/lib/connection/connection.js:185:10)
    at Socket.g (events.js:291:16)
    at emitNone (events.js:86:13)
    at Socket.emit (events.js:185:7)
    at Socket._onTimeout (net.js:339:8)
    at ontimeout (timers.js:365:14)
    at tryOnTimeout (timers.js:237:5)
[2017-04-05 14:53:10.607] [ERROR] console - Connection Error: Error: connection timeout
    at Db.<anonymous> (/Users/creator/workspace/furuida/node_modules/mongoose/lib/drivers/node-mongodb-native/connection.js:169:17)
    at emitTwo (events.js:106:13)
    at Db.emit (events.js:191:7)
    at Server.listener (/Users/creator/workspace/furuida/node_modules/mongodb/lib/db.js:1798:14)
    at emitOne (events.js:96:13)
    at Server.emit (events.js:188:7)
    at Server.<anonymous> (/Users/creator/workspace/furuida/node_modules/mongodb/lib/server.js:274:14)
    at emitOne (events.js:96:13)
    at Server.emit (events.js:188:7)
    at Pool.<anonymous> (/Users/creator/workspace/furuida/node_modules/mongodb-core/lib/topologies/server.js:335:12)
    at emitOne (events.js:96:13)
    at Pool.emit (events.js:188:7)
    at Connection.<anonymous> (/Users/creator/workspace/furuida/node_modules/mongodb-core/lib/connection/pool.js:270:12)
    at emitTwo (events.js:106:13)
    at Connection.emit (events.js:191:7)
    at Socket.<anonymous> (/Users/creator/workspace/furuida/node_modules/mongodb-core/lib/connection/connection.js:185:10)
    at Socket.g (events.js:291:16)
    at emitNone (events.js:86:13)
    at Socket.emit (events.js:185:7)
    at Socket._onTimeout (net.js:339:8)
    at ontimeout (timers.js:365:14)
    at tryOnTimeout (timers.js:237:5)
[2017-04-05 14:53:54.757] [ERROR] console - Connection Error: Error: connection timeout
    at Db.<anonymous> (/Users/creator/workspace/furuida/node_modules/mongoose/lib/drivers/node-mongodb-native/connection.js:169:17)
    at emitTwo (events.js:106:13)
    at Db.emit (events.js:191:7)
    at Server.listener (/Users/creator/workspace/furuida/node_modules/mongodb/lib/db.js:1798:14)
    at emitOne (events.js:96:13)
    at Server.emit (events.js:188:7)
    at Server.<anonymous> (/Users/creator/workspace/furuida/node_modules/mongodb/lib/server.js:274:14)
    at emitOne (events.js:96:13)
    at Server.emit (events.js:188:7)
    at Pool.<anonymous> (/Users/creator/workspace/furuida/node_modules/mongodb-core/lib/topologies/server.js:335:12)
    at emitOne (events.js:96:13)
    at Pool.emit (events.js:188:7)
    at Connection.<anonymous> (/Users/creator/workspace/furuida/node_modules/mongodb-core/lib/connection/pool.js:270:12)
    at emitTwo (events.js:106:13)
    at Connection.emit (events.js:191:7)
    at Socket.<anonymous> (/Users/creator/workspace/furuida/node_modules/mongodb-core/lib/connection/connection.js:185:10)
    at Socket.g (events.js:291:16)
    at emitNone (events.js:86:13)
    at Socket.emit (events.js:185:7)
    at Socket._onTimeout (net.js:339:8)
    at ontimeout (timers.js:365:14)
    at tryOnTimeout (timers.js:237:5)
[2017-04-05 17:23:27.629] [ERROR] console - Connection Error: Error: connection timeout
    at Db.<anonymous> (/Users/creator/workspace/furuida/node_modules/mongoose/lib/drivers/node-mongodb-native/connection.js:169:17)
    at emitTwo (events.js:106:13)
    at Db.emit (events.js:191:7)
    at Server.listener (/Users/creator/workspace/furuida/node_modules/mongodb/lib/db.js:1798:14)
    at emitOne (events.js:96:13)
    at Server.emit (events.js:188:7)
    at Server.<anonymous> (/Users/creator/workspace/furuida/node_modules/mongodb/lib/server.js:274:14)
    at emitOne (events.js:96:13)
    at Server.emit (events.js:188:7)
    at Pool.<anonymous> (/Users/creator/workspace/furuida/node_modules/mongodb-core/lib/topologies/server.js:335:12)
    at emitOne (events.js:96:13)
    at Pool.emit (events.js:188:7)
    at Connection.<anonymous> (/Users/creator/workspace/furuida/node_modules/mongodb-core/lib/connection/pool.js:270:12)
    at emitTwo (events.js:106:13)
    at Connection.emit (events.js:191:7)
    at Socket.<anonymous> (/Users/creator/workspace/furuida/node_modules/mongodb-core/lib/connection/connection.js:185:10)
    at Socket.g (events.js:291:16)
    at emitNone (events.js:86:13)
    at Socket.emit (events.js:185:7)
    at Socket._onTimeout (net.js:339:8)
    at ontimeout (timers.js:365:14)
    at tryOnTimeout (timers.js:237:5)
[2017-04-05 17:23:40.815] [ERROR] console - Connection Error: Error: connection timeout
    at Db.<anonymous> (/Users/creator/workspace/furuida/node_modules/mongoose/lib/drivers/node-mongodb-native/connection.js:169:17)
    at emitTwo (events.js:106:13)
    at Db.emit (events.js:191:7)
    at Server.listener (/Users/creator/workspace/furuida/node_modules/mongodb/lib/db.js:1798:14)
    at emitOne (events.js:96:13)
    at Server.emit (events.js:188:7)
    at Server.<anonymous> (/Users/creator/workspace/furuida/node_modules/mongodb/lib/server.js:274:14)
    at emitOne (events.js:96:13)
    at Server.emit (events.js:188:7)
    at Pool.<anonymous> (/Users/creator/workspace/furuida/node_modules/mongodb-core/lib/topologies/server.js:335:12)
    at emitOne (events.js:96:13)
    at Pool.emit (events.js:188:7)
    at Connection.<anonymous> (/Users/creator/workspace/furuida/node_modules/mongodb-core/lib/connection/pool.js:270:12)
    at emitTwo (events.js:106:13)
    at Connection.emit (events.js:191:7)
    at Socket.<anonymous> (/Users/creator/workspace/furuida/node_modules/mongodb-core/lib/connection/connection.js:185:10)
    at Socket.g (events.js:291:16)
    at emitNone (events.js:86:13)
    at Socket.emit (events.js:185:7)
    at Socket._onTimeout (net.js:339:8)
    at ontimeout (timers.js:365:14)
    at tryOnTimeout (timers.js:237:5)
[2017-04-05 17:23:53.584] [ERROR] console - Connection Error: Error: connection timeout
    at Db.<anonymous> (/Users/creator/workspace/furuida/node_modules/mongoose/lib/drivers/node-mongodb-native/connection.js:169:17)
    at emitTwo (events.js:106:13)
    at Db.emit (events.js:191:7)
    at Server.listener (/Users/creator/workspace/furuida/node_modules/mongodb/lib/db.js:1798:14)
    at emitOne (events.js:96:13)
    at Server.emit (events.js:188:7)
    at Server.<anonymous> (/Users/creator/workspace/furuida/node_modules/mongodb/lib/server.js:274:14)
    at emitOne (events.js:96:13)
    at Server.emit (events.js:188:7)
    at Pool.<anonymous> (/Users/creator/workspace/furuida/node_modules/mongodb-core/lib/topologies/server.js:335:12)
    at emitOne (events.js:96:13)
    at Pool.emit (events.js:188:7)
    at Connection.<anonymous> (/Users/creator/workspace/furuida/node_modules/mongodb-core/lib/connection/pool.js:270:12)
    at emitTwo (events.js:106:13)
    at Connection.emit (events.js:191:7)
    at Socket.<anonymous> (/Users/creator/workspace/furuida/node_modules/mongodb-core/lib/connection/connection.js:185:10)
    at Socket.g (events.js:291:16)
    at emitNone (events.js:86:13)
    at Socket.emit (events.js:185:7)
    at Socket._onTimeout (net.js:339:8)
    at ontimeout (timers.js:365:14)
    at tryOnTimeout (timers.js:237:5)
[2017-04-05 17:24:28.531] [ERROR] console - Connection Error: Error: connection timeout
    at Db.<anonymous> (/Users/creator/workspace/furuida/node_modules/mongoose/lib/drivers/node-mongodb-native/connection.js:169:17)
    at emitTwo (events.js:106:13)
    at Db.emit (events.js:191:7)
    at Server.listener (/Users/creator/workspace/furuida/node_modules/mongodb/lib/db.js:1798:14)
    at emitOne (events.js:96:13)
    at Server.emit (events.js:188:7)
    at Server.<anonymous> (/Users/creator/workspace/furuida/node_modules/mongodb/lib/server.js:274:14)
    at emitOne (events.js:96:13)
    at Server.emit (events.js:188:7)
    at Pool.<anonymous> (/Users/creator/workspace/furuida/node_modules/mongodb-core/lib/topologies/server.js:335:12)
    at emitOne (events.js:96:13)
    at Pool.emit (events.js:188:7)
    at Connection.<anonymous> (/Users/creator/workspace/furuida/node_modules/mongodb-core/lib/connection/pool.js:270:12)
    at emitTwo (events.js:106:13)
    at Connection.emit (events.js:191:7)
    at Socket.<anonymous> (/Users/creator/workspace/furuida/node_modules/mongodb-core/lib/connection/connection.js:185:10)
    at Socket.g (events.js:291:16)
    at emitNone (events.js:86:13)
    at Socket.emit (events.js:185:7)
    at Socket._onTimeout (net.js:339:8)
    at ontimeout (timers.js:365:14)
    at tryOnTimeout (timers.js:237:5)
[2017-04-05 17:26:33.549] [ERROR] console - Connection Error: Error: connection timeout
    at Db.<anonymous> (/Users/creator/workspace/furuida/node_modules/mongoose/lib/drivers/node-mongodb-native/connection.js:169:17)
    at emitTwo (events.js:106:13)
    at Db.emit (events.js:191:7)
    at Server.listener (/Users/creator/workspace/furuida/node_modules/mongodb/lib/db.js:1798:14)
    at emitOne (events.js:96:13)
    at Server.emit (events.js:188:7)
    at Server.<anonymous> (/Users/creator/workspace/furuida/node_modules/mongodb/lib/server.js:274:14)
    at emitOne (events.js:96:13)
    at Server.emit (events.js:188:7)
    at Pool.<anonymous> (/Users/creator/workspace/furuida/node_modules/mongodb-core/lib/topologies/server.js:335:12)
    at emitOne (events.js:96:13)
    at Pool.emit (events.js:188:7)
    at Connection.<anonymous> (/Users/creator/workspace/furuida/node_modules/mongodb-core/lib/connection/pool.js:270:12)
    at emitTwo (events.js:106:13)
    at Connection.emit (events.js:191:7)
    at Socket.<anonymous> (/Users/creator/workspace/furuida/node_modules/mongodb-core/lib/connection/connection.js:185:10)
    at Socket.g (events.js:291:16)
    at emitNone (events.js:86:13)
    at Socket.emit (events.js:185:7)
    at Socket._onTimeout (net.js:339:8)
    at ontimeout (timers.js:365:14)
    at tryOnTimeout (timers.js:237:5)
[2017-04-05 17:26:51.556] [ERROR] console - Connection Error: Error: connection timeout
    at Db.<anonymous> (/Users/creator/workspace/furuida/node_modules/mongoose/lib/drivers/node-mongodb-native/connection.js:169:17)
    at emitTwo (events.js:106:13)
    at Db.emit (events.js:191:7)
    at Server.listener (/Users/creator/workspace/furuida/node_modules/mongodb/lib/db.js:1798:14)
    at emitOne (events.js:96:13)
    at Server.emit (events.js:188:7)
    at Server.<anonymous> (/Users/creator/workspace/furuida/node_modules/mongodb/lib/server.js:274:14)
    at emitOne (events.js:96:13)
    at Server.emit (events.js:188:7)
    at Pool.<anonymous> (/Users/creator/workspace/furuida/node_modules/mongodb-core/lib/topologies/server.js:335:12)
    at emitOne (events.js:96:13)
    at Pool.emit (events.js:188:7)
    at Connection.<anonymous> (/Users/creator/workspace/furuida/node_modules/mongodb-core/lib/connection/pool.js:270:12)
    at emitTwo (events.js:106:13)
    at Connection.emit (events.js:191:7)
    at Socket.<anonymous> (/Users/creator/workspace/furuida/node_modules/mongodb-core/lib/connection/connection.js:185:10)
    at Socket.g (events.js:291:16)
    at emitNone (events.js:86:13)
    at Socket.emit (events.js:185:7)
    at Socket._onTimeout (net.js:339:8)
    at ontimeout (timers.js:365:14)
    at tryOnTimeout (timers.js:237:5)
[2017-04-05 17:39:39.492] [ERROR] console - Connection Error: Error: connection timeout
    at Db.<anonymous> (/Users/creator/workspace/furuida/node_modules/mongoose/lib/drivers/node-mongodb-native/connection.js:169:17)
    at emitTwo (events.js:106:13)
    at Db.emit (events.js:191:7)
    at Server.listener (/Users/creator/workspace/furuida/node_modules/mongodb/lib/db.js:1798:14)
    at emitOne (events.js:96:13)
    at Server.emit (events.js:188:7)
    at Server.<anonymous> (/Users/creator/workspace/furuida/node_modules/mongodb/lib/server.js:274:14)
    at emitOne (events.js:96:13)
    at Server.emit (events.js:188:7)
    at Pool.<anonymous> (/Users/creator/workspace/furuida/node_modules/mongodb-core/lib/topologies/server.js:335:12)
    at emitOne (events.js:96:13)
    at Pool.emit (events.js:188:7)
    at Connection.<anonymous> (/Users/creator/workspace/furuida/node_modules/mongodb-core/lib/connection/pool.js:270:12)
    at emitTwo (events.js:106:13)
    at Connection.emit (events.js:191:7)
    at Socket.<anonymous> (/Users/creator/workspace/furuida/node_modules/mongodb-core/lib/connection/connection.js:185:10)
    at Socket.g (events.js:291:16)
    at emitNone (events.js:86:13)
    at Socket.emit (events.js:185:7)
    at Socket._onTimeout (net.js:339:8)
    at ontimeout (timers.js:365:14)
    at tryOnTimeout (timers.js:237:5)
[2017-04-05 17:40:21.074] [ERROR] console - Connection Error: Error: connection timeout
    at Db.<anonymous> (/Users/creator/workspace/furuida/node_modules/mongoose/lib/drivers/node-mongodb-native/connection.js:169:17)
    at emitTwo (events.js:106:13)
    at Db.emit (events.js:191:7)
    at Server.listener (/Users/creator/workspace/furuida/node_modules/mongodb/lib/db.js:1798:14)
    at emitOne (events.js:96:13)
    at Server.emit (events.js:188:7)
    at Server.<anonymous> (/Users/creator/workspace/furuida/node_modules/mongodb/lib/server.js:274:14)
    at emitOne (events.js:96:13)
    at Server.emit (events.js:188:7)
    at Pool.<anonymous> (/Users/creator/workspace/furuida/node_modules/mongodb-core/lib/topologies/server.js:335:12)
    at emitOne (events.js:96:13)
    at Pool.emit (events.js:188:7)
    at Connection.<anonymous> (/Users/creator/workspace/furuida/node_modules/mongodb-core/lib/connection/pool.js:270:12)
    at emitTwo (events.js:106:13)
    at Connection.emit (events.js:191:7)
    at Socket.<anonymous> (/Users/creator/workspace/furuida/node_modules/mongodb-core/lib/connection/connection.js:185:10)
    at Socket.g (events.js:291:16)
    at emitNone (events.js:86:13)
    at Socket.emit (events.js:185:7)
    at Socket._onTimeout (net.js:339:8)
    at ontimeout (timers.js:365:14)
    at tryOnTimeout (timers.js:237:5)
[2017-04-05 17:48:27.186] [ERROR] console - Connection Error: Error: connection timeout
    at Db.<anonymous> (/Users/creator/workspace/furuida/node_modules/mongoose/lib/drivers/node-mongodb-native/connection.js:169:17)
    at emitTwo (events.js:106:13)
    at Db.emit (events.js:191:7)
    at Server.listener (/Users/creator/workspace/furuida/node_modules/mongodb/lib/db.js:1798:14)
    at emitOne (events.js:96:13)
    at Server.emit (events.js:188:7)
    at Server.<anonymous> (/Users/creator/workspace/furuida/node_modules/mongodb/lib/server.js:274:14)
    at emitOne (events.js:96:13)
    at Server.emit (events.js:188:7)
    at Pool.<anonymous> (/Users/creator/workspace/furuida/node_modules/mongodb-core/lib/topologies/server.js:335:12)
    at emitOne (events.js:96:13)
    at Pool.emit (events.js:188:7)
    at Connection.<anonymous> (/Users/creator/workspace/furuida/node_modules/mongodb-core/lib/connection/pool.js:270:12)
    at emitTwo (events.js:106:13)
    at Connection.emit (events.js:191:7)
    at Socket.<anonymous> (/Users/creator/workspace/furuida/node_modules/mongodb-core/lib/connection/connection.js:185:10)
    at Socket.g (events.js:291:16)
    at emitNone (events.js:86:13)
    at Socket.emit (events.js:185:7)
    at Socket._onTimeout (net.js:339:8)
    at ontimeout (timers.js:365:14)
    at tryOnTimeout (timers.js:237:5)
[2017-04-05 17:53:05.501] [ERROR] console - Connection Error: Error: connection timeout
    at Db.<anonymous> (/Users/creator/workspace/furuida/node_modules/mongoose/lib/drivers/node-mongodb-native/connection.js:169:17)
    at emitTwo (events.js:106:13)
    at Db.emit (events.js:191:7)
    at Server.listener (/Users/creator/workspace/furuida/node_modules/mongodb/lib/db.js:1798:14)
    at emitOne (events.js:96:13)
    at Server.emit (events.js:188:7)
    at Server.<anonymous> (/Users/creator/workspace/furuida/node_modules/mongodb/lib/server.js:274:14)
    at emitOne (events.js:96:13)
    at Server.emit (events.js:188:7)
    at Pool.<anonymous> (/Users/creator/workspace/furuida/node_modules/mongodb-core/lib/topologies/server.js:335:12)
    at emitOne (events.js:96:13)
    at Pool.emit (events.js:188:7)
    at Connection.<anonymous> (/Users/creator/workspace/furuida/node_modules/mongodb-core/lib/connection/pool.js:270:12)
    at emitTwo (events.js:106:13)
    at Connection.emit (events.js:191:7)
    at Socket.<anonymous> (/Users/creator/workspace/furuida/node_modules/mongodb-core/lib/connection/connection.js:185:10)
    at Socket.g (events.js:291:16)
    at emitNone (events.js:86:13)
    at Socket.emit (events.js:185:7)
    at Socket._onTimeout (net.js:339:8)
    at ontimeout (timers.js:365:14)
    at tryOnTimeout (timers.js:237:5)
[2017-04-05 17:53:46.745] [ERROR] console - Connection Error: Error: connection timeout
    at Db.<anonymous> (/Users/creator/workspace/furuida/node_modules/mongoose/lib/drivers/node-mongodb-native/connection.js:169:17)
    at emitTwo (events.js:106:13)
    at Db.emit (events.js:191:7)
    at Server.listener (/Users/creator/workspace/furuida/node_modules/mongodb/lib/db.js:1798:14)
    at emitOne (events.js:96:13)
    at Server.emit (events.js:188:7)
    at Server.<anonymous> (/Users/creator/workspace/furuida/node_modules/mongodb/lib/server.js:274:14)
    at emitOne (events.js:96:13)
    at Server.emit (events.js:188:7)
    at Pool.<anonymous> (/Users/creator/workspace/furuida/node_modules/mongodb-core/lib/topologies/server.js:335:12)
    at emitOne (events.js:96:13)
    at Pool.emit (events.js:188:7)
    at Connection.<anonymous> (/Users/creator/workspace/furuida/node_modules/mongodb-core/lib/connection/pool.js:270:12)
    at emitTwo (events.js:106:13)
    at Connection.emit (events.js:191:7)
    at Socket.<anonymous> (/Users/creator/workspace/furuida/node_modules/mongodb-core/lib/connection/connection.js:185:10)
    at Socket.g (events.js:291:16)
    at emitNone (events.js:86:13)
    at Socket.emit (events.js:185:7)
    at Socket._onTimeout (net.js:339:8)
    at ontimeout (timers.js:365:14)
    at tryOnTimeout (timers.js:237:5)
[2017-04-05 17:55:17.128] [ERROR] console - Connection Error: Error: connection timeout
    at Db.<anonymous> (/Users/creator/workspace/furuida/node_modules/mongoose/lib/drivers/node-mongodb-native/connection.js:169:17)
    at emitTwo (events.js:106:13)
    at Db.emit (events.js:191:7)
    at Server.listener (/Users/creator/workspace/furuida/node_modules/mongodb/lib/db.js:1798:14)
    at emitOne (events.js:96:13)
    at Server.emit (events.js:188:7)
    at Server.<anonymous> (/Users/creator/workspace/furuida/node_modules/mongodb/lib/server.js:274:14)
    at emitOne (events.js:96:13)
    at Server.emit (events.js:188:7)
    at Pool.<anonymous> (/Users/creator/workspace/furuida/node_modules/mongodb-core/lib/topologies/server.js:335:12)
    at emitOne (events.js:96:13)
    at Pool.emit (events.js:188:7)
    at Connection.<anonymous> (/Users/creator/workspace/furuida/node_modules/mongodb-core/lib/connection/pool.js:270:12)
    at emitTwo (events.js:106:13)
    at Connection.emit (events.js:191:7)
    at Socket.<anonymous> (/Users/creator/workspace/furuida/node_modules/mongodb-core/lib/connection/connection.js:185:10)
    at Socket.g (events.js:291:16)
    at emitNone (events.js:86:13)
    at Socket.emit (events.js:185:7)
    at Socket._onTimeout (net.js:339:8)
    at ontimeout (timers.js:365:14)
    at tryOnTimeout (timers.js:237:5)
[2017-04-05 18:01:11.392] [ERROR] console - Connection Error: Error: connection timeout
    at Db.<anonymous> (/Users/creator/workspace/furuida/node_modules/mongoose/lib/drivers/node-mongodb-native/connection.js:169:17)
    at emitTwo (events.js:106:13)
    at Db.emit (events.js:191:7)
    at Server.listener (/Users/creator/workspace/furuida/node_modules/mongodb/lib/db.js:1798:14)
    at emitOne (events.js:96:13)
    at Server.emit (events.js:188:7)
    at Server.<anonymous> (/Users/creator/workspace/furuida/node_modules/mongodb/lib/server.js:274:14)
    at emitOne (events.js:96:13)
    at Server.emit (events.js:188:7)
    at Pool.<anonymous> (/Users/creator/workspace/furuida/node_modules/mongodb-core/lib/topologies/server.js:335:12)
    at emitOne (events.js:96:13)
    at Pool.emit (events.js:188:7)
    at Connection.<anonymous> (/Users/creator/workspace/furuida/node_modules/mongodb-core/lib/connection/pool.js:270:12)
    at emitTwo (events.js:106:13)
    at Connection.emit (events.js:191:7)
    at Socket.<anonymous> (/Users/creator/workspace/furuida/node_modules/mongodb-core/lib/connection/connection.js:185:10)
    at Socket.g (events.js:291:16)
    at emitNone (events.js:86:13)
    at Socket.emit (events.js:185:7)
    at Socket._onTimeout (net.js:339:8)
    at ontimeout (timers.js:365:14)
    at tryOnTimeout (timers.js:237:5)
[2017-04-05 18:52:31.018] [ERROR] console - Connection Error: Error: connection timeout
    at Db.<anonymous> (/Users/creator/workspace/furuida/node_modules/mongoose/lib/drivers/node-mongodb-native/connection.js:169:17)
    at emitTwo (events.js:106:13)
    at Db.emit (events.js:191:7)
    at Server.listener (/Users/creator/workspace/furuida/node_modules/mongodb/lib/db.js:1798:14)
    at emitOne (events.js:96:13)
    at Server.emit (events.js:188:7)
    at Server.<anonymous> (/Users/creator/workspace/furuida/node_modules/mongodb/lib/server.js:274:14)
    at emitOne (events.js:96:13)
    at Server.emit (events.js:188:7)
    at Pool.<anonymous> (/Users/creator/workspace/furuida/node_modules/mongodb-core/lib/topologies/server.js:335:12)
    at emitOne (events.js:96:13)
    at Pool.emit (events.js:188:7)
    at Connection.<anonymous> (/Users/creator/workspace/furuida/node_modules/mongodb-core/lib/connection/pool.js:270:12)
    at emitTwo (events.js:106:13)
    at Connection.emit (events.js:191:7)
    at Socket.<anonymous> (/Users/creator/workspace/furuida/node_modules/mongodb-core/lib/connection/connection.js:185:10)
    at Socket.g (events.js:291:16)
    at emitNone (events.js:86:13)
    at Socket.emit (events.js:185:7)
    at Socket._onTimeout (net.js:339:8)
    at ontimeout (timers.js:365:14)
    at tryOnTimeout (timers.js:237:5)
