[2017-05-11 14:47:32.991] [INFO] console - Happy[1]: Version: 3.0.3. Using cache? yes. Threads: 3
[2017-05-11 14:47:33.077] [INFO] console - Happy[1]: Loaded 428 entries from cache. (0 were stale)
[2017-05-11 14:47:33.245] [INFO] console - Mongodb Connect Success!!!
[2017-05-11 14:47:33.263] [INFO] console - Happy[1]: All set; signalling webpack to proceed.
[2017-05-11 14:47:33.266] [INFO] console - webpack building...
[2017-05-11 14:47:49.126] [INFO] console - webpack built 2de1b14570d8708dc3ca in 16103ms
[2017-05-11 14:48:20.272] [INFO] console - /admin
[2017-05-11 14:48:20.277] [INFO] ::1 - GET /admin Mozilla/5.0 (Macintosh; Intel Mac OS X 10_12_4) AppleWebKit/537.36 (KHTML, like Gecko) Chrome/58.0.3029.81 Safari/537.36
[2017-05-11 14:48:20.325] [INFO] console - 1
[2017-05-11 14:48:22.525] [INFO] console - /favicon.ico
[2017-05-11 14:48:22.526] [INFO] ::1 - GET /favicon.ico Mozilla/5.0 (Macintosh; Intel Mac OS X 10_12_4) AppleWebKit/537.36 (KHTML, like Gecko) Chrome/58.0.3029.81 Safari/537.36
[2017-05-11 14:48:22.534] [INFO] console - 2
[2017-05-11 14:48:27.354] [INFO] console - /
[2017-05-11 14:48:27.354] [INFO] ::1 - GET / Mozilla/5.0 (Macintosh; Intel Mac OS X 10_12_4) AppleWebKit/537.36 (KHTML, like Gecko) Chrome/58.0.3029.81 Safari/537.36
[2017-05-11 14:48:27.368] [INFO] console - 3
[2017-05-11 14:48:27.406] [INFO] console - [ { _id: 58427eb986af6613f74558ae,
    className: '调压装置',
    classInfo: '这是产品分类11111',
    classSort: 1,
    display: true },
  { _id: 58427ec186af6613f74558af,
    className: '工作装置',
    classInfo: '这是产品分类22222',
    classSort: 2,
    display: true },
  { _id: 58427ec986af6613f74558b0,
    className: '动力装置',
    classInfo: '这是产品分类33333',
    classSort: 3,
    display: true },
  { _id: 586d19e53ea422c63deb868c,
    className: '其他装置',
    classInfo: '其他装置是干什么的呢，其实我也不知道，嘎嘎嘎',
    classSort: 4,
    display: true } ]
[2017-05-11 14:48:27.950] [INFO] ::1 - GET /api/product/getIndexProduct Mozilla/5.0 (Macintosh; Intel Mac OS X 10_12_4) AppleWebKit/537.36 (KHTML, like Gecko) Chrome/58.0.3029.81 Safari/537.36
[2017-05-11 14:48:27.985] [INFO] console - [ { _id: 58427eb986af6613f74558ae,
    className: '调压装置',
    classInfo: '这是产品分类11111',
    classSort: 1,
    display: true },
  { _id: 58427ec186af6613f74558af,
    className: '工作装置',
    classInfo: '这是产品分类22222',
    classSort: 2,
    display: true },
  { _id: 58427ec986af6613f74558b0,
    className: '动力装置',
    classInfo: '这是产品分类33333',
    classSort: 3,
    display: true },
  { _id: 586d19e53ea422c63deb868c,
    className: '其他装置',
    classInfo: '其他装置是干什么的呢，其实我也不知道，嘎嘎嘎',
    classSort: 4,
    display: true } ]
[2017-05-11 14:48:42.659] [INFO] console - /product
[2017-05-11 14:48:42.659] [INFO] ::1 - GET /product Mozilla/5.0 (Macintosh; Intel Mac OS X 10_12_4) AppleWebKit/537.36 (KHTML, like Gecko) Chrome/58.0.3029.81 Safari/537.36
[2017-05-11 14:48:42.661] [INFO] console - 4
[2017-05-11 14:48:42.693] [INFO] console - [ { _id: 58427eb986af6613f74558ae,
    className: '调压装置',
    classInfo: '这是产品分类11111',
    classSort: 1,
    display: true },
  { _id: 58427ec186af6613f74558af,
    className: '工作装置',
    classInfo: '这是产品分类22222',
    classSort: 2,
    display: true },
  { _id: 58427ec986af6613f74558b0,
    className: '动力装置',
    classInfo: '这是产品分类33333',
    classSort: 3,
    display: true },
  { _id: 586d19e53ea422c63deb868c,
    className: '其他装置',
    classInfo: '其他装置是干什么的呢，其实我也不知道，嘎嘎嘎',
    classSort: 4,
    display: true } ]
[2017-05-11 14:48:50.092] [INFO] console - /product
[2017-05-11 14:48:50.093] [INFO] ::1 - GET /product Mozilla/5.0 (Macintosh; Intel Mac OS X 10_12_4) AppleWebKit/537.36 (KHTML, like Gecko) Chrome/58.0.3029.81 Safari/537.36
[2017-05-11 14:48:50.094] [INFO] console - 5
[2017-05-11 14:48:50.125] [INFO] console - [ { _id: 58427eb986af6613f74558ae,
    className: '调压装置',
    classInfo: '这是产品分类11111',
    classSort: 1,
    display: true },
  { _id: 58427ec186af6613f74558af,
    className: '工作装置',
    classInfo: '这是产品分类22222',
    classSort: 2,
    display: true },
  { _id: 58427ec986af6613f74558b0,
    className: '动力装置',
    classInfo: '这是产品分类33333',
    classSort: 3,
    display: true },
  { _id: 586d19e53ea422c63deb868c,
    className: '其他装置',
    classInfo: '其他装置是干什么的呢，其实我也不知道，嘎嘎嘎',
    classSort: 4,
    display: true } ]
[2017-05-11 14:49:59.058] [INFO] console - /product
[2017-05-11 14:49:59.058] [INFO] ::1 - GET /product Mozilla/5.0 (Macintosh; Intel Mac OS X 10_12_4) AppleWebKit/537.36 (KHTML, like Gecko) Chrome/58.0.3029.81 Safari/537.36
[2017-05-11 14:49:59.060] [INFO] console - 6
[2017-05-11 14:49:59.091] [INFO] console - [ { _id: 58427eb986af6613f74558ae,
    className: '调压装置',
    classInfo: '这是产品分类11111',
    classSort: 1,
    display: true },
  { _id: 58427ec186af6613f74558af,
    className: '工作装置',
    classInfo: '这是产品分类22222',
    classSort: 2,
    display: true },
  { _id: 58427ec986af6613f74558b0,
    className: '动力装置',
    classInfo: '这是产品分类33333',
    classSort: 3,
    display: true },
  { _id: 586d19e53ea422c63deb868c,
    className: '其他装置',
    classInfo: '其他装置是干什么的呢，其实我也不知道，嘎嘎嘎',
    classSort: 4,
    display: true } ]
[2017-05-11 14:50:05.509] [INFO] console - /product
[2017-05-11 14:50:05.509] [INFO] ::1 - GET /product Mozilla/5.0 (Macintosh; Intel Mac OS X 10_12_4) AppleWebKit/537.36 (KHTML, like Gecko) Chrome/58.0.3029.81 Safari/537.36
[2017-05-11 14:50:05.514] [INFO] console - 7
[2017-05-11 14:50:07.428] [INFO] console - /news
[2017-05-11 14:50:07.429] [INFO] ::1 - GET /news Mozilla/5.0 (Macintosh; Intel Mac OS X 10_12_4) AppleWebKit/537.36 (KHTML, like Gecko) Chrome/58.0.3029.81 Safari/537.36
[2017-05-11 14:50:07.431] [INFO] console - 8
[2017-05-11 14:50:08.587] [INFO] console - [ { _id: 58427eb986af6613f74558ae,
    className: '调压装置',
    classInfo: '这是产品分类11111',
    classSort: 1,
    display: true },
  { _id: 58427ec186af6613f74558af,
    className: '工作装置',
    classInfo: '这是产品分类22222',
    classSort: 2,
    display: true },
  { _id: 58427ec986af6613f74558b0,
    className: '动力装置',
    classInfo: '这是产品分类33333',
    classSort: 3,
    display: true },
  { _id: 586d19e53ea422c63deb868c,
    className: '其他装置',
    classInfo: '其他装置是干什么的呢，其实我也不知道，嘎嘎嘎',
    classSort: 4,
    display: true } ]
[2017-05-11 14:50:08.592] [INFO] console - [ { _id: 58427eb986af6613f74558ae,
    className: '调压装置',
    classInfo: '这是产品分类11111',
    classSort: 1,
    display: true },
  { _id: 58427ec186af6613f74558af,
    className: '工作装置',
    classInfo: '这是产品分类22222',
    classSort: 2,
    display: true },
  { _id: 58427ec986af6613f74558b0,
    className: '动力装置',
    classInfo: '这是产品分类33333',
    classSort: 3,
    display: true },
  { _id: 586d19e53ea422c63deb868c,
    className: '其他装置',
    classInfo: '其他装置是干什么的呢，其实我也不知道，嘎嘎嘎',
    classSort: 4,
    display: true } ]
[2017-05-11 14:50:15.535] [INFO] console - /contact
[2017-05-11 14:50:15.536] [INFO] ::1 - GET /contact Mozilla/5.0 (Macintosh; Intel Mac OS X 10_12_4) AppleWebKit/537.36 (KHTML, like Gecko) Chrome/58.0.3029.81 Safari/537.36
[2017-05-11 14:50:15.538] [INFO] console - 9
[2017-05-11 14:50:15.570] [INFO] console - [ { _id: 58427eb986af6613f74558ae,
    className: '调压装置',
    classInfo: '这是产品分类11111',
    classSort: 1,
    display: true },
  { _id: 58427ec186af6613f74558af,
    className: '工作装置',
    classInfo: '这是产品分类22222',
    classSort: 2,
    display: true },
  { _id: 58427ec986af6613f74558b0,
    className: '动力装置',
    classInfo: '这是产品分类33333',
    classSort: 3,
    display: true },
  { _id: 586d19e53ea422c63deb868c,
    className: '其他装置',
    classInfo: '其他装置是干什么的呢，其实我也不知道，嘎嘎嘎',
    classSort: 4,
    display: true } ]
