[2017-04-10 15:04:43.132] [INFO] console - Happy[1]: Version: 3.0.3. Using cache? yes. Threads: 3
[2017-04-10 15:04:43.261] [INFO] console - Happy[1]: Loaded 427 entries from cache. (0 were stale)
[2017-04-10 15:04:43.393] [INFO] console - Mongodb Connect Success!!!
[2017-04-10 15:04:43.436] [INFO] console - Happy[1]: All set; signalling webpack to proceed.
[2017-04-10 15:04:43.440] [INFO] console - webpack building...
[2017-04-10 15:04:59.829] [INFO] console - webpack built dcab13e5e55c930c8cb5 in 16679ms
[2017-04-10 15:04:59.955] [INFO] console - Hash: [1mdcab13e5e55c930c8cb5[39m[22m
Version: webpack [1m2.2.1[39m[22m
Time: [1m16679[39m[22mms
                     [1mAsset[39m[22m     [1mSize[39m[22m  [1mChunks[39m[22m  [1m[39m[22m           [1m[39m[22m       [1mChunk Names[39m[22m
[1m[33mjs/admin/index.js?dcab13e5[39m[22m  [1m[33m12.6 MB[39m[22m    [1m0, 6[39m[22m  [1m[32m[emitted][39m[22m  [1m[33m[big][39m[22m  admin/index
   [1m[33mjs/register.js?dcab13e5[39m[22m  [1m[33m1.18 MB[39m[22m    [1m1, 6[39m[22m  [1m[32m[emitted][39m[22m  [1m[33m[big][39m[22m  register
      [1m[33mjs/index.js?dcab13e5[39m[22m  [1m[33m1.42 MB[39m[22m    [1m2, 6[39m[22m  [1m[32m[emitted][39m[22m  [1m[33m[big][39m[22m  index
    [1m[33mjs/product.js?dcab13e5[39m[22m   [1m[33m729 kB[39m[22m    [1m3, 6[39m[22m  [1m[32m[emitted][39m[22m  [1m[33m[big][39m[22m  product
[1m[33mjs/showproduct.js?dcab13e5[39m[22m   [1m[33m519 kB[39m[22m    [1m4, 6[39m[22m  [1m[32m[emitted][39m[22m  [1m[33m[big][39m[22m  showproduct
[1m[32mjs/admin/login.js?dcab13e5[39m[22m  1.57 kB    [1m5, 6[39m[22m  [1m[32m[emitted][39m[22m         admin/login
              [1m[32mjs/vendor.js[39m[22m  13.6 kB       [1m6[39m[22m  [1m[32m[emitted][39m[22m         vendor
chunk    {[1m[33m0[39m[22m} [1m[32mjs/admin/index.js?dcab13e5[39m[22m (admin/index) 3.21 MB {[1m[33m6[39m[22m}[1m[33m [initial][39m[22m[1m[32m [rendered][39m[22m
    [0] [1mexternal "React"[39m[22m 42 bytes {[1m[33m0[39m[22m} {[1m[33m1[39m[22m} {[1m[33m5[39m[22m}[1m[31m [not cacheable][39m[22m
    [1] [1m./~/jquery/dist/jquery.min.js[39m[22m 125 kB {[1m[33m0[39m[22m} {[1m[33m1[39m[22m} {[1m[33m2[39m[22m} {[1m[33m3[39m[22m} {[1m[33m4[39m[22m}[1m[32m [built][39m[22m
    [2] [1mexternal "ReactDOM"[39m[22m 42 bytes {[1m[33m0[39m[22m} {[1m[33m1[39m[22m} {[1m[33m5[39m[22m}[1m[31m [not cacheable][39m[22m
   [12] [1mexternal "ReactRouter"[39m[22m 42 bytes {[1m[33m0[39m[22m}[1m[31m [not cacheable][39m[22m
   [70] [1m./public/src/js/admin/components/user.jsx[39m[22m 4.82 kB {[1m[33m0[39m[22m}[1m[32m [built][39m[22m
   [71] [1mexternal "ReactRouterRedux"[39m[22m 42 bytes {[1m[33m0[39m[22m}[1m[31m [not cacheable][39m[22m
  [103] [1m./public/src/js/admin/components/app.jsx[39m[22m 6.03 kB {[1m[33m0[39m[22m}[1m[32m [built][39m[22m
  [104] [1m./public/src/js/admin/components/dashboard.jsx[39m[22m 3.48 kB {[1m[33m0[39m[22m}[1m[32m [built][39m[22m
  [105] [1m./public/src/js/admin/components/product/addproduct.jsx[39m[22m 2.62 kB {[1m[33m0[39m[22m}[1m[32m [built][39m[22m
  [106] [1m./public/src/js/admin/components/product/classify.jsx[39m[22m 2.34 kB {[1m[33m0[39m[22m}[1m[32m [built][39m[22m
  [107] [1m./public/src/js/admin/components/product/list.jsx[39m[22m 3.99 kB {[1m[33m0[39m[22m}[1m[32m [built][39m[22m
  [108] [1m./public/src/js/admin/components/product/product.jsx[39m[22m 6.43 kB {[1m[33m0[39m[22m}[1m[32m [built][39m[22m
  [109] [1m./public/src/js/admin/redux/config_store.js[39m[22m 888 bytes {[1m[33m0[39m[22m}[1m[32m [built][39m[22m
  [117] [1m./~/antd/dist/antd.css[39m[22m 856 bytes {[1m[33m0[39m[22m}[1m[32m [built][39m[22m
  [255] [1m./public/src/js/admin/index.jsx[39m[22m 2.98 kB {[1m[33m0[39m[22m}[1m[32m [built][39m[22m
     + 210 hidden modules
chunk    {[1m[33m1[39m[22m} [1m[32mjs/register.js?dcab13e5[39m[22m (register) 304 kB {[1m[33m6[39m[22m}[1m[33m [initial][39m[22m[1m[32m [rendered][39m[22m
    [0] [1mexternal "React"[39m[22m 42 bytes {[1m[33m0[39m[22m} {[1m[33m1[39m[22m} {[1m[33m5[39m[22m}[1m[31m [not cacheable][39m[22m
    [1] [1m./~/jquery/dist/jquery.min.js[39m[22m 125 kB {[1m[33m0[39m[22m} {[1m[33m1[39m[22m} {[1m[33m2[39m[22m} {[1m[33m3[39m[22m} {[1m[33m4[39m[22m}[1m[32m [built][39m[22m
    [2] [1mexternal "ReactDOM"[39m[22m 42 bytes {[1m[33m0[39m[22m} {[1m[33m1[39m[22m} {[1m[33m5[39m[22m}[1m[31m [not cacheable][39m[22m
    [5] [1m(webpack)/buildin/module.js[39m[22m 521 bytes {[1m[33m0[39m[22m} {[1m[33m1[39m[22m} {[1m[33m2[39m[22m} {[1m[33m3[39m[22m} {[1m[33m4[39m[22m}[1m[32m [built][39m[22m
    [6] [1m(webpack)/buildin/amd-options.js[39m[22m 82 bytes {[1m[33m0[39m[22m} {[1m[33m1[39m[22m} {[1m[33m2[39m[22m} {[1m[33m3[39m[22m} {[1m[33m4[39m[22m}[1m[32m [built][39m[22m
   [25] [1mexternal "Redux"[39m[22m 42 bytes {[1m[33m0[39m[22m} {[1m[33m1[39m[22m}[1m[31m [not cacheable][39m[22m
   [26] [1mexternal "ReactRedux"[39m[22m 42 bytes {[1m[33m0[39m[22m} {[1m[33m1[39m[22m}[1m[31m [not cacheable][39m[22m
  [102] [1m./~/crypto-js/crypto-js.js[39m[22m 152 kB {[1m[33m1[39m[22m}[1m[32m [built][39m[22m
  [110] [1m./public/src/js/index/home.jsx[39m[22m 5.18 kB {[1m[33m1[39m[22m}[1m[32m [built][39m[22m
  [112] [1m./public/src/js/redux/index.jsx[39m[22m 791 bytes {[1m[33m1[39m[22m}[1m[32m [built][39m[22m
  [242] [1m./public/src/js/components/AddTodo.jsx[39m[22m 3.16 kB {[1m[33m1[39m[22m}[1m[32m [built][39m[22m
  [245] [1m./public/src/js/components/TodoList.jsx[39m[22m 3.25 kB {[1m[33m1[39m[22m}[1m[32m [built][39m[22m
  [246] [1m./public/src/js/containers/App.jsx[39m[22m 5 kB {[1m[33m1[39m[22m}[1m[32m [built][39m[22m
  [247] [1m./public/src/js/redux/reducer.jsx[39m[22m 1.8 kB {[1m[33m1[39m[22m}[1m[32m [built][39m[22m
  [260] [1m./public/src/js/register.js[39m[22m 751 bytes {[1m[33m1[39m[22m}[1m[32m [built][39m[22m
     + 3 hidden modules
chunk    {[1m[33m2[39m[22m} [1m[32mjs/index.js?dcab13e5[39m[22m (index) 354 kB {[1m[33m6[39m[22m}[1m[33m [initial][39m[22m[1m[32m [rendered][39m[22m
    [1] [1m./~/jquery/dist/jquery.min.js[39m[22m 125 kB {[1m[33m0[39m[22m} {[1m[33m1[39m[22m} {[1m[33m2[39m[22m} {[1m[33m3[39m[22m} {[1m[33m4[39m[22m}[1m[32m [built][39m[22m
    [5] [1m(webpack)/buildin/module.js[39m[22m 521 bytes {[1m[33m0[39m[22m} {[1m[33m1[39m[22m} {[1m[33m2[39m[22m} {[1m[33m3[39m[22m} {[1m[33m4[39m[22m}[1m[32m [built][39m[22m
    [6] [1m(webpack)/buildin/amd-options.js[39m[22m 82 bytes {[1m[33m0[39m[22m} {[1m[33m1[39m[22m} {[1m[33m2[39m[22m} {[1m[33m3[39m[22m} {[1m[33m4[39m[22m}[1m[32m [built][39m[22m
   [13] [1m./public/src/js/module/navigation.js[39m[22m 291 bytes {[1m[33m2[39m[22m} {[1m[33m3[39m[22m} {[1m[33m4[39m[22m}[1m[32m [built][39m[22m
   [33] [1m./~/underscore/underscore.js[39m[22m 53.8 kB {[1m[33m2[39m[22m} {[1m[33m3[39m[22m}[1m[32m [built][39m[22m
   [34] [1m./public/src/js/module/pagination.js[39m[22m 1.25 kB {[1m[33m2[39m[22m} {[1m[33m3[39m[22m}[1m[32m [built][39m[22m
  [101] [1m./~/bootstrap/dist/js/bootstrap.min.js[39m[22m 45.3 kB {[1m[33m2[39m[22m}[1m[32m [built][39m[22m
  [113] [1m./public/src/js_components/swiper/dist/js/swiper.min.js[39m[22m 122 kB {[1m[33m2[39m[22m}[1m[32m [built][39m[22m
  [114] [1m./public/src/js/tpl/tpl-classify-list.html[39m[22m 867 bytes {[1m[33m2[39m[22m}[1m[32m [built][39m[22m
  [115] [1m./public/src/js/tpl/tpl-product-list.html[39m[22m 364 bytes {[1m[33m2[39m[22m}[1m[32m [built][39m[22m
  [257] [1m./public/src/js/index.js[39m[22m 4.68 kB {[1m[33m2[39m[22m}[1m[32m [built][39m[22m
chunk    {[1m[33m3[39m[22m} [1m[32mjs/product.js?dcab13e5[39m[22m (product) 184 kB {[1m[33m6[39m[22m}[1m[33m [initial][39m[22m[1m[32m [rendered][39m[22m
    [1] [1m./~/jquery/dist/jquery.min.js[39m[22m 125 kB {[1m[33m0[39m[22m} {[1m[33m1[39m[22m} {[1m[33m2[39m[22m} {[1m[33m3[39m[22m} {[1m[33m4[39m[22m}[1m[32m [built][39m[22m
    [5] [1m(webpack)/buildin/module.js[39m[22m 521 bytes {[1m[33m0[39m[22m} {[1m[33m1[39m[22m} {[1m[33m2[39m[22m} {[1m[33m3[39m[22m} {[1m[33m4[39m[22m}[1m[32m [built][39m[22m
    [6] [1m(webpack)/buildin/amd-options.js[39m[22m 82 bytes {[1m[33m0[39m[22m} {[1m[33m1[39m[22m} {[1m[33m2[39m[22m} {[1m[33m3[39m[22m} {[1m[33m4[39m[22m}[1m[32m [built][39m[22m
   [13] [1m./public/src/js/module/navigation.js[39m[22m 291 bytes {[1m[33m2[39m[22m} {[1m[33m3[39m[22m} {[1m[33m4[39m[22m}[1m[32m [built][39m[22m
   [33] [1m./~/underscore/underscore.js[39m[22m 53.8 kB {[1m[33m2[39m[22m} {[1m[33m3[39m[22m}[1m[32m [built][39m[22m
   [34] [1m./public/src/js/module/pagination.js[39m[22m 1.25 kB {[1m[33m2[39m[22m} {[1m[33m3[39m[22m}[1m[32m [built][39m[22m
  [111] [1m./public/src/js/module/common.js[39m[22m 729 bytes {[1m[33m3[39m[22m}[1m[32m [built][39m[22m
  [116] [1m./public/src/js/tpl/tpl-product-list2.html[39m[22m 393 bytes {[1m[33m3[39m[22m}[1m[32m [built][39m[22m
  [258] [1m./public/src/js/product/product.js[39m[22m 2.72 kB {[1m[33m3[39m[22m}[1m[32m [built][39m[22m
chunk    {[1m[33m4[39m[22m} [1m[32mjs/showproduct.js?dcab13e5[39m[22m (showproduct) 126 kB {[1m[33m6[39m[22m}[1m[33m [initial][39m[22m[1m[32m [rendered][39m[22m
    [1] [1m./~/jquery/dist/jquery.min.js[39m[22m 125 kB {[1m[33m0[39m[22m} {[1m[33m1[39m[22m} {[1m[33m2[39m[22m} {[1m[33m3[39m[22m} {[1m[33m4[39m[22m}[1m[32m [built][39m[22m
    [5] [1m(webpack)/buildin/module.js[39m[22m 521 bytes {[1m[33m0[39m[22m} {[1m[33m1[39m[22m} {[1m[33m2[39m[22m} {[1m[33m3[39m[22m} {[1m[33m4[39m[22m}[1m[32m [built][39m[22m
    [6] [1m(webpack)/buildin/amd-options.js[39m[22m 82 bytes {[1m[33m0[39m[22m} {[1m[33m1[39m[22m} {[1m[33m2[39m[22m} {[1m[33m3[39m[22m} {[1m[33m4[39m[22m}[1m[32m [built][39m[22m
   [13] [1m./public/src/js/module/navigation.js[39m[22m 291 bytes {[1m[33m2[39m[22m} {[1m[33m3[39m[22m} {[1m[33m4[39m[22m}[1m[32m [built][39m[22m
  [259] [1m./public/src/js/product/showproduct.js[39m[22m 84 bytes {[1m[33m4[39m[22m}[1m[32m [built][39m[22m
chunk    {[1m[33m5[39m[22m} [1m[32mjs/admin/login.js?dcab13e5[39m[22m (admin/login) 365 bytes {[1m[33m6[39m[22m}[1m[33m [initial][39m[22m[1m[32m [rendered][39m[22m
    [0] [1mexternal "React"[39m[22m 42 bytes {[1m[33m0[39m[22m} {[1m[33m1[39m[22m} {[1m[33m5[39m[22m}[1m[31m [not cacheable][39m[22m
    [2] [1mexternal "ReactDOM"[39m[22m 42 bytes {[1m[33m0[39m[22m} {[1m[33m1[39m[22m} {[1m[33m5[39m[22m}[1m[31m [not cacheable][39m[22m
  [256] [1m./public/src/js/admin/login.jsx[39m[22m 281 bytes {[1m[33m5[39m[22m}[1m[32m [built][39m[22m
chunk    {[1m[33m6[39m[22m} [1m[32mjs/vendor.js[39m[22m (vendor) 0 bytes[1m[33m [entry][39m[22m[1m[32m [rendered][39m[22m

[1m[31mERROR in ./public/src/js/module/pagination.js
Module not found: Error: Can't resolve 'jqPaginator' in '/Users/creator/workspace/furuida/public/src/js/module'
 @ ./public/src/js/module/pagination.js 3:0-36:2
 @ ./public/src/js/index.js[39m[22m
[2017-04-10 15:05:31.426] [INFO] console - Happy[1]: Version: 3.0.3. Using cache? yes. Threads: 3
[2017-04-10 15:05:31.471] [INFO] console - Happy[1]: Loaded 427 entries from cache. (0 were stale)
[2017-04-10 15:05:31.541] [INFO] console - Mongodb Connect Success!!!
[2017-04-10 15:05:31.635] [INFO] console - Happy[1]: All set; signalling webpack to proceed.
[2017-04-10 15:05:31.638] [INFO] console - webpack building...
[2017-04-10 15:05:48.614] [INFO] console - webpack built e3730d27a5b9299f21d4 in 17168ms
[2017-04-10 15:06:53.108] [INFO] ::1 - GET /admin Mozilla/5.0 (Macintosh; Intel Mac OS X 10_12_3) AppleWebKit/537.36 (KHTML, like Gecko) Chrome/56.0.2924.87 Safari/537.36
[2017-04-10 15:06:54.704] [INFO] ::1 - GET / Mozilla/5.0 (Macintosh; Intel Mac OS X 10_12_3) AppleWebKit/537.36 (KHTML, like Gecko) Chrome/56.0.2924.87 Safari/537.36
[2017-04-10 15:06:54.761] [INFO] console - [ { _id: 58427eb986af6613f74558ae,
    className: 'è°ƒå‹è£…ç½®',
    classInfo: 'è¿™æ˜¯äº§å“åˆ†ç±»11111',
    classSort: 1,
    display: true },
  { _id: 58427ec186af6613f74558af,
    className: 'å·¥ä½œè£…ç½®',
    classInfo: 'è¿™æ˜¯äº§å“åˆ†ç±»22222',
    classSort: 2,
    display: true },
  { _id: 58427ec986af6613f74558b0,
    className: 'åŠ¨åŠ›è£…ç½®',
    classInfo: 'è¿™æ˜¯äº§å“åˆ†ç±»33333',
    classSort: 3,
    display: true },
  { _id: 586d19e53ea422c63deb868c,
    className: 'å…¶ä»–è£…ç½®',
    classInfo: 'å…¶ä»–è£…ç½®æ˜¯å¹²ä»€ä¹ˆçš„å‘¢ï¼Œå…¶å®æˆ‘ä¹Ÿä¸çŸ¥é“ï¼Œå˜å˜å˜',
    classSort: 4,
    display: true } ]
[2017-04-10 15:07:04.821] [INFO] ::1 - GET /product Mozilla/5.0 (Macintosh; Intel Mac OS X 10_12_3) AppleWebKit/537.36 (KHTML, like Gecko) Chrome/56.0.2924.87 Safari/537.36
[2017-04-10 15:07:04.855] [INFO] console - [ { _id: 58427eb986af6613f74558ae,
    className: 'è°ƒå‹è£…ç½®',
    classInfo: 'è¿™æ˜¯äº§å“åˆ†ç±»11111',
    classSort: 1,
    display: true },
  { _id: 58427ec186af6613f74558af,
    className: 'å·¥ä½œè£…ç½®',
    classInfo: 'è¿™æ˜¯äº§å“åˆ†ç±»22222',
    classSort: 2,
    display: true },
  { _id: 58427ec986af6613f74558b0,
    className: 'åŠ¨åŠ›è£…ç½®',
    classInfo: 'è¿™æ˜¯äº§å“åˆ†ç±»33333',
    classSort: 3,
    display: true },
  { _id: 586d19e53ea422c63deb868c,
    className: 'å…¶ä»–è£…ç½®',
    classInfo: 'å…¶ä»–è£…ç½®æ˜¯å¹²ä»€ä¹ˆçš„å‘¢ï¼Œå…¶å®æˆ‘ä¹Ÿä¸çŸ¥é“ï¼Œå˜å˜å˜',
    classSort: 4,
    display: true } ]
[2017-04-10 15:07:46.565] [INFO] ::1 - GET /product Mozilla/5.0 (Macintosh; Intel Mac OS X 10_12_3) AppleWebKit/537.36 (KHTML, like Gecko) Chrome/56.0.2924.87 Safari/537.36
[2017-04-10 15:07:46.617] [INFO] console - [ { _id: 58427eb986af6613f74558ae,
    className: 'è°ƒå‹è£…ç½®',
    classInfo: 'è¿™æ˜¯äº§å“åˆ†ç±»11111',
    classSort: 1,
    display: true },
  { _id: 58427ec186af6613f74558af,
    className: 'å·¥ä½œè£…ç½®',
    classInfo: 'è¿™æ˜¯äº§å“åˆ†ç±»22222',
    classSort: 2,
    display: true },
  { _id: 58427ec986af6613f74558b0,
    className: 'åŠ¨åŠ›è£…ç½®',
    classInfo: 'è¿™æ˜¯äº§å“åˆ†ç±»33333',
    classSort: 3,
    display: true },
  { _id: 586d19e53ea422c63deb868c,
    className: 'å…¶ä»–è£…ç½®',
    classInfo: 'å…¶ä»–è£…ç½®æ˜¯å¹²ä»€ä¹ˆçš„å‘¢ï¼Œå…¶å®æˆ‘ä¹Ÿä¸çŸ¥é“ï¼Œå˜å˜å˜',
    classSort: 4,
    display: true } ]
[2017-04-10 15:08:27.885] [INFO] ::1 - GET /product Mozilla/5.0 (Macintosh; Intel Mac OS X 10_12_3) AppleWebKit/537.36 (KHTML, like Gecko) Chrome/56.0.2924.87 Safari/537.36
[2017-04-10 15:08:27.940] [INFO] console - [ { _id: 58427eb986af6613f74558ae,
    className: 'è°ƒå‹è£…ç½®',
    classInfo: 'è¿™æ˜¯äº§å“åˆ†ç±»11111',
    classSort: 1,
    display: true },
  { _id: 58427ec186af6613f74558af,
    className: 'å·¥ä½œè£…ç½®',
    classInfo: 'è¿™æ˜¯äº§å“åˆ†ç±»22222',
    classSort: 2,
    display: true },
  { _id: 58427ec986af6613f74558b0,
    className: 'åŠ¨åŠ›è£…ç½®',
    classInfo: 'è¿™æ˜¯äº§å“åˆ†ç±»33333',
    classSort: 3,
    display: true },
  { _id: 586d19e53ea422c63deb868c,
    className: 'å…¶ä»–è£…ç½®',
    classInfo: 'å…¶ä»–è£…ç½®æ˜¯å¹²ä»€ä¹ˆçš„å‘¢ï¼Œå…¶å®æˆ‘ä¹Ÿä¸çŸ¥é“ï¼Œå˜å˜å˜',
    classSort: 4,
    display: true } ]
[2017-04-10 15:12:14.000] [INFO] console - webpack building...
[2017-04-10 15:12:16.839] [INFO] console - webpack built 4b5009d207256548890e in 2822ms
[2017-04-10 15:12:29.620] [INFO] ::1 - GET / Mozilla/5.0 (Macintosh; Intel Mac OS X 10_12_3) AppleWebKit/537.36 (KHTML, like Gecko) Chrome/56.0.2924.87 Safari/537.36
[2017-04-10 15:12:29.653] [INFO] console - [ { _id: 58427eb986af6613f74558ae,
    className: 'è°ƒå‹è£…ç½®',
    classInfo: 'è¿™æ˜¯äº§å“åˆ†ç±»11111',
    classSort: 1,
    display: true },
  { _id: 58427ec186af6613f74558af,
    className: 'å·¥ä½œè£…ç½®',
    classInfo: 'è¿™æ˜¯äº§å“åˆ†ç±»22222',
    classSort: 2,
    display: true },
  { _id: 58427ec986af6613f74558b0,
    className: 'åŠ¨åŠ›è£…ç½®',
    classInfo: 'è¿™æ˜¯äº§å“åˆ†ç±»33333',
    classSort: 3,
    display: true },
  { _id: 586d19e53ea422c63deb868c,
    className: 'å…¶ä»–è£…ç½®',
    classInfo: 'å…¶ä»–è£…ç½®æ˜¯å¹²ä»€ä¹ˆçš„å‘¢ï¼Œå…¶å®æˆ‘ä¹Ÿä¸çŸ¥é“ï¼Œå˜å˜å˜',
    classSort: 4,
    display: true } ]
[2017-04-10 17:09:57.465] [ERROR] console - Connection Error: Error: connection timeout
    at Db.<anonymous> (/Users/creator/workspace/furuida/node_modules/mongoose/lib/drivers/node-mongodb-native/connection.js:169:17)
    at emitTwo (events.js:106:13)
    at Db.emit (events.js:191:7)
    at Server.listener (/Users/creator/workspace/furuida/node_modules/mongodb/lib/db.js:1798:14)
    at emitOne (events.js:96:13)
    at Server.emit (events.js:188:7)
    at Server.<anonymous> (/Users/creator/workspace/furuida/node_modules/mongodb/lib/server.js:274:14)
    at emitOne (events.js:96:13)
    at Server.emit (events.js:188:7)
    at Pool.<anonymous> (/Users/creator/workspace/furuida/node_modules/mongodb-core/lib/topologies/server.js:335:12)
    at emitOne (events.js:96:13)
    at Pool.emit (events.js:188:7)
    at Connection.<anonymous> (/Users/creator/workspace/furuida/node_modules/mongodb-core/lib/connection/pool.js:270:12)
    at Connection.g (events.js:291:16)
    at emitTwo (events.js:106:13)
    at Connection.emit (events.js:191:7)
    at Socket.<anonymous> (/Users/creator/workspace/furuida/node_modules/mongodb-core/lib/connection/connection.js:185:10)
    at Socket.g (events.js:291:16)
    at emitNone (events.js:86:13)
    at Socket.emit (events.js:185:7)
    at Socket._onTimeout (net.js:339:8)
    at ontimeout (timers.js:365:14)
[2017-04-10 17:19:46.119] [ERROR] console - Connection Error: Error: connection timeout
    at Db.<anonymous> (/Users/creator/workspace/furuida/node_modules/mongoose/lib/drivers/node-mongodb-native/connection.js:169:17)
    at emitTwo (events.js:106:13)
    at Db.emit (events.js:191:7)
    at Server.listener (/Users/creator/workspace/furuida/node_modules/mongodb/lib/db.js:1798:14)
    at emitOne (events.js:96:13)
    at Server.emit (events.js:188:7)
    at Server.<anonymous> (/Users/creator/workspace/furuida/node_modules/mongodb/lib/server.js:274:14)
    at emitOne (events.js:96:13)
    at Server.emit (events.js:188:7)
    at Pool.<anonymous> (/Users/creator/workspace/furuida/node_modules/mongodb-core/lib/topologies/server.js:335:12)
    at emitOne (events.js:96:13)
    at Pool.emit (events.js:188:7)
    at Connection.<anonymous> (/Users/creator/workspace/furuida/node_modules/mongodb-core/lib/connection/pool.js:270:12)
    at emitTwo (events.js:106:13)
    at Connection.emit (events.js:191:7)
    at Socket.<anonymous> (/Users/creator/workspace/furuida/node_modules/mongodb-core/lib/connection/connection.js:185:10)
    at Socket.g (events.js:291:16)
    at emitNone (events.js:86:13)
    at Socket.emit (events.js:185:7)
    at Socket._onTimeout (net.js:339:8)
    at ontimeout (timers.js:365:14)
    at tryOnTimeout (timers.js:237:5)
[2017-04-10 17:28:57.014] [ERROR] console - Connection Error: Error: connection timeout
    at Db.<anonymous> (/Users/creator/workspace/furuida/node_modules/mongoose/lib/drivers/node-mongodb-native/connection.js:169:17)
    at emitTwo (events.js:106:13)
    at Db.emit (events.js:191:7)
    at Server.listener (/Users/creator/workspace/furuida/node_modules/mongodb/lib/db.js:1798:14)
    at emitOne (events.js:96:13)
    at Server.emit (events.js:188:7)
    at Server.<anonymous> (/Users/creator/workspace/furuida/node_modules/mongodb/lib/server.js:274:14)
    at emitOne (events.js:96:13)
    at Server.emit (events.js:188:7)
    at Pool.<anonymous> (/Users/creator/workspace/furuida/node_modules/mongodb-core/lib/topologies/server.js:335:12)
    at emitOne (events.js:96:13)
    at Pool.emit (events.js:188:7)
    at Connection.<anonymous> (/Users/creator/workspace/furuida/node_modules/mongodb-core/lib/connection/pool.js:270:12)
    at emitTwo (events.js:106:13)
    at Connection.emit (events.js:191:7)
    at Socket.<anonymous> (/Users/creator/workspace/furuida/node_modules/mongodb-core/lib/connection/connection.js:185:10)
    at Socket.g (events.js:291:16)
    at emitNone (events.js:86:13)
    at Socket.emit (events.js:185:7)
    at Socket._onTimeout (net.js:339:8)
    at ontimeout (timers.js:365:14)
    at tryOnTimeout (timers.js:237:5)
[2017-04-10 17:29:27.200] [ERROR] console - Connection Error: { DisconnectedError: Ran out of retries trying to reconnect to "120.25.241.110:20000". Try setting `server.reconnectTries` and `server.reconnectInterval` to something higher.
    at MongooseError.DisconnectedError (/Users/creator/workspace/furuida/node_modules/mongoose/lib/error/disconnected.js:21:11)
    at Server.<anonymous> (/Users/creator/workspace/furuida/node_modules/mongoose/lib/drivers/node-mongodb-native/connection.js:64:31)
    at emitOne (events.js:101:20)
    at Server.emit (events.js:188:7)
    at Pool.<anonymous> (/Users/creator/workspace/furuida/node_modules/mongodb-core/lib/topologies/server.js:317:16)
    at emitOne (events.js:96:13)
    at Pool.emit (events.js:188:7)
    at Connection.<anonymous> (/Users/creator/workspace/furuida/node_modules/mongodb-core/lib/connection/pool.js:305:16)
    at emitTwo (events.js:106:13)
    at Connection.emit (events.js:191:7)
    at Socket.<anonymous> (/Users/creator/workspace/furuida/node_modules/mongodb-core/lib/connection/connection.js:175:49)
    at Socket.g (events.js:291:16)
    at emitOne (events.js:96:13)
    at Socket.emit (events.js:188:7)
    at emitErrorNT (net.js:1276:8)
    at _combinedTickCallback (internal/process/next_tick.js:74:11)
    at process._tickCallback (internal/process/next_tick.js:98:9)
  message: 'Ran out of retries trying to reconnect to "120.25.241.110:20000". Try setting `server.reconnectTries` and `server.reconnectInterval` to something higher.',
  name: 'DisconnectedError' }
