[2017-04-04 17:14:09.363] [INFO] console - Happy[1]: Version: 3.0.3. Using cache? yes. Threads: 3
[2017-04-04 17:14:09.492] [INFO] console - Happy[1]: Loaded 404 entries from cache. (1 were stale)
[2017-04-04 17:14:09.609] [INFO] console - Mongodb Connect Success!!!
[2017-04-04 17:14:09.679] [INFO] console - Happy[1]: All set; signalling webpack to proceed.
[2017-04-04 17:14:09.685] [INFO] console - webpack building...
[2017-04-04 17:14:22.784] [INFO] console - webpack built d4b45cd3a23050821b5e in 13393ms
[2017-04-04 17:14:34.259] [INFO] ::1 - GET /admin Mozilla/5.0 (Macintosh; Intel Mac OS X 10_12_3) AppleWebKit/537.36 (KHTML, like Gecko) Chrome/56.0.2924.87 Safari/537.36
[2017-04-04 17:18:53.244] [ERROR] console - Connection Error: Error: connection timeout
    at Db.<anonymous> (/Users/creator/workspace/furuida/node_modules/mongoose/lib/drivers/node-mongodb-native/connection.js:169:17)
    at emitTwo (events.js:106:13)
    at Db.emit (events.js:191:7)
    at Server.listener (/Users/creator/workspace/furuida/node_modules/mongodb/lib/db.js:1798:14)
    at emitOne (events.js:96:13)
    at Server.emit (events.js:188:7)
    at Server.<anonymous> (/Users/creator/workspace/furuida/node_modules/mongodb/lib/server.js:274:14)
    at emitOne (events.js:96:13)
    at Server.emit (events.js:188:7)
    at Pool.<anonymous> (/Users/creator/workspace/furuida/node_modules/mongodb-core/lib/topologies/server.js:335:12)
    at emitOne (events.js:96:13)
    at Pool.emit (events.js:188:7)
    at Connection.<anonymous> (/Users/creator/workspace/furuida/node_modules/mongodb-core/lib/connection/pool.js:270:12)
    at Connection.g (events.js:291:16)
    at emitTwo (events.js:106:13)
    at Connection.emit (events.js:191:7)
    at Socket.<anonymous> (/Users/creator/workspace/furuida/node_modules/mongodb-core/lib/connection/connection.js:185:10)
    at Socket.g (events.js:291:16)
    at emitNone (events.js:86:13)
    at Socket.emit (events.js:185:7)
    at Socket._onTimeout (net.js:339:8)
    at ontimeout (timers.js:365:14)
[2017-04-04 17:28:59.958] [INFO] console - webpack building...
[2017-04-04 17:29:07.937] [INFO] console - webpack built 29e1584f6779b4777db1 in 7969ms
[2017-04-04 17:29:07.953] [INFO] ::1 - GET /admin Mozilla/5.0 (Macintosh; Intel Mac OS X 10_12_3) AppleWebKit/537.36 (KHTML, like Gecko) Chrome/56.0.2924.87 Safari/537.36
[2017-04-04 17:30:08.637] [INFO] console - webpack building...
[2017-04-04 17:30:14.832] [INFO] console - webpack built 6ff13ab453ba4121fd92 in 6178ms
[2017-04-04 17:30:15.054] [INFO] console - webpack building...
[2017-04-04 17:30:15.179] [INFO] console - webpack built 6ff13ab453ba4121fd92 in 118ms
[2017-04-04 17:30:15.191] [INFO] ::1 - GET /admin Mozilla/5.0 (Macintosh; Intel Mac OS X 10_12_3) AppleWebKit/537.36 (KHTML, like Gecko) Chrome/56.0.2924.87 Safari/537.36
[2017-04-04 17:30:37.333] [INFO] console - webpack building...
[2017-04-04 17:30:43.325] [INFO] console - webpack built dd34f858571c5314afb2 in 5983ms
[2017-04-04 17:30:45.126] [INFO] ::1 - GET /admin Mozilla/5.0 (Macintosh; Intel Mac OS X 10_12_3) AppleWebKit/537.36 (KHTML, like Gecko) Chrome/56.0.2924.87 Safari/537.36
[2017-04-04 17:33:58.182] [ERROR] console - Connection Error: Error: connection timeout
    at Db.<anonymous> (/Users/creator/workspace/furuida/node_modules/mongoose/lib/drivers/node-mongodb-native/connection.js:169:17)
    at emitTwo (events.js:106:13)
    at Db.emit (events.js:191:7)
    at Server.listener (/Users/creator/workspace/furuida/node_modules/mongodb/lib/db.js:1798:14)
    at emitOne (events.js:96:13)
    at Server.emit (events.js:188:7)
    at Server.<anonymous> (/Users/creator/workspace/furuida/node_modules/mongodb/lib/server.js:274:14)
    at emitOne (events.js:96:13)
    at Server.emit (events.js:188:7)
    at Pool.<anonymous> (/Users/creator/workspace/furuida/node_modules/mongodb-core/lib/topologies/server.js:335:12)
    at emitOne (events.js:96:13)
    at Pool.emit (events.js:188:7)
    at Connection.<anonymous> (/Users/creator/workspace/furuida/node_modules/mongodb-core/lib/connection/pool.js:270:12)
    at emitTwo (events.js:106:13)
    at Connection.emit (events.js:191:7)
    at Socket.<anonymous> (/Users/creator/workspace/furuida/node_modules/mongodb-core/lib/connection/connection.js:185:10)
    at Socket.g (events.js:291:16)
    at emitNone (events.js:86:13)
    at Socket.emit (events.js:185:7)
    at Socket._onTimeout (net.js:339:8)
    at ontimeout (timers.js:365:14)
    at tryOnTimeout (timers.js:237:5)
[2017-04-04 17:34:20.678] [ERROR] console - Connection Error: Error: connection timeout
    at Db.<anonymous> (/Users/creator/workspace/furuida/node_modules/mongoose/lib/drivers/node-mongodb-native/connection.js:169:17)
    at emitTwo (events.js:106:13)
    at Db.emit (events.js:191:7)
    at Server.listener (/Users/creator/workspace/furuida/node_modules/mongodb/lib/db.js:1798:14)
    at emitOne (events.js:96:13)
    at Server.emit (events.js:188:7)
    at Server.<anonymous> (/Users/creator/workspace/furuida/node_modules/mongodb/lib/server.js:274:14)
    at emitOne (events.js:96:13)
    at Server.emit (events.js:188:7)
    at Pool.<anonymous> (/Users/creator/workspace/furuida/node_modules/mongodb-core/lib/topologies/server.js:335:12)
    at emitOne (events.js:96:13)
    at Pool.emit (events.js:188:7)
    at Connection.<anonymous> (/Users/creator/workspace/furuida/node_modules/mongodb-core/lib/connection/pool.js:270:12)
    at emitTwo (events.js:106:13)
    at Connection.emit (events.js:191:7)
    at Socket.<anonymous> (/Users/creator/workspace/furuida/node_modules/mongodb-core/lib/connection/connection.js:185:10)
    at Socket.g (events.js:291:16)
    at emitNone (events.js:86:13)
    at Socket.emit (events.js:185:7)
    at Socket._onTimeout (net.js:339:8)
    at ontimeout (timers.js:365:14)
    at tryOnTimeout (timers.js:237:5)
[2017-04-04 17:39:25.998] [ERROR] console - Connection Error: Error: connection timeout
    at Db.<anonymous> (/Users/creator/workspace/furuida/node_modules/mongoose/lib/drivers/node-mongodb-native/connection.js:169:17)
    at emitTwo (events.js:106:13)
    at Db.emit (events.js:191:7)
    at Server.listener (/Users/creator/workspace/furuida/node_modules/mongodb/lib/db.js:1798:14)
    at emitOne (events.js:96:13)
    at Server.emit (events.js:188:7)
    at Server.<anonymous> (/Users/creator/workspace/furuida/node_modules/mongodb/lib/server.js:274:14)
    at emitOne (events.js:96:13)
    at Server.emit (events.js:188:7)
    at Pool.<anonymous> (/Users/creator/workspace/furuida/node_modules/mongodb-core/lib/topologies/server.js:335:12)
    at emitOne (events.js:96:13)
    at Pool.emit (events.js:188:7)
    at Connection.<anonymous> (/Users/creator/workspace/furuida/node_modules/mongodb-core/lib/connection/pool.js:270:12)
    at emitTwo (events.js:106:13)
    at Connection.emit (events.js:191:7)
    at Socket.<anonymous> (/Users/creator/workspace/furuida/node_modules/mongodb-core/lib/connection/connection.js:185:10)
    at Socket.g (events.js:291:16)
    at emitNone (events.js:86:13)
    at Socket.emit (events.js:185:7)
    at Socket._onTimeout (net.js:339:8)
    at ontimeout (timers.js:365:14)
    at tryOnTimeout (timers.js:237:5)
[2017-04-04 17:44:31.213] [ERROR] console - Connection Error: Error: connection timeout
    at Db.<anonymous> (/Users/creator/workspace/furuida/node_modules/mongoose/lib/drivers/node-mongodb-native/connection.js:169:17)
    at emitTwo (events.js:106:13)
    at Db.emit (events.js:191:7)
    at Server.listener (/Users/creator/workspace/furuida/node_modules/mongodb/lib/db.js:1798:14)
    at emitOne (events.js:96:13)
    at Server.emit (events.js:188:7)
    at Server.<anonymous> (/Users/creator/workspace/furuida/node_modules/mongodb/lib/server.js:274:14)
    at emitOne (events.js:96:13)
    at Server.emit (events.js:188:7)
    at Pool.<anonymous> (/Users/creator/workspace/furuida/node_modules/mongodb-core/lib/topologies/server.js:335:12)
    at emitOne (events.js:96:13)
    at Pool.emit (events.js:188:7)
    at Connection.<anonymous> (/Users/creator/workspace/furuida/node_modules/mongodb-core/lib/connection/pool.js:270:12)
    at emitTwo (events.js:106:13)
    at Connection.emit (events.js:191:7)
    at Socket.<anonymous> (/Users/creator/workspace/furuida/node_modules/mongodb-core/lib/connection/connection.js:185:10)
    at Socket.g (events.js:291:16)
    at emitNone (events.js:86:13)
    at Socket.emit (events.js:185:7)
    at Socket._onTimeout (net.js:339:8)
    at ontimeout (timers.js:365:14)
    at tryOnTimeout (timers.js:237:5)
[2017-04-04 17:54:21.076] [ERROR] console - Connection Error: Error: connection timeout
    at Db.<anonymous> (/Users/creator/workspace/furuida/node_modules/mongoose/lib/drivers/node-mongodb-native/connection.js:169:17)
    at emitTwo (events.js:106:13)
    at Db.emit (events.js:191:7)
    at Server.listener (/Users/creator/workspace/furuida/node_modules/mongodb/lib/db.js:1798:14)
    at emitOne (events.js:96:13)
    at Server.emit (events.js:188:7)
    at Server.<anonymous> (/Users/creator/workspace/furuida/node_modules/mongodb/lib/server.js:274:14)
    at emitOne (events.js:96:13)
    at Server.emit (events.js:188:7)
    at Pool.<anonymous> (/Users/creator/workspace/furuida/node_modules/mongodb-core/lib/topologies/server.js:335:12)
    at emitOne (events.js:96:13)
    at Pool.emit (events.js:188:7)
    at Connection.<anonymous> (/Users/creator/workspace/furuida/node_modules/mongodb-core/lib/connection/pool.js:270:12)
    at emitTwo (events.js:106:13)
    at Connection.emit (events.js:191:7)
    at Socket.<anonymous> (/Users/creator/workspace/furuida/node_modules/mongodb-core/lib/connection/connection.js:185:10)
    at Socket.g (events.js:291:16)
    at emitNone (events.js:86:13)
    at Socket.emit (events.js:185:7)
    at Socket._onTimeout (net.js:339:8)
    at ontimeout (timers.js:365:14)
    at tryOnTimeout (timers.js:237:5)
[2017-04-04 18:10:15.025] [ERROR] console - Connection Error: Error: connection timeout
    at Db.<anonymous> (/Users/creator/workspace/furuida/node_modules/mongoose/lib/drivers/node-mongodb-native/connection.js:169:17)
    at emitTwo (events.js:106:13)
    at Db.emit (events.js:191:7)
    at Server.listener (/Users/creator/workspace/furuida/node_modules/mongodb/lib/db.js:1798:14)
    at emitOne (events.js:96:13)
    at Server.emit (events.js:188:7)
    at Server.<anonymous> (/Users/creator/workspace/furuida/node_modules/mongodb/lib/server.js:274:14)
    at emitOne (events.js:96:13)
    at Server.emit (events.js:188:7)
    at Pool.<anonymous> (/Users/creator/workspace/furuida/node_modules/mongodb-core/lib/topologies/server.js:335:12)
    at emitOne (events.js:96:13)
    at Pool.emit (events.js:188:7)
    at Connection.<anonymous> (/Users/creator/workspace/furuida/node_modules/mongodb-core/lib/connection/pool.js:270:12)
    at emitTwo (events.js:106:13)
    at Connection.emit (events.js:191:7)
    at Socket.<anonymous> (/Users/creator/workspace/furuida/node_modules/mongodb-core/lib/connection/connection.js:185:10)
    at Socket.g (events.js:291:16)
    at emitNone (events.js:86:13)
    at Socket.emit (events.js:185:7)
    at Socket._onTimeout (net.js:339:8)
    at ontimeout (timers.js:365:14)
    at tryOnTimeout (timers.js:237:5)
[2017-04-04 18:15:15.071] [ERROR] console - Connection Error: Error: connection timeout
    at Db.<anonymous> (/Users/creator/workspace/furuida/node_modules/mongoose/lib/drivers/node-mongodb-native/connection.js:169:17)
    at emitTwo (events.js:106:13)
    at Db.emit (events.js:191:7)
    at Server.listener (/Users/creator/workspace/furuida/node_modules/mongodb/lib/db.js:1798:14)
    at emitOne (events.js:96:13)
    at Server.emit (events.js:188:7)
    at Server.<anonymous> (/Users/creator/workspace/furuida/node_modules/mongodb/lib/server.js:274:14)
    at emitOne (events.js:96:13)
    at Server.emit (events.js:188:7)
    at Pool.<anonymous> (/Users/creator/workspace/furuida/node_modules/mongodb-core/lib/topologies/server.js:335:12)
    at emitOne (events.js:96:13)
    at Pool.emit (events.js:188:7)
    at Connection.<anonymous> (/Users/creator/workspace/furuida/node_modules/mongodb-core/lib/connection/pool.js:270:12)
    at emitTwo (events.js:106:13)
    at Connection.emit (events.js:191:7)
    at Socket.<anonymous> (/Users/creator/workspace/furuida/node_modules/mongodb-core/lib/connection/connection.js:185:10)
    at Socket.g (events.js:291:16)
    at emitNone (events.js:86:13)
    at Socket.emit (events.js:185:7)
    at Socket._onTimeout (net.js:339:8)
    at ontimeout (timers.js:365:14)
    at tryOnTimeout (timers.js:237:5)
[2017-04-04 18:20:20.216] [ERROR] console - Connection Error: Error: connection timeout
    at Db.<anonymous> (/Users/creator/workspace/furuida/node_modules/mongoose/lib/drivers/node-mongodb-native/connection.js:169:17)
    at emitTwo (events.js:106:13)
    at Db.emit (events.js:191:7)
    at Server.listener (/Users/creator/workspace/furuida/node_modules/mongodb/lib/db.js:1798:14)
    at emitOne (events.js:96:13)
    at Server.emit (events.js:188:7)
    at Server.<anonymous> (/Users/creator/workspace/furuida/node_modules/mongodb/lib/server.js:274:14)
    at emitOne (events.js:96:13)
    at Server.emit (events.js:188:7)
    at Pool.<anonymous> (/Users/creator/workspace/furuida/node_modules/mongodb-core/lib/topologies/server.js:335:12)
    at emitOne (events.js:96:13)
    at Pool.emit (events.js:188:7)
    at Connection.<anonymous> (/Users/creator/workspace/furuida/node_modules/mongodb-core/lib/connection/pool.js:270:12)
    at emitTwo (events.js:106:13)
    at Connection.emit (events.js:191:7)
    at Socket.<anonymous> (/Users/creator/workspace/furuida/node_modules/mongodb-core/lib/connection/connection.js:185:10)
    at Socket.g (events.js:291:16)
    at emitNone (events.js:86:13)
    at Socket.emit (events.js:185:7)
    at Socket._onTimeout (net.js:339:8)
    at ontimeout (timers.js:365:14)
    at tryOnTimeout (timers.js:237:5)
[2017-04-04 18:55:12.188] [ERROR] console - Connection Error: Error: connection timeout
    at Db.<anonymous> (/Users/creator/workspace/furuida/node_modules/mongoose/lib/drivers/node-mongodb-native/connection.js:169:17)
    at emitTwo (events.js:106:13)
    at Db.emit (events.js:191:7)
    at Server.listener (/Users/creator/workspace/furuida/node_modules/mongodb/lib/db.js:1798:14)
    at emitOne (events.js:96:13)
    at Server.emit (events.js:188:7)
    at Server.<anonymous> (/Users/creator/workspace/furuida/node_modules/mongodb/lib/server.js:274:14)
    at emitOne (events.js:96:13)
    at Server.emit (events.js:188:7)
    at Pool.<anonymous> (/Users/creator/workspace/furuida/node_modules/mongodb-core/lib/topologies/server.js:335:12)
    at emitOne (events.js:96:13)
    at Pool.emit (events.js:188:7)
    at Connection.<anonymous> (/Users/creator/workspace/furuida/node_modules/mongodb-core/lib/connection/pool.js:270:12)
    at emitTwo (events.js:106:13)
    at Connection.emit (events.js:191:7)
    at Socket.<anonymous> (/Users/creator/workspace/furuida/node_modules/mongodb-core/lib/connection/connection.js:185:10)
    at Socket.g (events.js:291:16)
    at emitNone (events.js:86:13)
    at Socket.emit (events.js:185:7)
    at Socket._onTimeout (net.js:339:8)
    at ontimeout (timers.js:365:14)
    at tryOnTimeout (timers.js:237:5)
[2017-04-04 19:10:12.354] [ERROR] console - Connection Error: Error: connection timeout
    at Db.<anonymous> (/Users/creator/workspace/furuida/node_modules/mongoose/lib/drivers/node-mongodb-native/connection.js:169:17)
    at emitTwo (events.js:106:13)
    at Db.emit (events.js:191:7)
    at Server.listener (/Users/creator/workspace/furuida/node_modules/mongodb/lib/db.js:1798:14)
    at emitOne (events.js:96:13)
    at Server.emit (events.js:188:7)
    at Server.<anonymous> (/Users/creator/workspace/furuida/node_modules/mongodb/lib/server.js:274:14)
    at emitOne (events.js:96:13)
    at Server.emit (events.js:188:7)
    at Pool.<anonymous> (/Users/creator/workspace/furuida/node_modules/mongodb-core/lib/topologies/server.js:335:12)
    at emitOne (events.js:96:13)
    at Pool.emit (events.js:188:7)
    at Connection.<anonymous> (/Users/creator/workspace/furuida/node_modules/mongodb-core/lib/connection/pool.js:270:12)
    at emitTwo (events.js:106:13)
    at Connection.emit (events.js:191:7)
    at Socket.<anonymous> (/Users/creator/workspace/furuida/node_modules/mongodb-core/lib/connection/connection.js:185:10)
    at Socket.g (events.js:291:16)
    at emitNone (events.js:86:13)
    at Socket.emit (events.js:185:7)
    at Socket._onTimeout (net.js:339:8)
    at ontimeout (timers.js:365:14)
    at tryOnTimeout (timers.js:237:5)
[2017-04-04 19:15:12.824] [ERROR] console - Connection Error: Error: connection timeout
    at Db.<anonymous> (/Users/creator/workspace/furuida/node_modules/mongoose/lib/drivers/node-mongodb-native/connection.js:169:17)
    at emitTwo (events.js:106:13)
    at Db.emit (events.js:191:7)
    at Server.listener (/Users/creator/workspace/furuida/node_modules/mongodb/lib/db.js:1798:14)
    at emitOne (events.js:96:13)
    at Server.emit (events.js:188:7)
    at Server.<anonymous> (/Users/creator/workspace/furuida/node_modules/mongodb/lib/server.js:274:14)
    at emitOne (events.js:96:13)
    at Server.emit (events.js:188:7)
    at Pool.<anonymous> (/Users/creator/workspace/furuida/node_modules/mongodb-core/lib/topologies/server.js:335:12)
    at emitOne (events.js:96:13)
    at Pool.emit (events.js:188:7)
    at Connection.<anonymous> (/Users/creator/workspace/furuida/node_modules/mongodb-core/lib/connection/pool.js:270:12)
    at emitTwo (events.js:106:13)
    at Connection.emit (events.js:191:7)
    at Socket.<anonymous> (/Users/creator/workspace/furuida/node_modules/mongodb-core/lib/connection/connection.js:185:10)
    at Socket.g (events.js:291:16)
    at emitNone (events.js:86:13)
    at Socket.emit (events.js:185:7)
    at Socket._onTimeout (net.js:339:8)
    at ontimeout (timers.js:365:14)
    at tryOnTimeout (timers.js:237:5)
[2017-04-04 19:20:13.106] [ERROR] console - Connection Error: Error: connection timeout
    at Db.<anonymous> (/Users/creator/workspace/furuida/node_modules/mongoose/lib/drivers/node-mongodb-native/connection.js:169:17)
    at emitTwo (events.js:106:13)
    at Db.emit (events.js:191:7)
    at Server.listener (/Users/creator/workspace/furuida/node_modules/mongodb/lib/db.js:1798:14)
    at emitOne (events.js:96:13)
    at Server.emit (events.js:188:7)
    at Server.<anonymous> (/Users/creator/workspace/furuida/node_modules/mongodb/lib/server.js:274:14)
    at emitOne (events.js:96:13)
    at Server.emit (events.js:188:7)
    at Pool.<anonymous> (/Users/creator/workspace/furuida/node_modules/mongodb-core/lib/topologies/server.js:335:12)
    at emitOne (events.js:96:13)
    at Pool.emit (events.js:188:7)
    at Connection.<anonymous> (/Users/creator/workspace/furuida/node_modules/mongodb-core/lib/connection/pool.js:270:12)
    at emitTwo (events.js:106:13)
    at Connection.emit (events.js:191:7)
    at Socket.<anonymous> (/Users/creator/workspace/furuida/node_modules/mongodb-core/lib/connection/connection.js:185:10)
    at Socket.g (events.js:291:16)
    at emitNone (events.js:86:13)
    at Socket.emit (events.js:185:7)
    at Socket._onTimeout (net.js:339:8)
    at ontimeout (timers.js:365:14)
    at tryOnTimeout (timers.js:237:5)
[2017-04-04 19:25:18.544] [ERROR] console - Connection Error: Error: connection timeout
    at Db.<anonymous> (/Users/creator/workspace/furuida/node_modules/mongoose/lib/drivers/node-mongodb-native/connection.js:169:17)
    at emitTwo (events.js:106:13)
    at Db.emit (events.js:191:7)
    at Server.listener (/Users/creator/workspace/furuida/node_modules/mongodb/lib/db.js:1798:14)
    at emitOne (events.js:96:13)
    at Server.emit (events.js:188:7)
    at Server.<anonymous> (/Users/creator/workspace/furuida/node_modules/mongodb/lib/server.js:274:14)
    at emitOne (events.js:96:13)
    at Server.emit (events.js:188:7)
    at Pool.<anonymous> (/Users/creator/workspace/furuida/node_modules/mongodb-core/lib/topologies/server.js:335:12)
    at emitOne (events.js:96:13)
    at Pool.emit (events.js:188:7)
    at Connection.<anonymous> (/Users/creator/workspace/furuida/node_modules/mongodb-core/lib/connection/pool.js:270:12)
    at emitTwo (events.js:106:13)
    at Connection.emit (events.js:191:7)
    at Socket.<anonymous> (/Users/creator/workspace/furuida/node_modules/mongodb-core/lib/connection/connection.js:185:10)
    at Socket.g (events.js:291:16)
    at emitNone (events.js:86:13)
    at Socket.emit (events.js:185:7)
    at Socket._onTimeout (net.js:339:8)
    at ontimeout (timers.js:365:14)
    at tryOnTimeout (timers.js:237:5)
[2017-04-04 19:25:50.865] [ERROR] console - Connection Error: Error: connection timeout
    at Db.<anonymous> (/Users/creator/workspace/furuida/node_modules/mongoose/lib/drivers/node-mongodb-native/connection.js:169:17)
    at emitTwo (events.js:106:13)
    at Db.emit (events.js:191:7)
    at Server.listener (/Users/creator/workspace/furuida/node_modules/mongodb/lib/db.js:1798:14)
    at emitOne (events.js:96:13)
    at Server.emit (events.js:188:7)
    at Server.<anonymous> (/Users/creator/workspace/furuida/node_modules/mongodb/lib/server.js:274:14)
    at emitOne (events.js:96:13)
    at Server.emit (events.js:188:7)
    at Pool.<anonymous> (/Users/creator/workspace/furuida/node_modules/mongodb-core/lib/topologies/server.js:335:12)
    at emitOne (events.js:96:13)
    at Pool.emit (events.js:188:7)
    at Connection.<anonymous> (/Users/creator/workspace/furuida/node_modules/mongodb-core/lib/connection/pool.js:270:12)
    at emitTwo (events.js:106:13)
    at Connection.emit (events.js:191:7)
    at Socket.<anonymous> (/Users/creator/workspace/furuida/node_modules/mongodb-core/lib/connection/connection.js:185:10)
    at Socket.g (events.js:291:16)
    at emitNone (events.js:86:13)
    at Socket.emit (events.js:185:7)
    at Socket._onTimeout (net.js:339:8)
    at ontimeout (timers.js:365:14)
    at tryOnTimeout (timers.js:237:5)
[2017-04-04 19:30:57.102] [ERROR] console - Connection Error: Error: connection timeout
    at Db.<anonymous> (/Users/creator/workspace/furuida/node_modules/mongoose/lib/drivers/node-mongodb-native/connection.js:169:17)
    at emitTwo (events.js:106:13)
    at Db.emit (events.js:191:7)
    at Server.listener (/Users/creator/workspace/furuida/node_modules/mongodb/lib/db.js:1798:14)
    at emitOne (events.js:96:13)
    at Server.emit (events.js:188:7)
    at Server.<anonymous> (/Users/creator/workspace/furuida/node_modules/mongodb/lib/server.js:274:14)
    at emitOne (events.js:96:13)
    at Server.emit (events.js:188:7)
    at Pool.<anonymous> (/Users/creator/workspace/furuida/node_modules/mongodb-core/lib/topologies/server.js:335:12)
    at emitOne (events.js:96:13)
    at Pool.emit (events.js:188:7)
    at Connection.<anonymous> (/Users/creator/workspace/furuida/node_modules/mongodb-core/lib/connection/pool.js:270:12)
    at emitTwo (events.js:106:13)
    at Connection.emit (events.js:191:7)
    at Socket.<anonymous> (/Users/creator/workspace/furuida/node_modules/mongodb-core/lib/connection/connection.js:185:10)
    at Socket.g (events.js:291:16)
    at emitNone (events.js:86:13)
    at Socket.emit (events.js:185:7)
    at Socket._onTimeout (net.js:339:8)
    at ontimeout (timers.js:365:14)
    at tryOnTimeout (timers.js:237:5)
[2017-04-04 19:35:58.013] [ERROR] console - Connection Error: Error: connection timeout
    at Db.<anonymous> (/Users/creator/workspace/furuida/node_modules/mongoose/lib/drivers/node-mongodb-native/connection.js:169:17)
    at emitTwo (events.js:106:13)
    at Db.emit (events.js:191:7)
    at Server.listener (/Users/creator/workspace/furuida/node_modules/mongodb/lib/db.js:1798:14)
    at emitOne (events.js:96:13)
    at Server.emit (events.js:188:7)
    at Server.<anonymous> (/Users/creator/workspace/furuida/node_modules/mongodb/lib/server.js:274:14)
    at emitOne (events.js:96:13)
    at Server.emit (events.js:188:7)
    at Pool.<anonymous> (/Users/creator/workspace/furuida/node_modules/mongodb-core/lib/topologies/server.js:335:12)
    at emitOne (events.js:96:13)
    at Pool.emit (events.js:188:7)
    at Connection.<anonymous> (/Users/creator/workspace/furuida/node_modules/mongodb-core/lib/connection/pool.js:270:12)
    at emitTwo (events.js:106:13)
    at Connection.emit (events.js:191:7)
    at Socket.<anonymous> (/Users/creator/workspace/furuida/node_modules/mongodb-core/lib/connection/connection.js:185:10)
    at Socket.g (events.js:291:16)
    at emitNone (events.js:86:13)
    at Socket.emit (events.js:185:7)
    at Socket._onTimeout (net.js:339:8)
    at ontimeout (timers.js:365:14)
    at tryOnTimeout (timers.js:237:5)
[2017-04-04 19:41:03.838] [ERROR] console - Connection Error: Error: connection timeout
    at Db.<anonymous> (/Users/creator/workspace/furuida/node_modules/mongoose/lib/drivers/node-mongodb-native/connection.js:169:17)
    at emitTwo (events.js:106:13)
    at Db.emit (events.js:191:7)
    at Server.listener (/Users/creator/workspace/furuida/node_modules/mongodb/lib/db.js:1798:14)
    at emitOne (events.js:96:13)
    at Server.emit (events.js:188:7)
    at Server.<anonymous> (/Users/creator/workspace/furuida/node_modules/mongodb/lib/server.js:274:14)
    at emitOne (events.js:96:13)
    at Server.emit (events.js:188:7)
    at Pool.<anonymous> (/Users/creator/workspace/furuida/node_modules/mongodb-core/lib/topologies/server.js:335:12)
    at emitOne (events.js:96:13)
    at Pool.emit (events.js:188:7)
    at Connection.<anonymous> (/Users/creator/workspace/furuida/node_modules/mongodb-core/lib/connection/pool.js:270:12)
    at emitTwo (events.js:106:13)
    at Connection.emit (events.js:191:7)
    at Socket.<anonymous> (/Users/creator/workspace/furuida/node_modules/mongodb-core/lib/connection/connection.js:185:10)
    at Socket.g (events.js:291:16)
    at emitNone (events.js:86:13)
    at Socket.emit (events.js:185:7)
    at Socket._onTimeout (net.js:339:8)
    at ontimeout (timers.js:365:14)
    at tryOnTimeout (timers.js:237:5)
[2017-04-04 19:51:01.001] [ERROR] console - Connection Error: Error: connection timeout
    at Db.<anonymous> (/Users/creator/workspace/furuida/node_modules/mongoose/lib/drivers/node-mongodb-native/connection.js:169:17)
    at emitTwo (events.js:106:13)
    at Db.emit (events.js:191:7)
    at Server.listener (/Users/creator/workspace/furuida/node_modules/mongodb/lib/db.js:1798:14)
    at emitOne (events.js:96:13)
    at Server.emit (events.js:188:7)
    at Server.<anonymous> (/Users/creator/workspace/furuida/node_modules/mongodb/lib/server.js:274:14)
    at emitOne (events.js:96:13)
    at Server.emit (events.js:188:7)
    at Pool.<anonymous> (/Users/creator/workspace/furuida/node_modules/mongodb-core/lib/topologies/server.js:335:12)
    at emitOne (events.js:96:13)
    at Pool.emit (events.js:188:7)
    at Connection.<anonymous> (/Users/creator/workspace/furuida/node_modules/mongodb-core/lib/connection/pool.js:270:12)
    at emitTwo (events.js:106:13)
    at Connection.emit (events.js:191:7)
    at Socket.<anonymous> (/Users/creator/workspace/furuida/node_modules/mongodb-core/lib/connection/connection.js:185:10)
    at Socket.g (events.js:291:16)
    at emitNone (events.js:86:13)
    at Socket.emit (events.js:185:7)
    at Socket._onTimeout (net.js:339:8)
    at ontimeout (timers.js:365:14)
    at tryOnTimeout (timers.js:237:5)
[2017-04-04 19:51:08.010] [ERROR] console - Connection Error: Error: connection timeout
    at Db.<anonymous> (/Users/creator/workspace/furuida/node_modules/mongoose/lib/drivers/node-mongodb-native/connection.js:169:17)
    at emitTwo (events.js:106:13)
    at Db.emit (events.js:191:7)
    at Server.listener (/Users/creator/workspace/furuida/node_modules/mongodb/lib/db.js:1798:14)
    at emitOne (events.js:96:13)
    at Server.emit (events.js:188:7)
    at Server.<anonymous> (/Users/creator/workspace/furuida/node_modules/mongodb/lib/server.js:274:14)
    at emitOne (events.js:96:13)
    at Server.emit (events.js:188:7)
    at Pool.<anonymous> (/Users/creator/workspace/furuida/node_modules/mongodb-core/lib/topologies/server.js:335:12)
    at emitOne (events.js:96:13)
    at Pool.emit (events.js:188:7)
    at Connection.<anonymous> (/Users/creator/workspace/furuida/node_modules/mongodb-core/lib/connection/pool.js:270:12)
    at emitTwo (events.js:106:13)
    at Connection.emit (events.js:191:7)
    at Socket.<anonymous> (/Users/creator/workspace/furuida/node_modules/mongodb-core/lib/connection/connection.js:185:10)
    at Socket.g (events.js:291:16)
    at emitNone (events.js:86:13)
    at Socket.emit (events.js:185:7)
    at Socket._onTimeout (net.js:339:8)
    at ontimeout (timers.js:365:14)
    at tryOnTimeout (timers.js:237:5)
[2017-04-04 19:55:53.653] [ERROR] console - Connection Error: Error: connection timeout
    at Db.<anonymous> (/Users/creator/workspace/furuida/node_modules/mongoose/lib/drivers/node-mongodb-native/connection.js:169:17)
    at emitTwo (events.js:106:13)
    at Db.emit (events.js:191:7)
    at Server.listener (/Users/creator/workspace/furuida/node_modules/mongodb/lib/db.js:1798:14)
    at emitOne (events.js:96:13)
    at Server.emit (events.js:188:7)
    at Server.<anonymous> (/Users/creator/workspace/furuida/node_modules/mongodb/lib/server.js:274:14)
    at emitOne (events.js:96:13)
    at Server.emit (events.js:188:7)
    at Pool.<anonymous> (/Users/creator/workspace/furuida/node_modules/mongodb-core/lib/topologies/server.js:335:12)
    at emitOne (events.js:96:13)
    at Pool.emit (events.js:188:7)
    at Connection.<anonymous> (/Users/creator/workspace/furuida/node_modules/mongodb-core/lib/connection/pool.js:270:12)
    at emitTwo (events.js:106:13)
    at Connection.emit (events.js:191:7)
    at Socket.<anonymous> (/Users/creator/workspace/furuida/node_modules/mongodb-core/lib/connection/connection.js:185:10)
    at Socket.g (events.js:291:16)
    at emitNone (events.js:86:13)
    at Socket.emit (events.js:185:7)
    at Socket._onTimeout (net.js:339:8)
    at ontimeout (timers.js:365:14)
    at tryOnTimeout (timers.js:237:5)
[2017-04-04 20:01:14.279] [ERROR] console - Connection Error: Error: connection timeout
    at Db.<anonymous> (/Users/creator/workspace/furuida/node_modules/mongoose/lib/drivers/node-mongodb-native/connection.js:169:17)
    at emitTwo (events.js:106:13)
    at Db.emit (events.js:191:7)
    at Server.listener (/Users/creator/workspace/furuida/node_modules/mongodb/lib/db.js:1798:14)
    at emitOne (events.js:96:13)
    at Server.emit (events.js:188:7)
    at Server.<anonymous> (/Users/creator/workspace/furuida/node_modules/mongodb/lib/server.js:274:14)
    at emitOne (events.js:96:13)
    at Server.emit (events.js:188:7)
    at Pool.<anonymous> (/Users/creator/workspace/furuida/node_modules/mongodb-core/lib/topologies/server.js:335:12)
    at emitOne (events.js:96:13)
    at Pool.emit (events.js:188:7)
    at Connection.<anonymous> (/Users/creator/workspace/furuida/node_modules/mongodb-core/lib/connection/pool.js:270:12)
    at emitTwo (events.js:106:13)
    at Connection.emit (events.js:191:7)
    at Socket.<anonymous> (/Users/creator/workspace/furuida/node_modules/mongodb-core/lib/connection/connection.js:185:10)
    at Socket.g (events.js:291:16)
    at emitNone (events.js:86:13)
    at Socket.emit (events.js:185:7)
    at Socket._onTimeout (net.js:339:8)
    at ontimeout (timers.js:365:14)
    at tryOnTimeout (timers.js:237:5)
[2017-04-04 20:06:14.588] [ERROR] console - Connection Error: Error: connection timeout
    at Db.<anonymous> (/Users/creator/workspace/furuida/node_modules/mongoose/lib/drivers/node-mongodb-native/connection.js:169:17)
    at emitTwo (events.js:106:13)
    at Db.emit (events.js:191:7)
    at Server.listener (/Users/creator/workspace/furuida/node_modules/mongodb/lib/db.js:1798:14)
    at emitOne (events.js:96:13)
    at Server.emit (events.js:188:7)
    at Server.<anonymous> (/Users/creator/workspace/furuida/node_modules/mongodb/lib/server.js:274:14)
    at emitOne (events.js:96:13)
    at Server.emit (events.js:188:7)
    at Pool.<anonymous> (/Users/creator/workspace/furuida/node_modules/mongodb-core/lib/topologies/server.js:335:12)
    at emitOne (events.js:96:13)
    at Pool.emit (events.js:188:7)
    at Connection.<anonymous> (/Users/creator/workspace/furuida/node_modules/mongodb-core/lib/connection/pool.js:270:12)
    at emitTwo (events.js:106:13)
    at Connection.emit (events.js:191:7)
    at Socket.<anonymous> (/Users/creator/workspace/furuida/node_modules/mongodb-core/lib/connection/connection.js:185:10)
    at Socket.g (events.js:291:16)
    at emitNone (events.js:86:13)
    at Socket.emit (events.js:185:7)
    at Socket._onTimeout (net.js:339:8)
    at ontimeout (timers.js:365:14)
    at tryOnTimeout (timers.js:237:5)
[2017-04-04 20:11:14.850] [ERROR] console - Connection Error: Error: connection timeout
    at Db.<anonymous> (/Users/creator/workspace/furuida/node_modules/mongoose/lib/drivers/node-mongodb-native/connection.js:169:17)
    at emitTwo (events.js:106:13)
    at Db.emit (events.js:191:7)
    at Server.listener (/Users/creator/workspace/furuida/node_modules/mongodb/lib/db.js:1798:14)
    at emitOne (events.js:96:13)
    at Server.emit (events.js:188:7)
    at Server.<anonymous> (/Users/creator/workspace/furuida/node_modules/mongodb/lib/server.js:274:14)
    at emitOne (events.js:96:13)
    at Server.emit (events.js:188:7)
    at Pool.<anonymous> (/Users/creator/workspace/furuida/node_modules/mongodb-core/lib/topologies/server.js:335:12)
    at emitOne (events.js:96:13)
    at Pool.emit (events.js:188:7)
    at Connection.<anonymous> (/Users/creator/workspace/furuida/node_modules/mongodb-core/lib/connection/pool.js:270:12)
    at emitTwo (events.js:106:13)
    at Connection.emit (events.js:191:7)
    at Socket.<anonymous> (/Users/creator/workspace/furuida/node_modules/mongodb-core/lib/connection/connection.js:185:10)
    at Socket.g (events.js:291:16)
    at emitNone (events.js:86:13)
    at Socket.emit (events.js:185:7)
    at Socket._onTimeout (net.js:339:8)
    at ontimeout (timers.js:365:14)
    at tryOnTimeout (timers.js:237:5)
[2017-04-04 20:16:30.327] [ERROR] console - Connection Error: Error: connection timeout
    at Db.<anonymous> (/Users/creator/workspace/furuida/node_modules/mongoose/lib/drivers/node-mongodb-native/connection.js:169:17)
    at emitTwo (events.js:106:13)
    at Db.emit (events.js:191:7)
    at Server.listener (/Users/creator/workspace/furuida/node_modules/mongodb/lib/db.js:1798:14)
    at emitOne (events.js:96:13)
    at Server.emit (events.js:188:7)
    at Server.<anonymous> (/Users/creator/workspace/furuida/node_modules/mongodb/lib/server.js:274:14)
    at emitOne (events.js:96:13)
    at Server.emit (events.js:188:7)
    at Pool.<anonymous> (/Users/creator/workspace/furuida/node_modules/mongodb-core/lib/topologies/server.js:335:12)
    at emitOne (events.js:96:13)
    at Pool.emit (events.js:188:7)
    at Connection.<anonymous> (/Users/creator/workspace/furuida/node_modules/mongodb-core/lib/connection/pool.js:270:12)
    at emitTwo (events.js:106:13)
    at Connection.emit (events.js:191:7)
    at Socket.<anonymous> (/Users/creator/workspace/furuida/node_modules/mongodb-core/lib/connection/connection.js:185:10)
    at Socket.g (events.js:291:16)
    at emitNone (events.js:86:13)
    at Socket.emit (events.js:185:7)
    at Socket._onTimeout (net.js:339:8)
    at ontimeout (timers.js:365:14)
    at tryOnTimeout (timers.js:237:5)
[2017-04-04 20:20:36.679] [ERROR] console - Connection Error: Error: connection timeout
    at Db.<anonymous> (/Users/creator/workspace/furuida/node_modules/mongoose/lib/drivers/node-mongodb-native/connection.js:169:17)
    at emitTwo (events.js:106:13)
    at Db.emit (events.js:191:7)
    at Server.listener (/Users/creator/workspace/furuida/node_modules/mongodb/lib/db.js:1798:14)
    at emitOne (events.js:96:13)
    at Server.emit (events.js:188:7)
    at Server.<anonymous> (/Users/creator/workspace/furuida/node_modules/mongodb/lib/server.js:274:14)
    at emitOne (events.js:96:13)
    at Server.emit (events.js:188:7)
    at Pool.<anonymous> (/Users/creator/workspace/furuida/node_modules/mongodb-core/lib/topologies/server.js:335:12)
    at emitOne (events.js:96:13)
    at Pool.emit (events.js:188:7)
    at Connection.<anonymous> (/Users/creator/workspace/furuida/node_modules/mongodb-core/lib/connection/pool.js:270:12)
    at emitTwo (events.js:106:13)
    at Connection.emit (events.js:191:7)
    at Socket.<anonymous> (/Users/creator/workspace/furuida/node_modules/mongodb-core/lib/connection/connection.js:185:10)
    at Socket.g (events.js:291:16)
    at emitNone (events.js:86:13)
    at Socket.emit (events.js:185:7)
    at Socket._onTimeout (net.js:339:8)
    at ontimeout (timers.js:365:14)
    at tryOnTimeout (timers.js:237:5)
[2017-04-04 20:21:50.487] [ERROR] console - Connection Error: Error: connection timeout
    at Db.<anonymous> (/Users/creator/workspace/furuida/node_modules/mongoose/lib/drivers/node-mongodb-native/connection.js:169:17)
    at emitTwo (events.js:106:13)
    at Db.emit (events.js:191:7)
    at Server.listener (/Users/creator/workspace/furuida/node_modules/mongodb/lib/db.js:1798:14)
    at emitOne (events.js:96:13)
    at Server.emit (events.js:188:7)
    at Server.<anonymous> (/Users/creator/workspace/furuida/node_modules/mongodb/lib/server.js:274:14)
    at emitOne (events.js:96:13)
    at Server.emit (events.js:188:7)
    at Pool.<anonymous> (/Users/creator/workspace/furuida/node_modules/mongodb-core/lib/topologies/server.js:335:12)
    at emitOne (events.js:96:13)
    at Pool.emit (events.js:188:7)
    at Connection.<anonymous> (/Users/creator/workspace/furuida/node_modules/mongodb-core/lib/connection/pool.js:270:12)
    at emitTwo (events.js:106:13)
    at Connection.emit (events.js:191:7)
    at Socket.<anonymous> (/Users/creator/workspace/furuida/node_modules/mongodb-core/lib/connection/connection.js:185:10)
    at Socket.g (events.js:291:16)
    at emitNone (events.js:86:13)
    at Socket.emit (events.js:185:7)
    at Socket._onTimeout (net.js:339:8)
    at ontimeout (timers.js:365:14)
    at tryOnTimeout (timers.js:237:5)
[2017-04-04 20:32:10.340] [ERROR] console - Connection Error: Error: connection timeout
    at Db.<anonymous> (/Users/creator/workspace/furuida/node_modules/mongoose/lib/drivers/node-mongodb-native/connection.js:169:17)
    at emitTwo (events.js:106:13)
    at Db.emit (events.js:191:7)
    at Server.listener (/Users/creator/workspace/furuida/node_modules/mongodb/lib/db.js:1798:14)
    at emitOne (events.js:96:13)
    at Server.emit (events.js:188:7)
    at Server.<anonymous> (/Users/creator/workspace/furuida/node_modules/mongodb/lib/server.js:274:14)
    at emitOne (events.js:96:13)
    at Server.emit (events.js:188:7)
    at Pool.<anonymous> (/Users/creator/workspace/furuida/node_modules/mongodb-core/lib/topologies/server.js:335:12)
    at emitOne (events.js:96:13)
    at Pool.emit (events.js:188:7)
    at Connection.<anonymous> (/Users/creator/workspace/furuida/node_modules/mongodb-core/lib/connection/pool.js:270:12)
    at emitTwo (events.js:106:13)
    at Connection.emit (events.js:191:7)
    at Socket.<anonymous> (/Users/creator/workspace/furuida/node_modules/mongodb-core/lib/connection/connection.js:185:10)
    at Socket.g (events.js:291:16)
    at emitNone (events.js:86:13)
    at Socket.emit (events.js:185:7)
    at Socket._onTimeout (net.js:339:8)
    at ontimeout (timers.js:365:14)
    at tryOnTimeout (timers.js:237:5)
[2017-04-04 20:42:01.119] [ERROR] console - Connection Error: Error: connection timeout
    at Db.<anonymous> (/Users/creator/workspace/furuida/node_modules/mongoose/lib/drivers/node-mongodb-native/connection.js:169:17)
    at emitTwo (events.js:106:13)
    at Db.emit (events.js:191:7)
    at Server.listener (/Users/creator/workspace/furuida/node_modules/mongodb/lib/db.js:1798:14)
    at emitOne (events.js:96:13)
    at Server.emit (events.js:188:7)
    at Server.<anonymous> (/Users/creator/workspace/furuida/node_modules/mongodb/lib/server.js:274:14)
    at emitOne (events.js:96:13)
    at Server.emit (events.js:188:7)
    at Pool.<anonymous> (/Users/creator/workspace/furuida/node_modules/mongodb-core/lib/topologies/server.js:335:12)
    at emitOne (events.js:96:13)
    at Pool.emit (events.js:188:7)
    at Connection.<anonymous> (/Users/creator/workspace/furuida/node_modules/mongodb-core/lib/connection/pool.js:270:12)
    at emitTwo (events.js:106:13)
    at Connection.emit (events.js:191:7)
    at Socket.<anonymous> (/Users/creator/workspace/furuida/node_modules/mongodb-core/lib/connection/connection.js:185:10)
    at Socket.g (events.js:291:16)
    at emitNone (events.js:86:13)
    at Socket.emit (events.js:185:7)
    at Socket._onTimeout (net.js:339:8)
    at ontimeout (timers.js:365:14)
    at tryOnTimeout (timers.js:237:5)
[2017-04-04 20:46:56.987] [ERROR] console - Connection Error: Error: connection timeout
    at Db.<anonymous> (/Users/creator/workspace/furuida/node_modules/mongoose/lib/drivers/node-mongodb-native/connection.js:169:17)
    at emitTwo (events.js:106:13)
    at Db.emit (events.js:191:7)
    at Server.listener (/Users/creator/workspace/furuida/node_modules/mongodb/lib/db.js:1798:14)
    at emitOne (events.js:96:13)
    at Server.emit (events.js:188:7)
    at Server.<anonymous> (/Users/creator/workspace/furuida/node_modules/mongodb/lib/server.js:274:14)
    at emitOne (events.js:96:13)
    at Server.emit (events.js:188:7)
    at Pool.<anonymous> (/Users/creator/workspace/furuida/node_modules/mongodb-core/lib/topologies/server.js:335:12)
    at emitOne (events.js:96:13)
    at Pool.emit (events.js:188:7)
    at Connection.<anonymous> (/Users/creator/workspace/furuida/node_modules/mongodb-core/lib/connection/pool.js:270:12)
    at emitTwo (events.js:106:13)
    at Connection.emit (events.js:191:7)
    at Socket.<anonymous> (/Users/creator/workspace/furuida/node_modules/mongodb-core/lib/connection/connection.js:185:10)
    at Socket.g (events.js:291:16)
    at emitNone (events.js:86:13)
    at Socket.emit (events.js:185:7)
    at Socket._onTimeout (net.js:339:8)
    at ontimeout (timers.js:365:14)
    at tryOnTimeout (timers.js:237:5)
[2017-04-04 21:06:59.487] [ERROR] console - Connection Error: Error: connection timeout
    at Db.<anonymous> (/Users/creator/workspace/furuida/node_modules/mongoose/lib/drivers/node-mongodb-native/connection.js:169:17)
    at emitTwo (events.js:106:13)
    at Db.emit (events.js:191:7)
    at Server.listener (/Users/creator/workspace/furuida/node_modules/mongodb/lib/db.js:1798:14)
    at emitOne (events.js:96:13)
    at Server.emit (events.js:188:7)
    at Server.<anonymous> (/Users/creator/workspace/furuida/node_modules/mongodb/lib/server.js:274:14)
    at emitOne (events.js:96:13)
    at Server.emit (events.js:188:7)
    at Pool.<anonymous> (/Users/creator/workspace/furuida/node_modules/mongodb-core/lib/topologies/server.js:335:12)
    at emitOne (events.js:96:13)
    at Pool.emit (events.js:188:7)
    at Connection.<anonymous> (/Users/creator/workspace/furuida/node_modules/mongodb-core/lib/connection/pool.js:270:12)
    at emitTwo (events.js:106:13)
    at Connection.emit (events.js:191:7)
    at Socket.<anonymous> (/Users/creator/workspace/furuida/node_modules/mongodb-core/lib/connection/connection.js:185:10)
    at Socket.g (events.js:291:16)
    at emitNone (events.js:86:13)
    at Socket.emit (events.js:185:7)
    at Socket._onTimeout (net.js:339:8)
    at ontimeout (timers.js:365:14)
    at tryOnTimeout (timers.js:237:5)
[2017-04-04 21:12:01.440] [ERROR] console - Connection Error: Error: connection timeout
    at Db.<anonymous> (/Users/creator/workspace/furuida/node_modules/mongoose/lib/drivers/node-mongodb-native/connection.js:169:17)
    at emitTwo (events.js:106:13)
    at Db.emit (events.js:191:7)
    at Server.listener (/Users/creator/workspace/furuida/node_modules/mongodb/lib/db.js:1798:14)
    at emitOne (events.js:96:13)
    at Server.emit (events.js:188:7)
    at Server.<anonymous> (/Users/creator/workspace/furuida/node_modules/mongodb/lib/server.js:274:14)
    at emitOne (events.js:96:13)
    at Server.emit (events.js:188:7)
    at Pool.<anonymous> (/Users/creator/workspace/furuida/node_modules/mongodb-core/lib/topologies/server.js:335:12)
    at emitOne (events.js:96:13)
    at Pool.emit (events.js:188:7)
    at Connection.<anonymous> (/Users/creator/workspace/furuida/node_modules/mongodb-core/lib/connection/pool.js:270:12)
    at emitTwo (events.js:106:13)
    at Connection.emit (events.js:191:7)
    at Socket.<anonymous> (/Users/creator/workspace/furuida/node_modules/mongodb-core/lib/connection/connection.js:185:10)
    at Socket.g (events.js:291:16)
    at emitNone (events.js:86:13)
    at Socket.emit (events.js:185:7)
    at Socket._onTimeout (net.js:339:8)
    at ontimeout (timers.js:365:14)
    at tryOnTimeout (timers.js:237:5)
[2017-04-04 21:16:53.122] [ERROR] console - Connection Error: Error: connection timeout
    at Db.<anonymous> (/Users/creator/workspace/furuida/node_modules/mongoose/lib/drivers/node-mongodb-native/connection.js:169:17)
    at emitTwo (events.js:106:13)
    at Db.emit (events.js:191:7)
    at Server.listener (/Users/creator/workspace/furuida/node_modules/mongodb/lib/db.js:1798:14)
    at emitOne (events.js:96:13)
    at Server.emit (events.js:188:7)
    at Server.<anonymous> (/Users/creator/workspace/furuida/node_modules/mongodb/lib/server.js:274:14)
    at emitOne (events.js:96:13)
    at Server.emit (events.js:188:7)
    at Pool.<anonymous> (/Users/creator/workspace/furuida/node_modules/mongodb-core/lib/topologies/server.js:335:12)
    at emitOne (events.js:96:13)
    at Pool.emit (events.js:188:7)
    at Connection.<anonymous> (/Users/creator/workspace/furuida/node_modules/mongodb-core/lib/connection/pool.js:270:12)
    at emitTwo (events.js:106:13)
    at Connection.emit (events.js:191:7)
    at Socket.<anonymous> (/Users/creator/workspace/furuida/node_modules/mongodb-core/lib/connection/connection.js:185:10)
    at Socket.g (events.js:291:16)
    at emitNone (events.js:86:13)
    at Socket.emit (events.js:185:7)
    at Socket._onTimeout (net.js:339:8)
    at ontimeout (timers.js:365:14)
    at tryOnTimeout (timers.js:237:5)
[2017-04-04 21:21:50.850] [ERROR] console - Connection Error: Error: connection timeout
    at Db.<anonymous> (/Users/creator/workspace/furuida/node_modules/mongoose/lib/drivers/node-mongodb-native/connection.js:169:17)
    at emitTwo (events.js:106:13)
    at Db.emit (events.js:191:7)
    at Server.listener (/Users/creator/workspace/furuida/node_modules/mongodb/lib/db.js:1798:14)
    at emitOne (events.js:96:13)
    at Server.emit (events.js:188:7)
    at Server.<anonymous> (/Users/creator/workspace/furuida/node_modules/mongodb/lib/server.js:274:14)
    at emitOne (events.js:96:13)
    at Server.emit (events.js:188:7)
    at Pool.<anonymous> (/Users/creator/workspace/furuida/node_modules/mongodb-core/lib/topologies/server.js:335:12)
    at emitOne (events.js:96:13)
    at Pool.emit (events.js:188:7)
    at Connection.<anonymous> (/Users/creator/workspace/furuida/node_modules/mongodb-core/lib/connection/pool.js:270:12)
    at emitTwo (events.js:106:13)
    at Connection.emit (events.js:191:7)
    at Socket.<anonymous> (/Users/creator/workspace/furuida/node_modules/mongodb-core/lib/connection/connection.js:185:10)
    at Socket.g (events.js:291:16)
    at emitNone (events.js:86:13)
    at Socket.emit (events.js:185:7)
    at Socket._onTimeout (net.js:339:8)
    at ontimeout (timers.js:365:14)
    at tryOnTimeout (timers.js:237:5)
[2017-04-04 21:26:52.196] [ERROR] console - Connection Error: Error: connection timeout
    at Db.<anonymous> (/Users/creator/workspace/furuida/node_modules/mongoose/lib/drivers/node-mongodb-native/connection.js:169:17)
    at emitTwo (events.js:106:13)
    at Db.emit (events.js:191:7)
    at Server.listener (/Users/creator/workspace/furuida/node_modules/mongodb/lib/db.js:1798:14)
    at emitOne (events.js:96:13)
    at Server.emit (events.js:188:7)
    at Server.<anonymous> (/Users/creator/workspace/furuida/node_modules/mongodb/lib/server.js:274:14)
    at emitOne (events.js:96:13)
    at Server.emit (events.js:188:7)
    at Pool.<anonymous> (/Users/creator/workspace/furuida/node_modules/mongodb-core/lib/topologies/server.js:335:12)
    at emitOne (events.js:96:13)
    at Pool.emit (events.js:188:7)
    at Connection.<anonymous> (/Users/creator/workspace/furuida/node_modules/mongodb-core/lib/connection/pool.js:270:12)
    at emitTwo (events.js:106:13)
    at Connection.emit (events.js:191:7)
    at Socket.<anonymous> (/Users/creator/workspace/furuida/node_modules/mongodb-core/lib/connection/connection.js:185:10)
    at Socket.g (events.js:291:16)
    at emitNone (events.js:86:13)
    at Socket.emit (events.js:185:7)
    at Socket._onTimeout (net.js:339:8)
    at ontimeout (timers.js:365:14)
    at tryOnTimeout (timers.js:237:5)
[2017-04-04 21:27:10.924] [ERROR] console - Connection Error: Error: connection timeout
    at Db.<anonymous> (/Users/creator/workspace/furuida/node_modules/mongoose/lib/drivers/node-mongodb-native/connection.js:169:17)
    at emitTwo (events.js:106:13)
    at Db.emit (events.js:191:7)
    at Server.listener (/Users/creator/workspace/furuida/node_modules/mongodb/lib/db.js:1798:14)
    at emitOne (events.js:96:13)
    at Server.emit (events.js:188:7)
    at Server.<anonymous> (/Users/creator/workspace/furuida/node_modules/mongodb/lib/server.js:274:14)
    at emitOne (events.js:96:13)
    at Server.emit (events.js:188:7)
    at Pool.<anonymous> (/Users/creator/workspace/furuida/node_modules/mongodb-core/lib/topologies/server.js:335:12)
    at emitOne (events.js:96:13)
    at Pool.emit (events.js:188:7)
    at Connection.<anonymous> (/Users/creator/workspace/furuida/node_modules/mongodb-core/lib/connection/pool.js:270:12)
    at emitTwo (events.js:106:13)
    at Connection.emit (events.js:191:7)
    at Socket.<anonymous> (/Users/creator/workspace/furuida/node_modules/mongodb-core/lib/connection/connection.js:185:10)
    at Socket.g (events.js:291:16)
    at emitNone (events.js:86:13)
    at Socket.emit (events.js:185:7)
    at Socket._onTimeout (net.js:339:8)
    at ontimeout (timers.js:365:14)
    at tryOnTimeout (timers.js:237:5)
[2017-04-04 21:33:32.497] [ERROR] console - Connection Error: Error: connection timeout
    at Db.<anonymous> (/Users/creator/workspace/furuida/node_modules/mongoose/lib/drivers/node-mongodb-native/connection.js:169:17)
    at emitTwo (events.js:106:13)
    at Db.emit (events.js:191:7)
    at Server.listener (/Users/creator/workspace/furuida/node_modules/mongodb/lib/db.js:1798:14)
    at emitOne (events.js:96:13)
    at Server.emit (events.js:188:7)
    at Server.<anonymous> (/Users/creator/workspace/furuida/node_modules/mongodb/lib/server.js:274:14)
    at emitOne (events.js:96:13)
    at Server.emit (events.js:188:7)
    at Pool.<anonymous> (/Users/creator/workspace/furuida/node_modules/mongodb-core/lib/topologies/server.js:335:12)
    at emitOne (events.js:96:13)
    at Pool.emit (events.js:188:7)
    at Connection.<anonymous> (/Users/creator/workspace/furuida/node_modules/mongodb-core/lib/connection/pool.js:270:12)
    at emitTwo (events.js:106:13)
    at Connection.emit (events.js:191:7)
    at Socket.<anonymous> (/Users/creator/workspace/furuida/node_modules/mongodb-core/lib/connection/connection.js:185:10)
    at Socket.g (events.js:291:16)
    at emitNone (events.js:86:13)
    at Socket.emit (events.js:185:7)
    at Socket._onTimeout (net.js:339:8)
    at ontimeout (timers.js:365:14)
    at tryOnTimeout (timers.js:237:5)
[2017-04-04 21:43:07.679] [ERROR] console - Connection Error: Error: connection timeout
    at Db.<anonymous> (/Users/creator/workspace/furuida/node_modules/mongoose/lib/drivers/node-mongodb-native/connection.js:169:17)
    at emitTwo (events.js:106:13)
    at Db.emit (events.js:191:7)
    at Server.listener (/Users/creator/workspace/furuida/node_modules/mongodb/lib/db.js:1798:14)
    at emitOne (events.js:96:13)
    at Server.emit (events.js:188:7)
    at Server.<anonymous> (/Users/creator/workspace/furuida/node_modules/mongodb/lib/server.js:274:14)
    at emitOne (events.js:96:13)
    at Server.emit (events.js:188:7)
    at Pool.<anonymous> (/Users/creator/workspace/furuida/node_modules/mongodb-core/lib/topologies/server.js:335:12)
    at emitOne (events.js:96:13)
    at Pool.emit (events.js:188:7)
    at Connection.<anonymous> (/Users/creator/workspace/furuida/node_modules/mongodb-core/lib/connection/pool.js:270:12)
    at emitTwo (events.js:106:13)
    at Connection.emit (events.js:191:7)
    at Socket.<anonymous> (/Users/creator/workspace/furuida/node_modules/mongodb-core/lib/connection/connection.js:185:10)
    at Socket.g (events.js:291:16)
    at emitNone (events.js:86:13)
    at Socket.emit (events.js:185:7)
    at Socket._onTimeout (net.js:339:8)
    at ontimeout (timers.js:365:14)
    at tryOnTimeout (timers.js:237:5)
[2017-04-04 21:48:21.727] [ERROR] console - Connection Error: Error: connection timeout
    at Db.<anonymous> (/Users/creator/workspace/furuida/node_modules/mongoose/lib/drivers/node-mongodb-native/connection.js:169:17)
    at emitTwo (events.js:106:13)
    at Db.emit (events.js:191:7)
    at Server.listener (/Users/creator/workspace/furuida/node_modules/mongodb/lib/db.js:1798:14)
    at emitOne (events.js:96:13)
    at Server.emit (events.js:188:7)
    at Server.<anonymous> (/Users/creator/workspace/furuida/node_modules/mongodb/lib/server.js:274:14)
    at emitOne (events.js:96:13)
    at Server.emit (events.js:188:7)
    at Pool.<anonymous> (/Users/creator/workspace/furuida/node_modules/mongodb-core/lib/topologies/server.js:335:12)
    at emitOne (events.js:96:13)
    at Pool.emit (events.js:188:7)
    at Connection.<anonymous> (/Users/creator/workspace/furuida/node_modules/mongodb-core/lib/connection/pool.js:270:12)
    at emitTwo (events.js:106:13)
    at Connection.emit (events.js:191:7)
    at Socket.<anonymous> (/Users/creator/workspace/furuida/node_modules/mongodb-core/lib/connection/connection.js:185:10)
    at Socket.g (events.js:291:16)
    at emitNone (events.js:86:13)
    at Socket.emit (events.js:185:7)
    at Socket._onTimeout (net.js:339:8)
    at ontimeout (timers.js:365:14)
    at tryOnTimeout (timers.js:237:5)
[2017-04-04 21:53:27.455] [ERROR] console - Connection Error: Error: connection timeout
    at Db.<anonymous> (/Users/creator/workspace/furuida/node_modules/mongoose/lib/drivers/node-mongodb-native/connection.js:169:17)
    at emitTwo (events.js:106:13)
    at Db.emit (events.js:191:7)
    at Server.listener (/Users/creator/workspace/furuida/node_modules/mongodb/lib/db.js:1798:14)
    at emitOne (events.js:96:13)
    at Server.emit (events.js:188:7)
    at Server.<anonymous> (/Users/creator/workspace/furuida/node_modules/mongodb/lib/server.js:274:14)
    at emitOne (events.js:96:13)
    at Server.emit (events.js:188:7)
    at Pool.<anonymous> (/Users/creator/workspace/furuida/node_modules/mongodb-core/lib/topologies/server.js:335:12)
    at emitOne (events.js:96:13)
    at Pool.emit (events.js:188:7)
    at Connection.<anonymous> (/Users/creator/workspace/furuida/node_modules/mongodb-core/lib/connection/pool.js:270:12)
    at emitTwo (events.js:106:13)
    at Connection.emit (events.js:191:7)
    at Socket.<anonymous> (/Users/creator/workspace/furuida/node_modules/mongodb-core/lib/connection/connection.js:185:10)
    at Socket.g (events.js:291:16)
    at emitNone (events.js:86:13)
    at Socket.emit (events.js:185:7)
    at Socket._onTimeout (net.js:339:8)
    at ontimeout (timers.js:365:14)
    at tryOnTimeout (timers.js:237:5)
[2017-04-04 22:33:24.439] [ERROR] console - Connection Error: Error: connection timeout
    at Db.<anonymous> (/Users/creator/workspace/furuida/node_modules/mongoose/lib/drivers/node-mongodb-native/connection.js:169:17)
    at emitTwo (events.js:106:13)
    at Db.emit (events.js:191:7)
    at Server.listener (/Users/creator/workspace/furuida/node_modules/mongodb/lib/db.js:1798:14)
    at emitOne (events.js:96:13)
    at Server.emit (events.js:188:7)
    at Server.<anonymous> (/Users/creator/workspace/furuida/node_modules/mongodb/lib/server.js:274:14)
    at emitOne (events.js:96:13)
    at Server.emit (events.js:188:7)
    at Pool.<anonymous> (/Users/creator/workspace/furuida/node_modules/mongodb-core/lib/topologies/server.js:335:12)
    at emitOne (events.js:96:13)
    at Pool.emit (events.js:188:7)
    at Connection.<anonymous> (/Users/creator/workspace/furuida/node_modules/mongodb-core/lib/connection/pool.js:270:12)
    at emitTwo (events.js:106:13)
    at Connection.emit (events.js:191:7)
    at Socket.<anonymous> (/Users/creator/workspace/furuida/node_modules/mongodb-core/lib/connection/connection.js:185:10)
    at Socket.g (events.js:291:16)
    at emitNone (events.js:86:13)
    at Socket.emit (events.js:185:7)
    at Socket._onTimeout (net.js:339:8)
    at ontimeout (timers.js:365:14)
    at tryOnTimeout (timers.js:237:5)
[2017-04-04 22:38:46.370] [ERROR] console - Connection Error: Error: connection timeout
    at Db.<anonymous> (/Users/creator/workspace/furuida/node_modules/mongoose/lib/drivers/node-mongodb-native/connection.js:169:17)
    at emitTwo (events.js:106:13)
    at Db.emit (events.js:191:7)
    at Server.listener (/Users/creator/workspace/furuida/node_modules/mongodb/lib/db.js:1798:14)
    at emitOne (events.js:96:13)
    at Server.emit (events.js:188:7)
    at Server.<anonymous> (/Users/creator/workspace/furuida/node_modules/mongodb/lib/server.js:274:14)
    at emitOne (events.js:96:13)
    at Server.emit (events.js:188:7)
    at Pool.<anonymous> (/Users/creator/workspace/furuida/node_modules/mongodb-core/lib/topologies/server.js:335:12)
    at emitOne (events.js:96:13)
    at Pool.emit (events.js:188:7)
    at Connection.<anonymous> (/Users/creator/workspace/furuida/node_modules/mongodb-core/lib/connection/pool.js:270:12)
    at emitTwo (events.js:106:13)
    at Connection.emit (events.js:191:7)
    at Socket.<anonymous> (/Users/creator/workspace/furuida/node_modules/mongodb-core/lib/connection/connection.js:185:10)
    at Socket.g (events.js:291:16)
    at emitNone (events.js:86:13)
    at Socket.emit (events.js:185:7)
    at Socket._onTimeout (net.js:339:8)
    at ontimeout (timers.js:365:14)
    at tryOnTimeout (timers.js:237:5)
[2017-04-04 22:48:25.125] [ERROR] console - Connection Error: Error: connection timeout
    at Db.<anonymous> (/Users/creator/workspace/furuida/node_modules/mongoose/lib/drivers/node-mongodb-native/connection.js:169:17)
    at emitTwo (events.js:106:13)
    at Db.emit (events.js:191:7)
    at Server.listener (/Users/creator/workspace/furuida/node_modules/mongodb/lib/db.js:1798:14)
    at emitOne (events.js:96:13)
    at Server.emit (events.js:188:7)
    at Server.<anonymous> (/Users/creator/workspace/furuida/node_modules/mongodb/lib/server.js:274:14)
    at emitOne (events.js:96:13)
    at Server.emit (events.js:188:7)
    at Pool.<anonymous> (/Users/creator/workspace/furuida/node_modules/mongodb-core/lib/topologies/server.js:335:12)
    at emitOne (events.js:96:13)
    at Pool.emit (events.js:188:7)
    at Connection.<anonymous> (/Users/creator/workspace/furuida/node_modules/mongodb-core/lib/connection/pool.js:270:12)
    at emitTwo (events.js:106:13)
    at Connection.emit (events.js:191:7)
    at Socket.<anonymous> (/Users/creator/workspace/furuida/node_modules/mongodb-core/lib/connection/connection.js:185:10)
    at Socket.g (events.js:291:16)
    at emitNone (events.js:86:13)
    at Socket.emit (events.js:185:7)
    at Socket._onTimeout (net.js:339:8)
    at ontimeout (timers.js:365:14)
    at tryOnTimeout (timers.js:237:5)
[2017-04-04 22:53:25.312] [ERROR] console - Connection Error: Error: connection timeout
    at Db.<anonymous> (/Users/creator/workspace/furuida/node_modules/mongoose/lib/drivers/node-mongodb-native/connection.js:169:17)
    at emitTwo (events.js:106:13)
    at Db.emit (events.js:191:7)
    at Server.listener (/Users/creator/workspace/furuida/node_modules/mongodb/lib/db.js:1798:14)
    at emitOne (events.js:96:13)
    at Server.emit (events.js:188:7)
    at Server.<anonymous> (/Users/creator/workspace/furuida/node_modules/mongodb/lib/server.js:274:14)
    at emitOne (events.js:96:13)
    at Server.emit (events.js:188:7)
    at Pool.<anonymous> (/Users/creator/workspace/furuida/node_modules/mongodb-core/lib/topologies/server.js:335:12)
    at emitOne (events.js:96:13)
    at Pool.emit (events.js:188:7)
    at Connection.<anonymous> (/Users/creator/workspace/furuida/node_modules/mongodb-core/lib/connection/pool.js:270:12)
    at emitTwo (events.js:106:13)
    at Connection.emit (events.js:191:7)
    at Socket.<anonymous> (/Users/creator/workspace/furuida/node_modules/mongodb-core/lib/connection/connection.js:185:10)
    at Socket.g (events.js:291:16)
    at emitNone (events.js:86:13)
    at Socket.emit (events.js:185:7)
    at Socket._onTimeout (net.js:339:8)
    at ontimeout (timers.js:365:14)
    at tryOnTimeout (timers.js:237:5)
[2017-04-04 22:58:25.331] [ERROR] console - Connection Error: Error: connection timeout
    at Db.<anonymous> (/Users/creator/workspace/furuida/node_modules/mongoose/lib/drivers/node-mongodb-native/connection.js:169:17)
    at emitTwo (events.js:106:13)
    at Db.emit (events.js:191:7)
    at Server.listener (/Users/creator/workspace/furuida/node_modules/mongodb/lib/db.js:1798:14)
    at emitOne (events.js:96:13)
    at Server.emit (events.js:188:7)
    at Server.<anonymous> (/Users/creator/workspace/furuida/node_modules/mongodb/lib/server.js:274:14)
    at emitOne (events.js:96:13)
    at Server.emit (events.js:188:7)
    at Pool.<anonymous> (/Users/creator/workspace/furuida/node_modules/mongodb-core/lib/topologies/server.js:335:12)
    at emitOne (events.js:96:13)
    at Pool.emit (events.js:188:7)
    at Connection.<anonymous> (/Users/creator/workspace/furuida/node_modules/mongodb-core/lib/connection/pool.js:270:12)
    at emitTwo (events.js:106:13)
    at Connection.emit (events.js:191:7)
    at Socket.<anonymous> (/Users/creator/workspace/furuida/node_modules/mongodb-core/lib/connection/connection.js:185:10)
    at Socket.g (events.js:291:16)
    at emitNone (events.js:86:13)
    at Socket.emit (events.js:185:7)
    at Socket._onTimeout (net.js:339:8)
    at ontimeout (timers.js:365:14)
    at tryOnTimeout (timers.js:237:5)
[2017-04-04 23:23:33.030] [ERROR] console - Connection Error: Error: connection timeout
    at Db.<anonymous> (/Users/creator/workspace/furuida/node_modules/mongoose/lib/drivers/node-mongodb-native/connection.js:169:17)
    at emitTwo (events.js:106:13)
    at Db.emit (events.js:191:7)
    at Server.listener (/Users/creator/workspace/furuida/node_modules/mongodb/lib/db.js:1798:14)
    at emitOne (events.js:96:13)
    at Server.emit (events.js:188:7)
    at Server.<anonymous> (/Users/creator/workspace/furuida/node_modules/mongodb/lib/server.js:274:14)
    at emitOne (events.js:96:13)
    at Server.emit (events.js:188:7)
    at Pool.<anonymous> (/Users/creator/workspace/furuida/node_modules/mongodb-core/lib/topologies/server.js:335:12)
    at emitOne (events.js:96:13)
    at Pool.emit (events.js:188:7)
    at Connection.<anonymous> (/Users/creator/workspace/furuida/node_modules/mongodb-core/lib/connection/pool.js:270:12)
    at emitTwo (events.js:106:13)
    at Connection.emit (events.js:191:7)
    at Socket.<anonymous> (/Users/creator/workspace/furuida/node_modules/mongodb-core/lib/connection/connection.js:185:10)
    at Socket.g (events.js:291:16)
    at emitNone (events.js:86:13)
    at Socket.emit (events.js:185:7)
    at Socket._onTimeout (net.js:339:8)
    at ontimeout (timers.js:365:14)
    at tryOnTimeout (timers.js:237:5)
[2017-04-04 23:32:21.642] [ERROR] console - Connection Error: Error: connection timeout
    at Db.<anonymous> (/Users/creator/workspace/furuida/node_modules/mongoose/lib/drivers/node-mongodb-native/connection.js:169:17)
    at emitTwo (events.js:106:13)
    at Db.emit (events.js:191:7)
    at Server.listener (/Users/creator/workspace/furuida/node_modules/mongodb/lib/db.js:1798:14)
    at emitOne (events.js:96:13)
    at Server.emit (events.js:188:7)
    at Server.<anonymous> (/Users/creator/workspace/furuida/node_modules/mongodb/lib/server.js:274:14)
    at emitOne (events.js:96:13)
    at Server.emit (events.js:188:7)
    at Pool.<anonymous> (/Users/creator/workspace/furuida/node_modules/mongodb-core/lib/topologies/server.js:335:12)
    at emitOne (events.js:96:13)
    at Pool.emit (events.js:188:7)
    at Connection.<anonymous> (/Users/creator/workspace/furuida/node_modules/mongodb-core/lib/connection/pool.js:270:12)
    at emitTwo (events.js:106:13)
    at Connection.emit (events.js:191:7)
    at Socket.<anonymous> (/Users/creator/workspace/furuida/node_modules/mongodb-core/lib/connection/connection.js:185:10)
    at Socket.g (events.js:291:16)
    at emitNone (events.js:86:13)
    at Socket.emit (events.js:185:7)
    at Socket._onTimeout (net.js:339:8)
    at ontimeout (timers.js:365:14)
    at tryOnTimeout (timers.js:237:5)
[2017-04-04 23:33:24.141] [ERROR] console - Connection Error: Error: connection timeout
    at Db.<anonymous> (/Users/creator/workspace/furuida/node_modules/mongoose/lib/drivers/node-mongodb-native/connection.js:169:17)
    at emitTwo (events.js:106:13)
    at Db.emit (events.js:191:7)
    at Server.listener (/Users/creator/workspace/furuida/node_modules/mongodb/lib/db.js:1798:14)
    at emitOne (events.js:96:13)
    at Server.emit (events.js:188:7)
    at Server.<anonymous> (/Users/creator/workspace/furuida/node_modules/mongodb/lib/server.js:274:14)
    at emitOne (events.js:96:13)
    at Server.emit (events.js:188:7)
    at Pool.<anonymous> (/Users/creator/workspace/furuida/node_modules/mongodb-core/lib/topologies/server.js:335:12)
    at emitOne (events.js:96:13)
    at Pool.emit (events.js:188:7)
    at Connection.<anonymous> (/Users/creator/workspace/furuida/node_modules/mongodb-core/lib/connection/pool.js:270:12)
    at emitTwo (events.js:106:13)
    at Connection.emit (events.js:191:7)
    at Socket.<anonymous> (/Users/creator/workspace/furuida/node_modules/mongodb-core/lib/connection/connection.js:185:10)
    at Socket.g (events.js:291:16)
    at emitNone (events.js:86:13)
    at Socket.emit (events.js:185:7)
    at Socket._onTimeout (net.js:339:8)
    at ontimeout (timers.js:365:14)
    at tryOnTimeout (timers.js:237:5)
[2017-04-04 23:38:24.936] [ERROR] console - Connection Error: Error: connection timeout
    at Db.<anonymous> (/Users/creator/workspace/furuida/node_modules/mongoose/lib/drivers/node-mongodb-native/connection.js:169:17)
    at emitTwo (events.js:106:13)
    at Db.emit (events.js:191:7)
    at Server.listener (/Users/creator/workspace/furuida/node_modules/mongodb/lib/db.js:1798:14)
    at emitOne (events.js:96:13)
    at Server.emit (events.js:188:7)
    at Server.<anonymous> (/Users/creator/workspace/furuida/node_modules/mongodb/lib/server.js:274:14)
    at emitOne (events.js:96:13)
    at Server.emit (events.js:188:7)
    at Pool.<anonymous> (/Users/creator/workspace/furuida/node_modules/mongodb-core/lib/topologies/server.js:335:12)
    at emitOne (events.js:96:13)
    at Pool.emit (events.js:188:7)
    at Connection.<anonymous> (/Users/creator/workspace/furuida/node_modules/mongodb-core/lib/connection/pool.js:270:12)
    at emitTwo (events.js:106:13)
    at Connection.emit (events.js:191:7)
    at Socket.<anonymous> (/Users/creator/workspace/furuida/node_modules/mongodb-core/lib/connection/connection.js:185:10)
    at Socket.g (events.js:291:16)
    at emitNone (events.js:86:13)
    at Socket.emit (events.js:185:7)
    at Socket._onTimeout (net.js:339:8)
    at ontimeout (timers.js:365:14)
    at tryOnTimeout (timers.js:237:5)
[2017-04-04 23:44:06.159] [ERROR] console - Connection Error: Error: connection timeout
    at Db.<anonymous> (/Users/creator/workspace/furuida/node_modules/mongoose/lib/drivers/node-mongodb-native/connection.js:169:17)
    at emitTwo (events.js:106:13)
    at Db.emit (events.js:191:7)
    at Server.listener (/Users/creator/workspace/furuida/node_modules/mongodb/lib/db.js:1798:14)
    at emitOne (events.js:96:13)
    at Server.emit (events.js:188:7)
    at Server.<anonymous> (/Users/creator/workspace/furuida/node_modules/mongodb/lib/server.js:274:14)
    at emitOne (events.js:96:13)
    at Server.emit (events.js:188:7)
    at Pool.<anonymous> (/Users/creator/workspace/furuida/node_modules/mongodb-core/lib/topologies/server.js:335:12)
    at emitOne (events.js:96:13)
    at Pool.emit (events.js:188:7)
    at Connection.<anonymous> (/Users/creator/workspace/furuida/node_modules/mongodb-core/lib/connection/pool.js:270:12)
    at emitTwo (events.js:106:13)
    at Connection.emit (events.js:191:7)
    at Socket.<anonymous> (/Users/creator/workspace/furuida/node_modules/mongodb-core/lib/connection/connection.js:185:10)
    at Socket.g (events.js:291:16)
    at emitNone (events.js:86:13)
    at Socket.emit (events.js:185:7)
    at Socket._onTimeout (net.js:339:8)
    at ontimeout (timers.js:365:14)
    at tryOnTimeout (timers.js:237:5)
[2017-04-04 23:54:00.629] [ERROR] console - Connection Error: Error: connection timeout
    at Db.<anonymous> (/Users/creator/workspace/furuida/node_modules/mongoose/lib/drivers/node-mongodb-native/connection.js:169:17)
    at emitTwo (events.js:106:13)
    at Db.emit (events.js:191:7)
    at Server.listener (/Users/creator/workspace/furuida/node_modules/mongodb/lib/db.js:1798:14)
    at emitOne (events.js:96:13)
    at Server.emit (events.js:188:7)
    at Server.<anonymous> (/Users/creator/workspace/furuida/node_modules/mongodb/lib/server.js:274:14)
    at emitOne (events.js:96:13)
    at Server.emit (events.js:188:7)
    at Pool.<anonymous> (/Users/creator/workspace/furuida/node_modules/mongodb-core/lib/topologies/server.js:335:12)
    at emitOne (events.js:96:13)
    at Pool.emit (events.js:188:7)
    at Connection.<anonymous> (/Users/creator/workspace/furuida/node_modules/mongodb-core/lib/connection/pool.js:270:12)
    at emitTwo (events.js:106:13)
    at Connection.emit (events.js:191:7)
    at Socket.<anonymous> (/Users/creator/workspace/furuida/node_modules/mongodb-core/lib/connection/connection.js:185:10)
    at Socket.g (events.js:291:16)
    at emitNone (events.js:86:13)
    at Socket.emit (events.js:185:7)
    at Socket._onTimeout (net.js:339:8)
    at ontimeout (timers.js:365:14)
    at tryOnTimeout (timers.js:237:5)
